

<!DOCTYPE html>
<html>
<head>
<meta charset="UTF-8">
<meta name="viewport" content="width=device-width, initial-scale=1, shrink-to-fit=no">
<title>Automation Test Report</title>
<link rel="apple-touch-icon" href="https://cdn.jsdelivr.net/gh/extent-framework/extent-github-cdn@b00a2d0486596e73dd7326beacf352c639623a0e/commons/img/logo.png">
<link rel="shortcut icon" href="https://cdn.jsdelivr.net/gh/extent-framework/extent-github-cdn@b00a2d0486596e73dd7326beacf352c639623a0e/commons/img/logo.png">
<link href="https://cdn.jsdelivr.net/gh/extent-framework/extent-github-cdn@ce8b10435bcbae260c334c0d0c6b61d2c19b6168/spark/css/spark-style.css" rel="stylesheet" />
<link href="https://stackpath.bootstrapcdn.com/font-awesome/4.7.0/css/font-awesome.min.css" rel="stylesheet">
<script src="https://cdn.jsdelivr.net/gh/extent-framework/extent-github-cdn@7cc78ce/spark/js/jsontree.js"></script>
<style type="text/css"></style></head><body class="spa -report dark">
  <div class="app">
    <div class="layout">
<div class="header navbar">
<div class="vheader">
<div class="nav-logo">
<a href="#">
<div class="logo" style="background-image: url('https://cdn.jsdelivr.net/gh/extent-framework/extent-github-cdn@b00a2d0486596e73dd7326beacf352c639623a0e/commons/img/logo.png')"></div>
</a>
</div>
<ul class="nav-left">
<li class="search-box">
<a class="search-toggle" href="#">
<i class="search-icon fa fa-search"></i>
<i class="search-icon-close fa fa-close"></i>
</a>
</li>
<li class="search-input"><input id="search-tests" class="form-control" type="text" placeholder="Search..."></li>
</ul>
<ul class="nav-right">
<li class="m-r-10">
<a href="#"><span class="badge badge-primary">Functional Test Execution</span></a>
</li>
<li class="m-r-10">
<a href="#"><span class="badge badge-primary">Nov 5, 2025 02:44:02 pm</span></a>
</li>
</ul>
</div>
</div><div class="side-nav">
<div class="side-nav-inner">
<ul class="side-nav-menu">
<li class="nav-item dropdown" onclick="toggleView('test-view')">
<a id="nav-test" class="dropdown-toggle" href="#">
<span class="ico"><i class="fa fa-list"></i></span>
</a>
</li>
<li class="nav-item dropdown" onclick="toggleView('category-view')">
<a id="nav-category" class="dropdown-toggle" href="#">
<span class="ico"><i class="fa fa-tag"></i></span>
</a>
</li>
<li class="nav-item dropdown" onclick="toggleView('dashboard-view')">
<a id="nav-dashboard" class="dropdown-toggle" href="#">
<span class="ico"><i class="fa fa-bar-chart"></i></span>
</a>
</li>
</ul>
</div>
</div>      <div class="vcontainer">
        <div class="main-content">
<div class="test-wrapper row view test-view">
  <div class="test-list">
    <div class="test-list-tools">
<ul class="tools pull-left">
<li><a href="#"><span class="font-size-14">Tests</span></a></li>
</ul>
<ul class="tools text-right">
<li class="dropdown">
<a href="#" class="dropdown-toggle" data-toggle="dropdown"><i class="fa fa-exclamation-circle"></i></a>
<ul id="status-toggle" class="dropdown-menu dropdown-md p-v-0">
<a class="dropdown-item" status="pass" href="#"><span>Pass</span><span class="status success"></span></a>
<a class="dropdown-item" status="fail" href="#"><span>Fail</span><span class="status danger"></span></a>
<a class="dropdown-item" status="skip" href="#"><span>Skip</span><span class="status warning"></span></a>
<div class="dropdown-divider"></div>
<a status="clear" class="dropdown-item" href="#"><span>Clear</span><span class="pull-right"><i class="fa fa-close"></i></span></a>
</ul>
</li>
<li class="dropdown">
<a href="#" class="dropdown-toggle" data-toggle="dropdown"><i class="fa fa-tag"></i></a>
<ul id="tag-toggle" class="dropdown-menu dropdown-md p-v-0">
<a class="dropdown-item" href="#">testCases.Regression_Testing_Script</a>
</ul>
</li>
</ul>
</div>    <div class="test-list-wrapper scrollable">
      <ul class="test-list-item">
        <li class="test-item"  status="fail" test-id="1"
          author=""
          tag="testCases.Regression_Testing_Script"
          device="">
          <div class="test-detail">
            <p class="name">loginSetup</p>
            <p class="text-sm">
              <span>2:44:07 pm</span> / <span>00:01:57:238</span>
              <span class="badge fail-bg log float-right">Fail</span>
            </p>
          </div>
          <div class="test-contents d-none">
<div class="detail-head">
<div class="p-v-10">
<div class="info">
<h5 class="test-status text-fail">loginSetup</h5>
<span class='badge badge-success'>11.05.2025 2:44:07 pm</span>
<span class='badge badge-danger'>11.05.2025 2:46:04 pm</span>
<span class='badge badge-default'>00:01:57:238</span>
&middot; <span class='uri-anchor badge badge-default'>#test-id=1</span>
<span title='Skip to the next failed step' class='badge badge-danger pointer float-right ne ml-1'><i class="fa fa-fast-forward"></i></span>
<span title='Collapse all nodes' class='badge badge-default pointer float-right ct ml-1'><i class="fa fa-compress"></i></span>
<span title='Expand all nodes' class='badge badge-default pointer float-right et'><i class="fa fa-expand"></i></span>
</div>
<div class="m-t-15"><span class="badge badge-pill badge-default">testCases.Regression_Testing_Script</span></div>
</div>
</div>    <div class="row mb-3"><div class="col-md-3">
    

<img data-featherlight='../Screenshot/2025.11.05.14.44.07_20251105144530.png' src="../Screenshot/2025.11.05.14.44.07_20251105144530.png">
  
    

    </div></div>
<div class="detail-body mt-4">
<table class="table table-sm">
  <thead><tr><th class="status-col">Status</th><th class="timestamp-col">Timestamp</th><th class="details-col">Details</th></tr></thead>
  <tbody>
      <tr class="event-row">
        <td><span class="badge log pass-bg">Pass</span></td>
        <td>2:44:07 pm</td>
        <td>
          Clicked on **Login** button successfully.
        </td>
      </tr>
      <tr class="event-row">
        <td><span class="badge log pass-bg">Pass</span></td>
        <td>2:44:07 pm</td>
        <td>
          'Please Check the Fields!' is present on the page.
        </td>
      </tr>
      <tr class="event-row">
        <td><span class="badge log pass-bg">Pass</span></td>
        <td>2:44:08 pm</td>
        <td>
          Clicked on **Message Close** button successfully.
        </td>
      </tr>
      <tr class="event-row">
        <td><span class="badge log pass-bg">Pass</span></td>
        <td>2:44:08 pm</td>
        <td>
          'This is required' is present on the page.
        </td>
      </tr>
      <tr class="event-row">
        <td><span class="badge log pass-bg">Pass</span></td>
        <td>2:44:08 pm</td>
        <td>
          Entered **aaaaaaaaaaaaaaaaaaaaaaaaaaaaaaaaaaaaaaaaaaaaaaaaaaaaaaaaaaaaaaaaaaaaaaaaaaaaaaaaaaaaaaaaaaaaaaaaaaaaa** into **Username** textbox successfully.
        </td>
      </tr>
      <tr class="event-row">
        <td><span class="badge log pass-bg">Pass</span></td>
        <td>2:44:08 pm</td>
        <td>
          Entered **aaaaaaaaaaaaaaaaaaaaaaaaaaaaaaaaaaaaaaaaaaaaaaaaaaaaaaaaaaaaaaaaaaaaaaaaaaaaaaaaaaaaaaaaaaaaaaaaaaaaa** into **Password** textbox successfully.
        </td>
      </tr>
      <tr class="event-row">
        <td><span class="badge log pass-bg">Pass</span></td>
        <td>2:44:08 pm</td>
        <td>
          'Maxlength is 100' is present on the page.
        </td>
      </tr>
      <tr class="event-row">
        <td><span class="badge log pass-bg">Pass</span></td>
        <td>2:44:08 pm</td>
        <td>
          Entered **123@polestarllp.com** into **Username** textbox successfully.
        </td>
      </tr>
      <tr class="event-row">
        <td><span class="badge log pass-bg">Pass</span></td>
        <td>2:44:08 pm</td>
        <td>
          Entered **123** into **Password** textbox successfully.
        </td>
      </tr>
      <tr class="event-row">
        <td><span class="badge log pass-bg">Pass</span></td>
        <td>2:44:09 pm</td>
        <td>
          Clicked on **Login** button successfully.
        </td>
      </tr>
      <tr class="event-row">
        <td><span class="badge log fail-bg">Fail</span></td>
        <td>2:44:49 pm</td>
        <td>
          Failed to click on **Message Close** button. Exception: Expected condition failed: waiting for element to be clickable: Proxy element for: DefaultElementLocator 'By.xpath: //button[contains(@class,'icon-close')]' (tried for 20 second(s) with 500 milliseconds interval)
        </td>
      </tr>
      <tr class="event-row">
        <td><span class="badge log pass-bg">Pass</span></td>
        <td>2:44:49 pm</td>
        <td>
          Entered **ankit@polestarllp.com** into **Username** textbox successfully.
        </td>
      </tr>
      <tr class="event-row">
        <td><span class="badge log pass-bg">Pass</span></td>
        <td>2:44:50 pm</td>
        <td>
          Entered **123** into **Password** textbox successfully.
        </td>
      </tr>
      <tr class="event-row">
        <td><span class="badge log pass-bg">Pass</span></td>
        <td>2:44:50 pm</td>
        <td>
          Clicked on **Login** button successfully.
        </td>
      </tr>
      <tr class="event-row">
        <td><span class="badge log fail-bg">Fail</span></td>
        <td>2:45:30 pm</td>
        <td>
          'Element' is not present. Exception: Expected condition failed: waiting for visibility of Proxy element for: DefaultElementLocator 'By.xpath: //p[text()='Invalid credentials']' (tried for 20 second(s) with 500 milliseconds interval)
        </td>
      </tr>
      <tr class="event-row">
        <td><span class="badge log fail-bg">Fail</span></td>
        <td>2:46:01 pm</td>
        <td>
          Failed to click on **Message Close** button. Exception: Expected condition failed: waiting for element to be clickable: Proxy element for: DefaultElementLocator 'By.xpath: //button[contains(@class,'icon-close')]' (tried for 20 second(s) with 500 milliseconds interval)
        </td>
      </tr>
      <tr class="event-row">
        <td><span class="badge log pass-bg">Pass</span></td>
        <td>2:46:02 pm</td>
        <td>
          Entered **ankit@polestarllp.com** into **Username** textbox successfully.
        </td>
      </tr>
      <tr class="event-row">
        <td><span class="badge log pass-bg">Pass</span></td>
        <td>2:46:02 pm</td>
        <td>
          Entered **ankit@123** into **Password** textbox successfully.
        </td>
      </tr>
      <tr class="event-row">
        <td><span class="badge log pass-bg">Pass</span></td>
        <td>2:46:02 pm</td>
        <td>
          Clicked on **Login** button successfully.
        </td>
      </tr>
      <tr class="event-row">
        <td><span class="badge log pass-bg">Pass</span></td>
        <td>2:46:04 pm</td>
        <td>
          Successful Login messageLogged In Successfully. is present
        </td>
      </tr>
      <tr class="event-row">
        <td><span class="badge log pass-bg">Pass</span></td>
        <td>2:46:04 pm</td>
        <td>
          loginSetup passed successfully.
        </td>
      </tr>
  </tbody>
</table>
</div>
          </div>
        </li>
        <li class="test-item"  status="pass" test-id="2"
          author=""
          tag="testCases.Regression_Testing_Script"
          device="">
          <div class="test-detail">
            <p class="name">dataNexusHomePageNavigation</p>
            <p class="text-sm">
              <span>2:46:04 pm</span> / <span>00:00:00:048</span>
              <span class="badge pass-bg log float-right">Pass</span>
            </p>
          </div>
          <div class="test-contents d-none">
<div class="detail-head">
<div class="p-v-10">
<div class="info">
<h5 class="test-status text-pass">dataNexusHomePageNavigation</h5>
<span class='badge badge-success'>11.05.2025 2:46:04 pm</span>
<span class='badge badge-danger'>11.05.2025 2:46:04 pm</span>
<span class='badge badge-default'>00:00:00:048</span>
&middot; <span class='uri-anchor badge badge-default'>#test-id=2</span>
<span title='Skip to the next failed step' class='badge badge-danger pointer float-right ne ml-1'><i class="fa fa-fast-forward"></i></span>
<span title='Collapse all nodes' class='badge badge-default pointer float-right ct ml-1'><i class="fa fa-compress"></i></span>
<span title='Expand all nodes' class='badge badge-default pointer float-right et'><i class="fa fa-expand"></i></span>
</div>
<div class="m-t-15"><span class="badge badge-pill badge-default">testCases.Regression_Testing_Script</span></div>
</div>
</div><div class="detail-body mt-4">
<table class="table table-sm">
  <thead><tr><th class="status-col">Status</th><th class="timestamp-col">Timestamp</th><th class="details-col">Details</th></tr></thead>
  <tbody>
      <tr class="event-row">
        <td><span class="badge log pass-bg">Pass</span></td>
        <td>2:46:04 pm</td>
        <td>
          dataNexusHomePageNavigation passed successfully.
        </td>
      </tr>
  </tbody>
</table>
</div>
          </div>
        </li>
        <li class="test-item"  status="pass" test-id="3"
          author=""
          tag="testCases.Regression_Testing_Script"
          device="">
          <div class="test-detail">
            <p class="name">dataNexus</p>
            <p class="text-sm">
              <span>2:46:04 pm</span> / <span>00:00:02:679</span>
              <span class="badge pass-bg log float-right">Pass</span>
            </p>
          </div>
          <div class="test-contents d-none">
<div class="detail-head">
<div class="p-v-10">
<div class="info">
<h5 class="test-status text-pass">dataNexus</h5>
<span class='badge badge-success'>11.05.2025 2:46:04 pm</span>
<span class='badge badge-danger'>11.05.2025 2:46:07 pm</span>
<span class='badge badge-default'>00:00:02:679</span>
&middot; <span class='uri-anchor badge badge-default'>#test-id=3</span>
<span title='Skip to the next failed step' class='badge badge-danger pointer float-right ne ml-1'><i class="fa fa-fast-forward"></i></span>
<span title='Collapse all nodes' class='badge badge-default pointer float-right ct ml-1'><i class="fa fa-compress"></i></span>
<span title='Expand all nodes' class='badge badge-default pointer float-right et'><i class="fa fa-expand"></i></span>
</div>
<div class="m-t-15"><span class="badge badge-pill badge-default">testCases.Regression_Testing_Script</span></div>
</div>
</div>    <div class="row mb-3"><div class="col-md-3">
    

<img data-featherlight='../Screenshot/Home_HeaderIsPresent_20251105144606.png' src="../Screenshot/Home_HeaderIsPresent_20251105144606.png">
  
    

    </div></div>
<div class="detail-body mt-4">
<table class="table table-sm">
  <thead><tr><th class="status-col">Status</th><th class="timestamp-col">Timestamp</th><th class="details-col">Details</th></tr></thead>
  <tbody>
      <tr class="event-row">
        <td><span class="badge log pass-bg">Pass</span></td>
        <td>2:46:04 pm</td>
        <td>
          Clicked on **CICD UpdatedWorspace** button successfully.
        </td>
      </tr>
      <tr class="event-row">
        <td><span class="badge log pass-bg">Pass</span></td>
        <td>2:46:07 pm</td>
        <td>
          **Home** header is present.
        </td>
      </tr>
      <tr class="event-row">
        <td><span class="badge log pass-bg">Pass</span></td>
        <td>2:46:07 pm</td>
        <td>
          dataNexus passed successfully.
        </td>
      </tr>
  </tbody>
</table>
</div>
          </div>
        </li>
        <li class="test-item"  status="skip" test-id="4"
          author=""
          tag="testCases.Regression_Testing_Script"
          device="">
          <div class="test-detail">
            <p class="name">dataNexusHome</p>
            <p class="text-sm">
              <span>2:46:07 pm</span> / <span>00:00:00:012</span>
              <span class="badge skip-bg log float-right">Skip</span>
            </p>
          </div>
          <div class="test-contents d-none">
<div class="detail-head">
<div class="p-v-10">
<div class="info">
<h5 class="test-status text-skip">dataNexusHome</h5>
<span class='badge badge-success'>11.05.2025 2:46:07 pm</span>
<span class='badge badge-danger'>11.05.2025 2:46:07 pm</span>
<span class='badge badge-default'>00:00:00:012</span>
&middot; <span class='uri-anchor badge badge-default'>#test-id=4</span>
<span title='Skip to the next failed step' class='badge badge-danger pointer float-right ne ml-1'><i class="fa fa-fast-forward"></i></span>
<span title='Collapse all nodes' class='badge badge-default pointer float-right ct ml-1'><i class="fa fa-compress"></i></span>
<span title='Expand all nodes' class='badge badge-default pointer float-right et'><i class="fa fa-expand"></i></span>
</div>
<div class="m-t-15"><span class="badge badge-pill badge-default">testCases.Regression_Testing_Script</span></div>
</div>
</div><div class="detail-body mt-4">
<table class="table table-sm">
  <thead><tr><th class="status-col">Status</th><th class="timestamp-col">Timestamp</th><th class="details-col">Details</th></tr></thead>
  <tbody>
      <tr class="event-row">
        <td><span class="badge log skip-bg">Skip</span></td>
        <td>2:46:07 pm</td>
        <td>
          dataNexusHome was skipped.
        </td>
      </tr>
  </tbody>
</table>
</div>
          </div>
        </li>
        <li class="test-item"  status="skip" test-id="5"
          author=""
          tag="testCases.Regression_Testing_Script"
          device="">
          <div class="test-detail">
            <p class="name">dataNexusConnection</p>
            <p class="text-sm">
              <span>2:46:07 pm</span> / <span>00:00:00:001</span>
              <span class="badge skip-bg log float-right">Skip</span>
            </p>
          </div>
          <div class="test-contents d-none">
<div class="detail-head">
<div class="p-v-10">
<div class="info">
<h5 class="test-status text-skip">dataNexusConnection</h5>
<span class='badge badge-success'>11.05.2025 2:46:07 pm</span>
<span class='badge badge-danger'>11.05.2025 2:46:07 pm</span>
<span class='badge badge-default'>00:00:00:001</span>
&middot; <span class='uri-anchor badge badge-default'>#test-id=5</span>
<span title='Skip to the next failed step' class='badge badge-danger pointer float-right ne ml-1'><i class="fa fa-fast-forward"></i></span>
<span title='Collapse all nodes' class='badge badge-default pointer float-right ct ml-1'><i class="fa fa-compress"></i></span>
<span title='Expand all nodes' class='badge badge-default pointer float-right et'><i class="fa fa-expand"></i></span>
</div>
<div class="m-t-15"><span class="badge badge-pill badge-default">testCases.Regression_Testing_Script</span></div>
</div>
</div><div class="detail-body mt-4">
<table class="table table-sm">
  <thead><tr><th class="status-col">Status</th><th class="timestamp-col">Timestamp</th><th class="details-col">Details</th></tr></thead>
  <tbody>
      <tr class="event-row">
        <td><span class="badge log skip-bg">Skip</span></td>
        <td>2:46:07 pm</td>
        <td>
          dataNexusConnection was skipped.
        </td>
      </tr>
  </tbody>
</table>
</div>
          </div>
        </li>
        <li class="test-item"  status="skip" test-id="6"
          author=""
          tag="testCases.Regression_Testing_Script"
          device="">
          <div class="test-detail">
            <p class="name">dataNexusIngestionPipeline</p>
            <p class="text-sm">
              <span>2:46:07 pm</span> / <span>00:00:00:004</span>
              <span class="badge skip-bg log float-right">Skip</span>
            </p>
          </div>
          <div class="test-contents d-none">
<div class="detail-head">
<div class="p-v-10">
<div class="info">
<h5 class="test-status text-skip">dataNexusIngestionPipeline</h5>
<span class='badge badge-success'>11.05.2025 2:46:07 pm</span>
<span class='badge badge-danger'>11.05.2025 2:46:07 pm</span>
<span class='badge badge-default'>00:00:00:004</span>
&middot; <span class='uri-anchor badge badge-default'>#test-id=6</span>
<span title='Skip to the next failed step' class='badge badge-danger pointer float-right ne ml-1'><i class="fa fa-fast-forward"></i></span>
<span title='Collapse all nodes' class='badge badge-default pointer float-right ct ml-1'><i class="fa fa-compress"></i></span>
<span title='Expand all nodes' class='badge badge-default pointer float-right et'><i class="fa fa-expand"></i></span>
</div>
<div class="m-t-15"><span class="badge badge-pill badge-default">testCases.Regression_Testing_Script</span></div>
</div>
</div><div class="detail-body mt-4">
<table class="table table-sm">
  <thead><tr><th class="status-col">Status</th><th class="timestamp-col">Timestamp</th><th class="details-col">Details</th></tr></thead>
  <tbody>
      <tr class="event-row">
        <td><span class="badge log skip-bg">Skip</span></td>
        <td>2:46:07 pm</td>
        <td>
          dataNexusIngestionPipeline was skipped.
        </td>
      </tr>
  </tbody>
</table>
</div>
          </div>
        </li>
        <li class="test-item"  status="skip" test-id="7"
          author=""
          tag="testCases.Regression_Testing_Script"
          device="">
          <div class="test-detail">
            <p class="name">DataNexusOrchestrator</p>
            <p class="text-sm">
              <span>2:46:07 pm</span> / <span>00:00:00:002</span>
              <span class="badge skip-bg log float-right">Skip</span>
            </p>
          </div>
          <div class="test-contents d-none">
<div class="detail-head">
<div class="p-v-10">
<div class="info">
<h5 class="test-status text-skip">DataNexusOrchestrator</h5>
<span class='badge badge-success'>11.05.2025 2:46:07 pm</span>
<span class='badge badge-danger'>11.05.2025 2:46:07 pm</span>
<span class='badge badge-default'>00:00:00:002</span>
&middot; <span class='uri-anchor badge badge-default'>#test-id=7</span>
<span title='Skip to the next failed step' class='badge badge-danger pointer float-right ne ml-1'><i class="fa fa-fast-forward"></i></span>
<span title='Collapse all nodes' class='badge badge-default pointer float-right ct ml-1'><i class="fa fa-compress"></i></span>
<span title='Expand all nodes' class='badge badge-default pointer float-right et'><i class="fa fa-expand"></i></span>
</div>
<div class="m-t-15"><span class="badge badge-pill badge-default">testCases.Regression_Testing_Script</span></div>
</div>
</div><div class="detail-body mt-4">
<table class="table table-sm">
  <thead><tr><th class="status-col">Status</th><th class="timestamp-col">Timestamp</th><th class="details-col">Details</th></tr></thead>
  <tbody>
      <tr class="event-row">
        <td><span class="badge log skip-bg">Skip</span></td>
        <td>2:46:07 pm</td>
        <td>
          DataNexusOrchestrator was skipped.
        </td>
      </tr>
  </tbody>
</table>
</div>
          </div>
        </li>
        <li class="test-item"  status="fail" test-id="8"
          author=""
          tag="testCases.Regression_Testing_Script"
          device="">
          <div class="test-detail">
            <p class="name">dataNeuxsTransformationPipeline</p>
            <p class="text-sm">
              <span>2:46:07 pm</span> / <span>00:09:24:191</span>
              <span class="badge fail-bg log float-right">Fail</span>
            </p>
          </div>
          <div class="test-contents d-none">
<div class="detail-head">
<div class="p-v-10">
<div class="info">
<h5 class="test-status text-fail">dataNeuxsTransformationPipeline</h5>
<span class='badge badge-success'>11.05.2025 2:46:07 pm</span>
<span class='badge badge-danger'>11.05.2025 2:55:31 pm</span>
<span class='badge badge-default'>00:09:24:191</span>
&middot; <span class='uri-anchor badge badge-default'>#test-id=8</span>
<span title='Skip to the next failed step' class='badge badge-danger pointer float-right ne ml-1'><i class="fa fa-fast-forward"></i></span>
<span title='Collapse all nodes' class='badge badge-default pointer float-right ct ml-1'><i class="fa fa-compress"></i></span>
<span title='Expand all nodes' class='badge badge-default pointer float-right et'><i class="fa fa-expand"></i></span>
</div>
<div class="m-t-15"><span class="badge badge-pill badge-default">testCases.Regression_Testing_Script</span></div>
</div>
</div>    <div class="row mb-3"><div class="col-md-3">
    

<img data-featherlight='../Screenshot/Transformation Pipeline_HeaderIsPresent_20251105144611.png' src="../Screenshot/Transformation Pipeline_HeaderIsPresent_20251105144611.png">
  
    

    </div></div>
    <div class="row mb-3"><div class="col-md-3">
    

<img data-featherlight='../Screenshot/2025.11.05.14.46.07_20251105144613.png' src="../Screenshot/2025.11.05.14.46.07_20251105144613.png">
  
    

    </div></div>
    <div class="row mb-3"><div class="col-md-3">
    

<img data-featherlight='../Screenshot/2025.11.05.14.46.07_20251105144617.png' src="../Screenshot/2025.11.05.14.46.07_20251105144617.png">
  
    

    </div></div>
    <div class="row mb-3"><div class="col-md-3">
    

<img data-featherlight='../Screenshot/2025.11.05.14.46.07_20251105144647.png' src="../Screenshot/2025.11.05.14.46.07_20251105144647.png">
  
    

    </div></div>
    <div class="row mb-3"><div class="col-md-3">
    

<img data-featherlight='../Screenshot/2025.11.05.14.46.07_20251105144649.png' src="../Screenshot/2025.11.05.14.46.07_20251105144649.png">
  
    

    </div></div>
    <div class="row mb-3"><div class="col-md-3">
    

<img data-featherlight='../Screenshot/2025.11.05.14.46.07_20251105144709.png' src="../Screenshot/2025.11.05.14.46.07_20251105144709.png">
  
    

    </div></div>
    <div class="row mb-3"><div class="col-md-3">
    

<img data-featherlight='../Screenshot/2025.11.05.14.46.07_20251105144734.png' src="../Screenshot/2025.11.05.14.46.07_20251105144734.png">
  
    

    </div></div>
    <div class="row mb-3"><div class="col-md-3">
    

<img data-featherlight='../Screenshot/2025.11.05.14.46.07_20251105144754.png' src="../Screenshot/2025.11.05.14.46.07_20251105144754.png">
  
    

    </div></div>
    <div class="row mb-3"><div class="col-md-3">
    

<img data-featherlight='../Screenshot/2025.11.05.14.46.07_20251105144835.png' src="../Screenshot/2025.11.05.14.46.07_20251105144835.png">
  
    

    </div></div>
    <div class="row mb-3"><div class="col-md-3">
    

<img data-featherlight='../Screenshot/2025.11.05.14.46.07_20251105144837.png' src="../Screenshot/2025.11.05.14.46.07_20251105144837.png">
  
    

    </div></div>
    <div class="row mb-3"><div class="col-md-3">
    

<img data-featherlight='../Screenshot/2025.11.05.14.46.07_20251105144858.png' src="../Screenshot/2025.11.05.14.46.07_20251105144858.png">
  
    

    </div></div>
    <div class="row mb-3"><div class="col-md-3">
    

<img data-featherlight='../Screenshot/2025.11.05.14.46.07_20251105144931.png' src="../Screenshot/2025.11.05.14.46.07_20251105144931.png">
  
    

    </div></div>
    <div class="row mb-3"><div class="col-md-3">
    

<img data-featherlight='../Screenshot/2025.11.05.14.46.07_20251105144955.png' src="../Screenshot/2025.11.05.14.46.07_20251105144955.png">
  
    

    </div></div>
    <div class="row mb-3"><div class="col-md-3">
    

<img data-featherlight='../Screenshot/2025.11.05.14.46.07_20251105145006.png' src="../Screenshot/2025.11.05.14.46.07_20251105145006.png">
  
    

    </div></div>
    <div class="row mb-3"><div class="col-md-3">
    

<img data-featherlight='../Screenshot/2025.11.05.14.46.07_20251105145019.png' src="../Screenshot/2025.11.05.14.46.07_20251105145019.png">
  
    

    </div></div>
    <div class="row mb-3"><div class="col-md-3">
    

<img data-featherlight='../Screenshot/2025.11.05.14.46.07_20251105145024.png' src="../Screenshot/2025.11.05.14.46.07_20251105145024.png">
  
    

    </div></div>
    <div class="row mb-3"><div class="col-md-3">
    

<img data-featherlight='../Screenshot/2025.11.05.14.46.07_20251105145030.png' src="../Screenshot/2025.11.05.14.46.07_20251105145030.png">
  
    

    </div></div>
    <div class="row mb-3"><div class="col-md-3">
    

<img data-featherlight='../Screenshot/2025.11.05.14.46.07_20251105145035.png' src="../Screenshot/2025.11.05.14.46.07_20251105145035.png">
  
    

    </div></div>
    <div class="row mb-3"><div class="col-md-3">
    

<img data-featherlight='../Screenshot/2025.11.05.14.46.07_20251105145037.png' src="../Screenshot/2025.11.05.14.46.07_20251105145037.png">
  
    

    </div></div>
    <div class="row mb-3"><div class="col-md-3">
    

<img data-featherlight='../Screenshot/2025.11.05.14.46.07_20251105145038.png' src="../Screenshot/2025.11.05.14.46.07_20251105145038.png">
  
    

    </div></div>
    <div class="row mb-3"><div class="col-md-3">
    

<img data-featherlight='../Screenshot/2025.11.05.14.46.07_20251105145043.png' src="../Screenshot/2025.11.05.14.46.07_20251105145043.png">
  
    

    </div></div>
    <div class="row mb-3"><div class="col-md-3">
    

<img data-featherlight='../Screenshot/2025.11.05.14.46.07_20251105145104.png' src="../Screenshot/2025.11.05.14.46.07_20251105145104.png">
  
    

    </div></div>
    <div class="row mb-3"><div class="col-md-3">
    

<img data-featherlight='../Screenshot/2025.11.05.14.46.07_20251105145134.png' src="../Screenshot/2025.11.05.14.46.07_20251105145134.png">
  
    

    </div></div>
    <div class="row mb-3"><div class="col-md-3">
    

<img data-featherlight='../Screenshot/2025.11.05.14.46.07_20251105145140.png' src="../Screenshot/2025.11.05.14.46.07_20251105145140.png">
  
    

    </div></div>
    <div class="row mb-3"><div class="col-md-3">
    

<img data-featherlight='../Screenshot/2025.11.05.14.46.07_20251105145200.png' src="../Screenshot/2025.11.05.14.46.07_20251105145200.png">
  
    

    </div></div>
    <div class="row mb-3"><div class="col-md-3">
    

<img data-featherlight='../Screenshot/2025.11.05.14.46.07_20251105145225.png' src="../Screenshot/2025.11.05.14.46.07_20251105145225.png">
  
    

    </div></div>
    <div class="row mb-3"><div class="col-md-3">
    

<img data-featherlight='../Screenshot/2025.11.05.14.46.07_20251105145230.png' src="../Screenshot/2025.11.05.14.46.07_20251105145230.png">
  
    

    </div></div>
    <div class="row mb-3"><div class="col-md-3">
    

<img data-featherlight='../Screenshot/2025.11.05.14.46.07_20251105145332.png' src="../Screenshot/2025.11.05.14.46.07_20251105145332.png">
  
    

    </div></div>
    <div class="row mb-3"><div class="col-md-3">
    

<img data-featherlight='../Screenshot/2025.11.05.14.46.07_20251105145334.png' src="../Screenshot/2025.11.05.14.46.07_20251105145334.png">
  
    

    </div></div>
    <div class="row mb-3"><div class="col-md-3">
    

<img data-featherlight='../Screenshot/2025.11.05.14.46.07_20251105145337.png' src="../Screenshot/2025.11.05.14.46.07_20251105145337.png">
  
    

    </div></div>
    <div class="row mb-3"><div class="col-md-3">
    

<img data-featherlight='../Screenshot/2025.11.05.14.46.07_20251105145518.png' src="../Screenshot/2025.11.05.14.46.07_20251105145518.png">
  
    

    </div></div>
    <div class="row mb-3"><div class="col-md-3">
    

<img data-featherlight='../Screenshot/2025.11.05.14.46.07_20251105145531.png' src="../Screenshot/2025.11.05.14.46.07_20251105145531.png">
  
    

    </div></div>
    <div class="row mb-3"><div class="col-md-3">
    

<img data-featherlight='../Screenshot/Failed_dataNeuxsTransformationPipeline_20251105145531.png' src="../Screenshot/Failed_dataNeuxsTransformationPipeline_20251105145531.png">
  
    

    </div></div>
<div class="detail-body mt-4">
<table class="table table-sm">
  <thead><tr><th class="status-col">Status</th><th class="timestamp-col">Timestamp</th><th class="details-col">Details</th></tr></thead>
  <tbody>
      <tr class="event-row">
        <td><span class="badge log pass-bg">Pass</span></td>
        <td>2:46:09 pm</td>
        <td>
          Transformation Pipeline v2 is clicked from side Navigation Module
        </td>
      </tr>
      <tr class="event-row">
        <td><span class="badge log pass-bg">Pass</span></td>
        <td>2:46:11 pm</td>
        <td>
          **Transformation Pipeline** header is present.
        </td>
      </tr>
      <tr class="event-row">
        <td><span class="badge log pass-bg">Pass</span></td>
        <td>2:46:11 pm</td>
        <td>
          Clicked on **Create New** button successfully.
        </td>
      </tr>
      <tr class="event-row">
        <td><span class="badge log pass-bg">Pass</span></td>
        <td>2:46:14 pm</td>
        <td>
          Entered **TestingTransformPipeline2025.11.05.14.46.07** into **Pipeline Name** textbox successfully.
        </td>
      </tr>
      <tr class="event-row">
        <td><span class="badge log pass-bg">Pass</span></td>
        <td>2:46:14 pm</td>
        <td>
          Entered **Automation Testing** into **Pipeline Description** textbox successfully.
        </td>
      </tr>
      <tr class="event-row">
        <td><span class="badge log pass-bg">Pass</span></td>
        <td>2:46:14 pm</td>
        <td>
          Clicked on **Create & Proceed** button successfully.
        </td>
      </tr>
      <tr class="event-row">
        <td><span class="badge log pass-bg">Pass</span></td>
        <td>2:46:15 pm</td>
        <td>
          Clicked on **Select Source -> Data Lake** button successfully.
        </td>
      </tr>
      <tr class="event-row">
        <td><span class="badge log pass-bg">Pass</span></td>
        <td>2:46:18 pm</td>
        <td>
          'lak1' is selected from 'Select Lakehouse' dropdown element
        </td>
      </tr>
      <tr class="event-row">
        <td><span class="badge log pass-bg">Pass</span></td>
        <td>2:46:19 pm</td>
        <td>
          'Tables' is selected from 'Select Lakehouse Type' dropdown element
        </td>
      </tr>
      <tr class="event-row">
        <td><span class="badge log pass-bg">Pass</span></td>
        <td>2:46:37 pm</td>
        <td>
          Clicked on **Proceed** button successfully.
        </td>
      </tr>
      <tr class="event-row">
        <td><span class="badge log pass-bg">Pass</span></td>
        <td>2:46:45 pm</td>
        <td>
          Clicked on **Zoom Out** button successfully.
        </td>
      </tr>
      <tr class="event-row">
        <td><span class="badge log pass-bg">Pass</span></td>
        <td>2:46:45 pm</td>
        <td>
          Clicked on **Add Target -> Data Lake** button successfully.
        </td>
      </tr>
      <tr class="event-row">
        <td><span class="badge log pass-bg">Pass</span></td>
        <td>2:46:47 pm</td>
        <td>
          Clicked on **Source Selection Model -> Delta Lake / Lakehouse** button successfully.
        </td>
      </tr>
      <tr class="event-row">
        <td><span class="badge log pass-bg">Pass</span></td>
        <td>2:46:51 pm</td>
        <td>
          'lak1' is selected from 'Select Lakehouse' dropdown element
        </td>
      </tr>
      <tr class="event-row">
        <td><span class="badge log pass-bg">Pass</span></td>
        <td>2:46:52 pm</td>
        <td>
          'Tables' is selected from 'Select Lakehouse Type' dropdown element
        </td>
      </tr>
      <tr class="event-row">
        <td><span class="badge log pass-bg">Pass</span></td>
        <td>2:46:55 pm</td>
        <td>
          Clicked on **Proceed** button successfully.
        </td>
      </tr>
      <tr class="event-row">
        <td><span class="badge log pass-bg">Pass</span></td>
        <td>2:47:05 pm</td>
        <td>
           is drag and dropped at the target location
        </td>
      </tr>
      <tr class="event-row">
        <td><span class="badge log pass-bg">Pass</span></td>
        <td>2:47:05 pm</td>
        <td>
          Clicked on **Save** button successfully.
        </td>
      </tr>
      <tr class="event-row">
        <td><span class="badge log pass-bg">Pass</span></td>
        <td>2:47:06 pm</td>
        <td>
          'Pipeline saved to draft successfully' is present on the page.
        </td>
      </tr>
      <tr class="event-row">
        <td><span class="badge log pass-bg">Pass</span></td>
        <td>2:47:07 pm</td>
        <td>
          Double clicked on **customertargetdim** successfully.
        </td>
      </tr>
      <tr class="event-row">
        <td><span class="badge log pass-bg">Pass</span></td>
        <td>2:47:09 pm</td>
        <td>
          'Column Mapping' is clicked
        </td>
      </tr>
      <tr class="event-row">
        <td><span class="badge log pass-bg">Pass</span></td>
        <td>2:47:12 pm</td>
        <td>
          Clicked on **Auto Map** button successfully.
        </td>
      </tr>
      <tr class="event-row">
        <td><span class="badge log pass-bg">Pass</span></td>
        <td>2:47:13 pm</td>
        <td>
          incremental_id was selected from tranformation output column
        </td>
      </tr>
      <tr class="event-row">
        <td><span class="badge log pass-bg">Pass</span></td>
        <td>2:47:13 pm</td>
        <td>
          Clicked on **Close** button successfully.
        </td>
      </tr>
      <tr class="event-row">
        <td><span class="badge log pass-bg">Pass</span></td>
        <td>2:47:13 pm</td>
        <td>
          Clicked on **Save** button successfully.
        </td>
      </tr>
      <tr class="event-row">
        <td><span class="badge log fail-bg">Fail</span></td>
        <td>2:47:34 pm</td>
        <td>
          Unable to delete the pipeline canvas due to Expected condition failed: waiting for visibility of element located by By.xpath: (//span[text()='Target_Operation - customertargetdim']//preceding::div[contains(@class,'PipelineCanvas_deleteIcon')])[count(//span[text()='Target_Operation - customertargetdim']//preceding::div[contains(@class,'PipelineCanvas_deleteIcon')])] (tried for 20 second(s) with 500 milliseconds interval)
Build info: version: '4.33.0', revision: '2c6aaad03a'
System info: os.name: 'Windows 11', os.arch: 'amd64', os.version: '10.0', java.version: '21.0.7'
Driver info: org.openqa.selenium.chrome.ChromeDriver
Capabilities {acceptInsecureCerts: false, browserName: chrome, browserVersion: 141.0.7390.123, chrome: {chromedriverVersion: 141.0.7390.122 (b477534e7e1..., userDataDir: C:\Users\ABHINA~1.DAG\AppDa...}, fedcm:accounts: true, goog:chromeOptions: {debuggerAddress: localhost:65307}, networkConnectionEnabled: false, pageLoadStrategy: normal, platformName: windows, proxy: Proxy(), se:cdp: ws://localhost:65307/devtoo..., se:cdpVersion: 141.0.7390.123, setWindowRect: true, strictFileInteractability: false, timeouts: {implicit: 0, pageLoad: 300000, script: 30000}, unhandledPromptBehavior: dismiss and notify, webauthn:extension:credBlob: true, webauthn:extension:largeBlob: true, webauthn:extension:minPinLength: true, webauthn:extension:prf: true, webauthn:virtualAuthenticators: true}
Session ID: 696724186b443a45b186cb7aa5a8a3c6
        </td>
      </tr>
      <tr class="event-row">
        <td><span class="badge log fail-bg">Fail</span></td>
        <td>2:47:54 pm</td>
        <td>
          Unable to delete the pipeline canvas due to Expected condition failed: waiting for visibility of element located by By.xpath: (//span[text()='customertestscd2']//preceding::div[contains(@class,'PipelineCanvas_deleteIcon')])[count(//span[text()='customertestscd2']//preceding::div[contains(@class,'PipelineCanvas_deleteIcon')])] (tried for 20 second(s) with 500 milliseconds interval)
Build info: version: '4.33.0', revision: '2c6aaad03a'
System info: os.name: 'Windows 11', os.arch: 'amd64', os.version: '10.0', java.version: '21.0.7'
Driver info: org.openqa.selenium.chrome.ChromeDriver
Capabilities {acceptInsecureCerts: false, browserName: chrome, browserVersion: 141.0.7390.123, chrome: {chromedriverVersion: 141.0.7390.122 (b477534e7e1..., userDataDir: C:\Users\ABHINA~1.DAG\AppDa...}, fedcm:accounts: true, goog:chromeOptions: {debuggerAddress: localhost:65307}, networkConnectionEnabled: false, pageLoadStrategy: normal, platformName: windows, proxy: Proxy(), se:cdp: ws://localhost:65307/devtoo..., se:cdpVersion: 141.0.7390.123, setWindowRect: true, strictFileInteractability: false, timeouts: {implicit: 0, pageLoad: 300000, script: 30000}, unhandledPromptBehavior: dismiss and notify, webauthn:extension:credBlob: true, webauthn:extension:largeBlob: true, webauthn:extension:minPinLength: true, webauthn:extension:prf: true, webauthn:virtualAuthenticators: true}
Session ID: 696724186b443a45b186cb7aa5a8a3c6
        </td>
      </tr>
      <tr class="event-row">
        <td><span class="badge log pass-bg">Pass</span></td>
        <td>2:47:54 pm</td>
        <td>
          Clicked on **Deploy** button successfully.
        </td>
      </tr>
      <tr class="event-row">
        <td><span class="badge log fail-bg">Fail</span></td>
        <td>2:48:35 pm</td>
        <td>
          'Element' is not present. Exception: Expected condition failed: waiting for visibility of Proxy element for: DefaultElementLocator 'By.xpath: //span[text()='Notebook created successfully']' (tried for 20 second(s) with 500 milliseconds interval)
        </td>
      </tr>
      <tr class="event-row">
        <td><span class="badge log pass-bg">Pass</span></td>
        <td>2:48:35 pm</td>
        <td>
          Entered **TestingTransformPipeline2025.11.05.14.46.07** into **Searchbox** textbox successfully.
        </td>
      </tr>
      <tr class="event-row">
        <td><span class="badge log pass-bg">Pass</span></td>
        <td>2:48:36 pm</td>
        <td>
          Clicked on **Edit** button successfully.
        </td>
      </tr>
      <tr class="event-row">
        <td><span class="badge log pass-bg">Pass</span></td>
        <td>2:48:36 pm</td>
        <td>
          'Pipeline loaded successfully for editing' is present on the page.
        </td>
      </tr>
      <tr class="event-row">
        <td><span class="badge log pass-bg">Pass</span></td>
        <td>2:48:36 pm</td>
        <td>
          Clicked on **Make a copy** button successfully.
        </td>
      </tr>
      <tr class="event-row">
        <td><span class="badge log pass-bg">Pass</span></td>
        <td>2:48:37 pm</td>
        <td>
          'Pipeline copy created successfully' success message is present on the page.
        </td>
      </tr>
      <tr class="event-row">
        <td><span class="badge log fail-bg">Fail</span></td>
        <td>2:48:58 pm</td>
        <td>
          Unable to delete the pipeline canvas due to Expected condition failed: waiting for visibility of element located by By.xpath: (//span[text()='Target_Operation - customertargetdim']//preceding::div[contains(@class,'PipelineCanvas_deleteIcon')])[count(//span[text()='Target_Operation - customertargetdim']//preceding::div[contains(@class,'PipelineCanvas_deleteIcon')])] (tried for 20 second(s) with 500 milliseconds interval)
Build info: version: '4.33.0', revision: '2c6aaad03a'
System info: os.name: 'Windows 11', os.arch: 'amd64', os.version: '10.0', java.version: '21.0.7'
Driver info: org.openqa.selenium.chrome.ChromeDriver
Capabilities {acceptInsecureCerts: false, browserName: chrome, browserVersion: 141.0.7390.123, chrome: {chromedriverVersion: 141.0.7390.122 (b477534e7e1..., userDataDir: C:\Users\ABHINA~1.DAG\AppDa...}, fedcm:accounts: true, goog:chromeOptions: {debuggerAddress: localhost:65307}, networkConnectionEnabled: false, pageLoadStrategy: normal, platformName: windows, proxy: Proxy(), se:cdp: ws://localhost:65307/devtoo..., se:cdpVersion: 141.0.7390.123, setWindowRect: true, strictFileInteractability: false, timeouts: {implicit: 0, pageLoad: 300000, script: 30000}, unhandledPromptBehavior: dismiss and notify, webauthn:extension:credBlob: true, webauthn:extension:largeBlob: true, webauthn:extension:minPinLength: true, webauthn:extension:prf: true, webauthn:virtualAuthenticators: true}
Session ID: 696724186b443a45b186cb7aa5a8a3c6
        </td>
      </tr>
      <tr class="event-row">
        <td><span class="badge log pass-bg">Pass</span></td>
        <td>2:48:58 pm</td>
        <td>
          Clicked on **customertestscd2 delete** button successfully.
        </td>
      </tr>
      <tr class="event-row">
        <td><span class="badge log pass-bg">Pass</span></td>
        <td>2:48:59 pm</td>
        <td>
          Clicked on **Delete** button successfully.
        </td>
      </tr>
      <tr class="event-row">
        <td><span class="badge log fail-bg">Fail</span></td>
        <td>2:49:29 pm</td>
        <td>
          Failed to click on **Open Tranformation Pannel** button. Exception: Expected condition failed: waiting for element to be clickable: Proxy element for: DefaultElementLocator 'By.xpath: //div[@title='Open transformations panel']' (tried for 20 second(s) with 500 milliseconds interval)
        </td>
      </tr>
      <tr class="event-row">
        <td><span class="badge log pass-bg">Pass</span></td>
        <td>2:49:29 pm</td>
        <td>
          Clicked on **Select Source -> Data Lake** button successfully.
        </td>
      </tr>
      <tr class="event-row">
        <td><span class="badge log pass-bg">Pass</span></td>
        <td>2:49:33 pm</td>
        <td>
          'lak1' is selected from 'Select Lakehouse' dropdown element
        </td>
      </tr>
      <tr class="event-row">
        <td><span class="badge log pass-bg">Pass</span></td>
        <td>2:49:34 pm</td>
        <td>
          'Tables' is selected from 'Select Lakehouse Type' dropdown element
        </td>
      </tr>
      <tr class="event-row">
        <td><span class="badge log pass-bg">Pass</span></td>
        <td>2:49:51 pm</td>
        <td>
          Clicked on **Proceed** button successfully.
        </td>
      </tr>
      <tr class="event-row">
        <td><span class="badge log pass-bg">Pass</span></td>
        <td>2:49:52 pm</td>
        <td>
          Clicked on **Zoom Out** button successfully using JavaScript.
        </td>
      </tr>
      <tr class="event-row">
        <td><span class="badge log pass-bg">Pass</span></td>
        <td>2:49:52 pm</td>
        <td>
          Clicked on **Select Source -> Data Lake** button successfully.
        </td>
      </tr>
      <tr class="event-row">
        <td><span class="badge log pass-bg">Pass</span></td>
        <td>2:49:56 pm</td>
        <td>
          'lak1' is selected from 'Select Lakehouse' dropdown element
        </td>
      </tr>
      <tr class="event-row">
        <td><span class="badge log pass-bg">Pass</span></td>
        <td>2:49:57 pm</td>
        <td>
          'Tables' is selected from 'Select Lakehouse Type' dropdown element
        </td>
      </tr>
      <tr class="event-row">
        <td><span class="badge log pass-bg">Pass</span></td>
        <td>2:50:00 pm</td>
        <td>
          Clicked on **Proceed** button successfully.
        </td>
      </tr>
      <tr class="event-row">
        <td><span class="badge log pass-bg">Pass</span></td>
        <td>2:50:01 pm</td>
        <td>
          Clicked on **Zoom Out** button successfully using JavaScript.
        </td>
      </tr>
      <tr class="event-row">
        <td><span class="badge log pass-bg">Pass</span></td>
        <td>2:50:02 pm</td>
        <td>
          Entered **Join** into **Searchbox** textbox successfully.
        </td>
      </tr>
      <tr class="event-row">
        <td><span class="badge log pass-bg">Pass</span></td>
        <td>2:50:02 pm</td>
        <td>
          Join
Combine two datasets based on matching columns is drag and dropped at the target location
        </td>
      </tr>
      <tr class="event-row">
        <td><span class="badge log pass-bg">Pass</span></td>
        <td>2:50:03 pm</td>
        <td>
          Clicked on **Zoom Out** button successfully.
        </td>
      </tr>
      <tr class="event-row">
        <td><span class="badge log pass-bg">Pass</span></td>
        <td>2:50:04 pm</td>
        <td>
           is drag and dropped at the target location
        </td>
      </tr>
      <tr class="event-row">
        <td><span class="badge log pass-bg">Pass</span></td>
        <td>2:50:04 pm</td>
        <td>
           is drag and dropped at the target location
        </td>
      </tr>
      <tr class="event-row">
        <td><span class="badge log pass-bg">Pass</span></td>
        <td>2:50:04 pm</td>
        <td>
          Double clicked on **Join** successfully.
        </td>
      </tr>
      <tr class="event-row">
        <td><span class="badge log pass-bg">Pass</span></td>
        <td>2:50:07 pm</td>
        <td>
          Clicked on **Add Join Condition** button successfully.
        </td>
      </tr>
      <tr class="event-row">
        <td><span class="badge log pass-bg">Pass</span></td>
        <td>2:50:07 pm</td>
        <td>
          'id' is selected from 'From' dropdown element
        </td>
      </tr>
      <tr class="event-row">
        <td><span class="badge log fail-bg">Fail</span></td>
        <td>2:50:09 pm</td>
        <td>
          'id' is not selected from 'To' dropdown element due to element click intercepted: Element <span class="sequentialJoinBuilder_columnName__9rATE ">...</span> is not clickable at point (1730, 958). Other element would receive the click: <div aria-selected="false" class="ant-select-item ant-select-item-option">...</div>
  (Session info: chrome=141.0.7390.123)
Build info: version: '4.33.0', revision: '2c6aaad03a'
System info: os.name: 'Windows 11', os.arch: 'amd64', os.version: '10.0', java.version: '21.0.7'
Driver info: org.openqa.selenium.chrome.ChromeDriver
Command: [696724186b443a45b186cb7aa5a8a3c6, clickElement {id=f.37169D82CB94EB8EF3D056E8DA15E787.d.9465A06AEC98F5947A2CDDB7471F35BF.e.509}]
Capabilities {acceptInsecureCerts: false, browserName: chrome, browserVersion: 141.0.7390.123, chrome: {chromedriverVersion: 141.0.7390.122 (b477534e7e1..., userDataDir: C:\Users\ABHINA~1.DAG\AppDa...}, fedcm:accounts: true, goog:chromeOptions: {debuggerAddress: localhost:65307}, networkConnectionEnabled: false, pageLoadStrategy: normal, platformName: windows, proxy: Proxy(), se:cdp: ws://localhost:65307/devtoo..., se:cdpVersion: 141.0.7390.123, setWindowRect: true, strictFileInteractability: false, timeouts: {implicit: 0, pageLoad: 300000, script: 30000}, unhandledPromptBehavior: dismiss and notify, webauthn:extension:credBlob: true, webauthn:extension:largeBlob: true, webauthn:extension:minPinLength: true, webauthn:extension:prf: true, webauthn:virtualAuthenticators: true}
Element: [[ChromeDriver: chrome on windows (696724186b443a45b186cb7aa5a8a3c6)] -> xpath: //span[contains(@class,'sequentialJoinBuilder_columnName') and text()='id']]
Session ID: 696724186b443a45b186cb7aa5a8a3c6
        </td>
      </tr>
      <tr class="event-row">
        <td><span class="badge log pass-bg">Pass</span></td>
        <td>2:50:09 pm</td>
        <td>
          'Output Columns' is clicked
        </td>
      </tr>
      <tr class="event-row">
        <td><span class="badge log fail-bg">Fail</span></td>
        <td>2:50:19 pm</td>
        <td>
          Failed to click on element Show Duplicates Only  no such element: Unable to locate element: {"method":"xpath","selector":"(//span[normalize-space(text())='Show Duplicates Only '])[1]"}
  (Session info: chrome=141.0.7390.123)
For documentation on this error, please visit: https://www.selenium.dev/documentation/webdriver/troubleshooting/errors#no-such-element-exception
Build info: version: '4.33.0', revision: '2c6aaad03a'
System info: os.name: 'Windows 11', os.arch: 'amd64', os.version: '10.0', java.version: '21.0.7'
Driver info: org.openqa.selenium.chrome.ChromeDriver
Command: [696724186b443a45b186cb7aa5a8a3c6, findElement {value=(//span[normalize-space(text())='Show Duplicates Only '])[1], using=xpath}]
Capabilities {acceptInsecureCerts: false, browserName: chrome, browserVersion: 141.0.7390.123, chrome: {chromedriverVersion: 141.0.7390.122 (b477534e7e1..., userDataDir: C:\Users\ABHINA~1.DAG\AppDa...}, fedcm:accounts: true, goog:chromeOptions: {debuggerAddress: localhost:65307}, networkConnectionEnabled: false, pageLoadStrategy: normal, platformName: windows, proxy: Proxy(), se:cdp: ws://localhost:65307/devtoo..., se:cdpVersion: 141.0.7390.123, setWindowRect: true, strictFileInteractability: false, timeouts: {implicit: 0, pageLoad: 300000, script: 30000}, unhandledPromptBehavior: dismiss and notify, webauthn:extension:credBlob: true, webauthn:extension:largeBlob: true, webauthn:extension:minPinLength: true, webauthn:extension:prf: true, webauthn:virtualAuthenticators: true}
Session ID: 696724186b443a45b186cb7aa5a8a3c6
        </td>
      </tr>
      <tr class="event-row">
        <td><span class="badge log pass-bg">Pass</span></td>
        <td>2:50:19 pm</td>
        <td>
          Clicked on **Select All** button successfully.
        </td>
      </tr>
      <tr class="event-row">
        <td><span class="badge log pass-bg">Pass</span></td>
        <td>2:50:19 pm</td>
        <td>
          Clicked on **Apply Configuration** button successfully.
        </td>
      </tr>
      <tr class="event-row">
        <td><span class="badge log pass-bg">Pass</span></td>
        <td>2:50:19 pm</td>
        <td>
          'Join configuration saved successfully!' success message is present on the page.
        </td>
      </tr>
      <tr class="event-row">
        <td><span class="badge log pass-bg">Pass</span></td>
        <td>2:50:20 pm</td>
        <td>
          Clicked on **Join Configuration Dialog Box Close Button** button successfully.
        </td>
      </tr>
      <tr class="event-row">
        <td><span class="badge log pass-bg">Pass</span></td>
        <td>2:50:20 pm</td>
        <td>
          Entered **Trim** into **Searchbox** textbox successfully.
        </td>
      </tr>
      <tr class="event-row">
        <td><span class="badge log pass-bg">Pass</span></td>
        <td>2:50:21 pm</td>
        <td>
          Trim
Trim leading/trailing whitespace in string columns is drag and dropped at the target location
        </td>
      </tr>
      <tr class="event-row">
        <td><span class="badge log pass-bg">Pass</span></td>
        <td>2:50:21 pm</td>
        <td>
          Clicked on **Zoom Out** button successfully.
        </td>
      </tr>
      <tr class="event-row">
        <td><span class="badge log pass-bg">Pass</span></td>
        <td>2:50:21 pm</td>
        <td>
           is drag and dropped at the target location
        </td>
      </tr>
      <tr class="event-row">
        <td><span class="badge log pass-bg">Pass</span></td>
        <td>2:50:22 pm</td>
        <td>
          Double clicked on **Trim** successfully.
        </td>
      </tr>
      <tr class="event-row">
        <td><span class="badge log pass-bg">Pass</span></td>
        <td>2:50:29 pm</td>
        <td>
          **RTrim** checkbox is clicked
        </td>
      </tr>
      <tr class="event-row">
        <td><span class="badge log pass-bg">Pass</span></td>
        <td>2:50:29 pm</td>
        <td>
          Clicked on **Apply Configuration** button successfully.
        </td>
      </tr>
      <tr class="event-row">
        <td><span class="badge log pass-bg">Pass</span></td>
        <td>2:50:30 pm</td>
        <td>
          'Trim configuration saved successfully!' success message is present on the page.
        </td>
      </tr>
      <tr class="event-row">
        <td><span class="badge log pass-bg">Pass</span></td>
        <td>2:50:30 pm</td>
        <td>
          Clicked on **Trim Configuration Dialog Box Close Button** button successfully.
        </td>
      </tr>
      <tr class="event-row">
        <td><span class="badge log pass-bg">Pass</span></td>
        <td>2:50:31 pm</td>
        <td>
          Entered **Data Quality Rules** into **Searchbox** textbox successfully.
        </td>
      </tr>
      <tr class="event-row">
        <td><span class="badge log pass-bg">Pass</span></td>
        <td>2:50:32 pm</td>
        <td>
          Data Quality Rules
Apply configurable data quality validation rules is drag and dropped at the target location
        </td>
      </tr>
      <tr class="event-row">
        <td><span class="badge log pass-bg">Pass</span></td>
        <td>2:50:32 pm</td>
        <td>
          Clicked on **Zoom Out** button successfully.
        </td>
      </tr>
      <tr class="event-row">
        <td><span class="badge log pass-bg">Pass</span></td>
        <td>2:50:32 pm</td>
        <td>
           is drag and dropped at the target location
        </td>
      </tr>
      <tr class="event-row">
        <td><span class="badge log pass-bg">Pass</span></td>
        <td>2:50:33 pm</td>
        <td>
          Double clicked on **Data Quality Rules** successfully.
        </td>
      </tr>
      <tr class="event-row">
        <td><span class="badge log pass-bg">Pass</span></td>
        <td>2:50:35 pm</td>
        <td>
          'Check Not Null' is clicked
        </td>
      </tr>
      <tr class="event-row">
        <td><span class="badge log pass-bg">Pass</span></td>
        <td>2:50:36 pm</td>
        <td>
          Clicked on **Add Rule** button successfully.
        </td>
      </tr>
      <tr class="event-row">
        <td><span class="badge log pass-bg">Pass</span></td>
        <td>2:50:36 pm</td>
        <td>
          Succesfully selected id value from Data Quality Rules Columns dropdwon
        </td>
      </tr>
      <tr class="event-row">
        <td><span class="badge log fail-bg">Fail</span></td>
        <td>2:50:37 pm</td>
        <td>
          Failed to clear textbox: element click intercepted: Element <textarea placeholder="Enter rejection message for failed records (required)" rows="2" class="ant-input ant-input-sm css-18afz5u ant-input-outlined"></textarea> is not clickable at point (1712, 610). Other element would receive the click: <div class="ant-select-item-option-content">...</div>
  (Session info: chrome=141.0.7390.123)
Build info: version: '4.33.0', revision: '2c6aaad03a'
System info: os.name: 'Windows 11', os.arch: 'amd64', os.version: '10.0', java.version: '21.0.7'
Driver info: org.openqa.selenium.chrome.ChromeDriver
Command: [696724186b443a45b186cb7aa5a8a3c6, clickElement {id=f.37169D82CB94EB8EF3D056E8DA15E787.d.9465A06AEC98F5947A2CDDB7471F35BF.e.665}]
Capabilities {acceptInsecureCerts: false, browserName: chrome, browserVersion: 141.0.7390.123, chrome: {chromedriverVersion: 141.0.7390.122 (b477534e7e1..., userDataDir: C:\Users\ABHINA~1.DAG\AppDa...}, fedcm:accounts: true, goog:chromeOptions: {debuggerAddress: localhost:65307}, networkConnectionEnabled: false, pageLoadStrategy: normal, platformName: windows, proxy: Proxy(), se:cdp: ws://localhost:65307/devtoo..., se:cdpVersion: 141.0.7390.123, setWindowRect: true, strictFileInteractability: false, timeouts: {implicit: 0, pageLoad: 300000, script: 30000}, unhandledPromptBehavior: dismiss and notify, webauthn:extension:credBlob: true, webauthn:extension:largeBlob: true, webauthn:extension:minPinLength: true, webauthn:extension:prf: true, webauthn:virtualAuthenticators: true}
Element: [[ChromeDriver: chrome on windows (696724186b443a45b186cb7aa5a8a3c6)] -> xpath: //textarea[contains(@placeholder,'Enter rejection message')]]
Session ID: 696724186b443a45b186cb7aa5a8a3c6
        </td>
      </tr>
      <tr class="event-row">
        <td><span class="badge log pass-bg">Pass</span></td>
        <td>2:50:38 pm</td>
        <td>
          Entered **Null not allowed** into **Rejection Remark** textbox successfully.
        </td>
      </tr>
      <tr class="event-row">
        <td><span class="badge log pass-bg">Pass</span></td>
        <td>2:50:38 pm</td>
        <td>
          Clicked on **Apply Configuration** button successfully.
        </td>
      </tr>
      <tr class="event-row">
        <td><span class="badge log pass-bg">Pass</span></td>
        <td>2:50:38 pm</td>
        <td>
          'Data Quality Rules configuration saved successfully!' success message is present on the page.
        </td>
      </tr>
      <tr class="event-row">
        <td><span class="badge log pass-bg">Pass</span></td>
        <td>2:50:39 pm</td>
        <td>
          Clicked on **Data Quality Rules Configuration Dialog Box Close Button** button successfully.
        </td>
      </tr>
      <tr class="event-row">
        <td><span class="badge log pass-bg">Pass</span></td>
        <td>2:50:40 pm</td>
        <td>
          Entered **Cast Data Type** into **Searchbox** textbox successfully.
        </td>
      </tr>
      <tr class="event-row">
        <td><span class="badge log pass-bg">Pass</span></td>
        <td>2:50:40 pm</td>
        <td>
          Cast Data Type
Convert columns to different data types is drag and dropped at the target location
        </td>
      </tr>
      <tr class="event-row">
        <td><span class="badge log pass-bg">Pass</span></td>
        <td>2:50:40 pm</td>
        <td>
          Clicked on **Zoom Out** button successfully.
        </td>
      </tr>
      <tr class="event-row">
        <td><span class="badge log pass-bg">Pass</span></td>
        <td>2:50:41 pm</td>
        <td>
           is drag and dropped at the target location
        </td>
      </tr>
      <tr class="event-row">
        <td><span class="badge log pass-bg">Pass</span></td>
        <td>2:50:41 pm</td>
        <td>
          Double clicked on **Cast Data type** successfully.
        </td>
      </tr>
      <tr class="event-row">
        <td><span class="badge log fail-bg">Fail</span></td>
        <td>2:51:04 pm</td>
        <td>
          Failed to enter **quantity** into **Search Column** textbox. Exception: Expected condition failed: waiting for visibility of [[ChromeDriver: chrome on windows (696724186b443a45b186cb7aa5a8a3c6)] -> xpath: //input[@placeholder='Search columns...']] (tried for 20 second(s) with 500 milliseconds interval)
Build info: version: '4.33.0', revision: '2c6aaad03a'
System info: os.name: 'Windows 11', os.arch: 'amd64', os.version: '10.0', java.version: '21.0.7'
Driver info: org.openqa.selenium.chrome.ChromeDriver
Capabilities {acceptInsecureCerts: false, browserName: chrome, browserVersion: 141.0.7390.123, chrome: {chromedriverVersion: 141.0.7390.122 (b477534e7e1..., userDataDir: C:\Users\ABHINA~1.DAG\AppDa...}, fedcm:accounts: true, goog:chromeOptions: {debuggerAddress: localhost:65307}, networkConnectionEnabled: false, pageLoadStrategy: normal, platformName: windows, proxy: Proxy(), se:cdp: ws://localhost:65307/devtoo..., se:cdpVersion: 141.0.7390.123, setWindowRect: true, strictFileInteractability: false, timeouts: {implicit: 0, pageLoad: 300000, script: 30000}, unhandledPromptBehavior: dismiss and notify, webauthn:extension:credBlob: true, webauthn:extension:largeBlob: true, webauthn:extension:minPinLength: true, webauthn:extension:prf: true, webauthn:virtualAuthenticators: true}
Session ID: 696724186b443a45b186cb7aa5a8a3c6
        </td>
      </tr>
      <tr class="event-row">
        <td><span class="badge log pass-bg">Pass</span></td>
        <td>2:51:25 pm</td>
        <td>
          Clicked on **Apply Configuration** button successfully.
        </td>
      </tr>
      <tr class="event-row">
        <td><span class="badge log pass-bg">Pass</span></td>
        <td>2:51:34 pm</td>
        <td>
          'Cast Data Type configuration saved successfully!' success message is present on the page.
        </td>
      </tr>
      <tr class="event-row">
        <td><span class="badge log pass-bg">Pass</span></td>
        <td>2:51:35 pm</td>
        <td>
          Clicked on **Cast Data Type Configuration Dialog Box Close Button** button successfully.
        </td>
      </tr>
      <tr class="event-row">
        <td><span class="badge log pass-bg">Pass</span></td>
        <td>2:51:36 pm</td>
        <td>
          Entered **Drop Columns** into **Searchbox** textbox successfully.
        </td>
      </tr>
      <tr class="event-row">
        <td><span class="badge log pass-bg">Pass</span></td>
        <td>2:51:37 pm</td>
        <td>
          Drop Columns
Remove or keep specific columns from the dataset is drag and dropped at the target location
        </td>
      </tr>
      <tr class="event-row">
        <td><span class="badge log pass-bg">Pass</span></td>
        <td>2:51:37 pm</td>
        <td>
          Clicked on **Zoom Out** button successfully.
        </td>
      </tr>
      <tr class="event-row">
        <td><span class="badge log pass-bg">Pass</span></td>
        <td>2:51:37 pm</td>
        <td>
           is drag and dropped at the target location
        </td>
      </tr>
      <tr class="event-row">
        <td><span class="badge log pass-bg">Pass</span></td>
        <td>2:51:38 pm</td>
        <td>
          Double clicked on **Drop Columns** successfully.
        </td>
      </tr>
      <tr class="event-row">
        <td><span class="badge log fail-bg">Fail</span></td>
        <td>2:52:00 pm</td>
        <td>
          Failed to enter **priority** into **Search Column** textbox. Exception: Expected condition failed: waiting for visibility of [[ChromeDriver: chrome on windows (696724186b443a45b186cb7aa5a8a3c6)] -> xpath: //input[@placeholder='Search columns...']] (tried for 20 second(s) with 500 milliseconds interval)
Build info: version: '4.33.0', revision: '2c6aaad03a'
System info: os.name: 'Windows 11', os.arch: 'amd64', os.version: '10.0', java.version: '21.0.7'
Driver info: org.openqa.selenium.chrome.ChromeDriver
Capabilities {acceptInsecureCerts: false, browserName: chrome, browserVersion: 141.0.7390.123, chrome: {chromedriverVersion: 141.0.7390.122 (b477534e7e1..., userDataDir: C:\Users\ABHINA~1.DAG\AppDa...}, fedcm:accounts: true, goog:chromeOptions: {debuggerAddress: localhost:65307}, networkConnectionEnabled: false, pageLoadStrategy: normal, platformName: windows, proxy: Proxy(), se:cdp: ws://localhost:65307/devtoo..., se:cdpVersion: 141.0.7390.123, setWindowRect: true, strictFileInteractability: false, timeouts: {implicit: 0, pageLoad: 300000, script: 30000}, unhandledPromptBehavior: dismiss and notify, webauthn:extension:credBlob: true, webauthn:extension:largeBlob: true, webauthn:extension:minPinLength: true, webauthn:extension:prf: true, webauthn:virtualAuthenticators: true}
Session ID: 696724186b443a45b186cb7aa5a8a3c6
        </td>
      </tr>
      <tr class="event-row">
        <td><span class="badge log fail-bg">Fail</span></td>
        <td>2:52:25 pm</td>
        <td>
          priority checkbox is not clicked due to: no such element: Unable to locate element: {"method":"xpath","selector":"(//*[text()='priority']//preceding::input[@type='checkbox']/..)[count(//*[text()='priority']//preceding::input[@type='checkbox'])]"}
  (Session info: chrome=141.0.7390.123)
For documentation on this error, please visit: https://www.selenium.dev/documentation/webdriver/troubleshooting/errors#no-such-element-exception
Build info: version: '4.33.0', revision: '2c6aaad03a'
System info: os.name: 'Windows 11', os.arch: 'amd64', os.version: '10.0', java.version: '21.0.7'
Driver info: org.openqa.selenium.chrome.ChromeDriver
Command: [696724186b443a45b186cb7aa5a8a3c6, findElement {value=(//*[text()='priority']//preceding::input[@type='checkbox']/..)[count(//*[text()='priority']//preceding::input[@type='checkbox'])], using=xpath}]
Capabilities {acceptInsecureCerts: false, browserName: chrome, browserVersion: 141.0.7390.123, chrome: {chromedriverVersion: 141.0.7390.122 (b477534e7e1..., userDataDir: C:\Users\ABHINA~1.DAG\AppDa...}, fedcm:accounts: true, goog:chromeOptions: {debuggerAddress: localhost:65307}, networkConnectionEnabled: false, pageLoadStrategy: normal, platformName: windows, proxy: Proxy(), se:cdp: ws://localhost:65307/devtoo..., se:cdpVersion: 141.0.7390.123, setWindowRect: true, strictFileInteractability: false, timeouts: {implicit: 0, pageLoad: 300000, script: 30000}, unhandledPromptBehavior: dismiss and notify, webauthn:extension:credBlob: true, webauthn:extension:largeBlob: true, webauthn:extension:minPinLength: true, webauthn:extension:prf: true, webauthn:virtualAuthenticators: true}
Session ID: 696724186b443a45b186cb7aa5a8a3c6
        </td>
      </tr>
      <tr class="event-row">
        <td><span class="badge log pass-bg">Pass</span></td>
        <td>2:52:25 pm</td>
        <td>
          Clicked on **Apply Configuration** button successfully.
        </td>
      </tr>
      <tr class="event-row">
        <td><span class="badge log pass-bg">Pass</span></td>
        <td>2:52:26 pm</td>
        <td>
          'Drop columns configuration saved successfully!' is present on the page.
        </td>
      </tr>
      <tr class="event-row">
        <td><span class="badge log pass-bg">Pass</span></td>
        <td>2:52:26 pm</td>
        <td>
          Clicked on **Drop Columns Configuration Dialog Box Close Button** button successfully.
        </td>
      </tr>
      <tr class="event-row">
        <td><span class="badge log pass-bg">Pass</span></td>
        <td>2:52:27 pm</td>
        <td>
          Entered **Drop duplicates** into **Searchbox** textbox successfully.
        </td>
      </tr>
      <tr class="event-row">
        <td><span class="badge log pass-bg">Pass</span></td>
        <td>2:52:28 pm</td>
        <td>
          Drop Duplicates
Remove duplicate rows based on all or selected columns is drag and dropped at the target location
        </td>
      </tr>
      <tr class="event-row">
        <td><span class="badge log pass-bg">Pass</span></td>
        <td>2:52:28 pm</td>
        <td>
          Clicked on **Zoom Out** button successfully.
        </td>
      </tr>
      <tr class="event-row">
        <td><span class="badge log pass-bg">Pass</span></td>
        <td>2:52:28 pm</td>
        <td>
           is drag and dropped at the target location
        </td>
      </tr>
      <tr class="event-row">
        <td><span class="badge log pass-bg">Pass</span></td>
        <td>2:52:28 pm</td>
        <td>
          Double clicked on **Drop Duplicates** successfully.
        </td>
      </tr>
      <tr class="event-row">
        <td><span class="badge log fail-bg">Fail</span></td>
        <td>2:52:51 pm</td>
        <td>
          Failed to click on **Select All Checkbox** button. Exception: Expected condition failed: waiting for element to be clickable: [[ChromeDriver: chrome on windows (696724186b443a45b186cb7aa5a8a3c6)] -> xpath: //input[@aria-label='Select all' and @type='checkbox']] (tried for 20 second(s) with 500 milliseconds interval)
Build info: version: '4.33.0', revision: '2c6aaad03a'
System info: os.name: 'Windows 11', os.arch: 'amd64', os.version: '10.0', java.version: '21.0.7'
Driver info: org.openqa.selenium.chrome.ChromeDriver
Capabilities {acceptInsecureCerts: false, browserName: chrome, browserVersion: 141.0.7390.123, chrome: {chromedriverVersion: 141.0.7390.122 (b477534e7e1..., userDataDir: C:\Users\ABHINA~1.DAG\AppDa...}, fedcm:accounts: true, goog:chromeOptions: {debuggerAddress: localhost:65307}, networkConnectionEnabled: false, pageLoadStrategy: normal, platformName: windows, proxy: Proxy(), se:cdp: ws://localhost:65307/devtoo..., se:cdpVersion: 141.0.7390.123, setWindowRect: true, strictFileInteractability: false, timeouts: {implicit: 0, pageLoad: 300000, script: 30000}, unhandledPromptBehavior: dismiss and notify, webauthn:extension:credBlob: true, webauthn:extension:largeBlob: true, webauthn:extension:minPinLength: true, webauthn:extension:prf: true, webauthn:virtualAuthenticators: true}
Session ID: 696724186b443a45b186cb7aa5a8a3c6
        </td>
      </tr>
      <tr class="event-row">
        <td><span class="badge log pass-bg">Pass</span></td>
        <td>2:52:51 pm</td>
        <td>
          Clicked on **Apply Configuration** button successfully.
        </td>
      </tr>
      <tr class="event-row">
        <td><span class="badge log fail-bg">Fail</span></td>
        <td>2:53:32 pm</td>
        <td>
          'Element' is not present. Exception: Expected condition failed: waiting for visibility of Proxy element for: DefaultElementLocator 'By.xpath: //span[text()='Remove duplicate rows based on all or selected columns']' (tried for 20 second(s) with 500 milliseconds interval)
        </td>
      </tr>
      <tr class="event-row">
        <td><span class="badge log pass-bg">Pass</span></td>
        <td>2:53:32 pm</td>
        <td>
          Clicked on **Drop Duplicates Configuration Dialog Box Close Button** button successfully.
        </td>
      </tr>
      <tr class="event-row">
        <td><span class="badge log pass-bg">Pass</span></td>
        <td>2:53:32 pm</td>
        <td>
          Clicked on **Add Target -> Data Lake** button successfully.
        </td>
      </tr>
      <tr class="event-row">
        <td><span class="badge log pass-bg">Pass</span></td>
        <td>2:53:35 pm</td>
        <td>
          Clicked on **Source Selection Model -> Delta Lake / Lakehouse** button successfully.
        </td>
      </tr>
      <tr class="event-row">
        <td><span class="badge log fail-bg">Fail</span></td>
        <td>2:54:20 pm</td>
        <td>
          'silver' is NOT selected from 'Select Lakehouse' dropdown element due to: Expected condition failed: waiting for visibility of element located by By.xpath: //div[contains(@class,'option') and normalize-space(text())='silver'] (tried for 20 second(s) with 500 milliseconds interval)
Build info: version: '4.33.0', revision: '2c6aaad03a'
System info: os.name: 'Windows 11', os.arch: 'amd64', os.version: '10.0', java.version: '21.0.7'
Driver info: org.openqa.selenium.chrome.ChromeDriver
Capabilities {acceptInsecureCerts: false, browserName: chrome, browserVersion: 141.0.7390.123, chrome: {chromedriverVersion: 141.0.7390.122 (b477534e7e1..., userDataDir: C:\Users\ABHINA~1.DAG\AppDa...}, fedcm:accounts: true, goog:chromeOptions: {debuggerAddress: localhost:65307}, networkConnectionEnabled: false, pageLoadStrategy: normal, platformName: windows, proxy: Proxy(), se:cdp: ws://localhost:65307/devtoo..., se:cdpVersion: 141.0.7390.123, setWindowRect: true, strictFileInteractability: false, timeouts: {implicit: 0, pageLoad: 300000, script: 30000}, unhandledPromptBehavior: dismiss and notify, webauthn:extension:credBlob: true, webauthn:extension:largeBlob: true, webauthn:extension:minPinLength: true, webauthn:extension:prf: true, webauthn:virtualAuthenticators: true}
Session ID: 696724186b443a45b186cb7aa5a8a3c6
        </td>
      </tr>
      <tr class="event-row">
        <td><span class="badge log pass-bg">Pass</span></td>
        <td>2:54:21 pm</td>
        <td>
          'Tables' is selected from 'Select Lakehouse Type' dropdown element
        </td>
      </tr>
      <tr class="event-row">
        <td><span class="badge log pass-bg">Pass</span></td>
        <td>2:54:27 pm</td>
        <td>
          Clicked on **Proceed** button successfully.
        </td>
      </tr>
      <tr class="event-row">
        <td><span class="badge log pass-bg">Pass</span></td>
        <td>2:54:37 pm</td>
        <td>
           is drag and dropped at the target location
        </td>
      </tr>
      <tr class="event-row">
        <td><span class="badge log pass-bg">Pass</span></td>
        <td>2:54:37 pm</td>
        <td>
          Clicked on **Save** button successfully.
        </td>
      </tr>
      <tr class="event-row">
        <td><span class="badge log fail-bg">Fail</span></td>
        <td>2:55:18 pm</td>
        <td>
          'Element' is not present. Exception: Expected condition failed: waiting for visibility of Proxy element for: DefaultElementLocator 'By.xpath: //span[text()='Pipeline saved to draft successfully']' (tried for 20 second(s) with 500 milliseconds interval)
        </td>
      </tr>
      <tr class="event-row">
        <td><span class="badge log pass-bg">Pass</span></td>
        <td>2:55:19 pm</td>
        <td>
          Double clicked on **Target_Operation - automation_transform_dev** successfully.
        </td>
      </tr>
      <tr class="event-row">
        <td><span class="badge log fail-bg">Fail</span></td>
        <td>2:55:31 pm</td>
        <td>
          dataNeuxsTransformationPipeline failed.
        </td>
      </tr>
      <tr class="event-row">
        <td><span class="badge log info-bg">Info</span></td>
        <td>2:55:31 pm</td>
        <td>
          java.lang.AssertionError: null
        </td>
      </tr>
  </tbody>
</table>
</div>
          </div>
        </li>
        <li class="test-item"  status="skip" test-id="9"
          author=""
          tag="testCases.Regression_Testing_Script"
          device="">
          <div class="test-detail">
            <p class="name">dataNexusdataModel</p>
            <p class="text-sm">
              <span>2:55:31 pm</span> / <span>00:00:00:004</span>
              <span class="badge skip-bg log float-right">Skip</span>
            </p>
          </div>
          <div class="test-contents d-none">
<div class="detail-head">
<div class="p-v-10">
<div class="info">
<h5 class="test-status text-skip">dataNexusdataModel</h5>
<span class='badge badge-success'>11.05.2025 2:55:31 pm</span>
<span class='badge badge-danger'>11.05.2025 2:55:31 pm</span>
<span class='badge badge-default'>00:00:00:004</span>
&middot; <span class='uri-anchor badge badge-default'>#test-id=9</span>
<span title='Skip to the next failed step' class='badge badge-danger pointer float-right ne ml-1'><i class="fa fa-fast-forward"></i></span>
<span title='Collapse all nodes' class='badge badge-default pointer float-right ct ml-1'><i class="fa fa-compress"></i></span>
<span title='Expand all nodes' class='badge badge-default pointer float-right et'><i class="fa fa-expand"></i></span>
</div>
<div class="m-t-15"><span class="badge badge-pill badge-default">testCases.Regression_Testing_Script</span></div>
</div>
</div><div class="detail-body mt-4">
<table class="table table-sm">
  <thead><tr><th class="status-col">Status</th><th class="timestamp-col">Timestamp</th><th class="details-col">Details</th></tr></thead>
  <tbody>
      <tr class="event-row">
        <td><span class="badge log skip-bg">Skip</span></td>
        <td>2:55:31 pm</td>
        <td>
          dataNexusdataModel was skipped.
        </td>
      </tr>
  </tbody>
</table>
</div>
          </div>
        </li>
        <li class="test-item"  status="skip" test-id="10"
          author=""
          tag="testCases.Regression_Testing_Script"
          device="">
          <div class="test-detail">
            <p class="name">DataNexusDataProfiler</p>
            <p class="text-sm">
              <span>2:55:31 pm</span> / <span>00:00:00:001</span>
              <span class="badge skip-bg log float-right">Skip</span>
            </p>
          </div>
          <div class="test-contents d-none">
<div class="detail-head">
<div class="p-v-10">
<div class="info">
<h5 class="test-status text-skip">DataNexusDataProfiler</h5>
<span class='badge badge-success'>11.05.2025 2:55:31 pm</span>
<span class='badge badge-danger'>11.05.2025 2:55:31 pm</span>
<span class='badge badge-default'>00:00:00:001</span>
&middot; <span class='uri-anchor badge badge-default'>#test-id=10</span>
<span title='Skip to the next failed step' class='badge badge-danger pointer float-right ne ml-1'><i class="fa fa-fast-forward"></i></span>
<span title='Collapse all nodes' class='badge badge-default pointer float-right ct ml-1'><i class="fa fa-compress"></i></span>
<span title='Expand all nodes' class='badge badge-default pointer float-right et'><i class="fa fa-expand"></i></span>
</div>
<div class="m-t-15"><span class="badge badge-pill badge-default">testCases.Regression_Testing_Script</span></div>
</div>
</div><div class="detail-body mt-4">
<table class="table table-sm">
  <thead><tr><th class="status-col">Status</th><th class="timestamp-col">Timestamp</th><th class="details-col">Details</th></tr></thead>
  <tbody>
      <tr class="event-row">
        <td><span class="badge log skip-bg">Skip</span></td>
        <td>2:55:31 pm</td>
        <td>
          DataNexusDataProfiler was skipped.
        </td>
      </tr>
  </tbody>
</table>
</div>
          </div>
        </li>
        <li class="test-item"  status="skip" test-id="11"
          author=""
          tag="testCases.Regression_Testing_Script"
          device="">
          <div class="test-detail">
            <p class="name">DataNexusMonitoring</p>
            <p class="text-sm">
              <span>2:55:31 pm</span> / <span>00:00:00:000</span>
              <span class="badge skip-bg log float-right">Skip</span>
            </p>
          </div>
          <div class="test-contents d-none">
<div class="detail-head">
<div class="p-v-10">
<div class="info">
<h5 class="test-status text-skip">DataNexusMonitoring</h5>
<span class='badge badge-success'>11.05.2025 2:55:31 pm</span>
<span class='badge badge-danger'>11.05.2025 2:55:31 pm</span>
<span class='badge badge-default'>00:00:00:000</span>
&middot; <span class='uri-anchor badge badge-default'>#test-id=11</span>
<span title='Skip to the next failed step' class='badge badge-danger pointer float-right ne ml-1'><i class="fa fa-fast-forward"></i></span>
<span title='Collapse all nodes' class='badge badge-default pointer float-right ct ml-1'><i class="fa fa-compress"></i></span>
<span title='Expand all nodes' class='badge badge-default pointer float-right et'><i class="fa fa-expand"></i></span>
</div>
<div class="m-t-15"><span class="badge badge-pill badge-default">testCases.Regression_Testing_Script</span></div>
</div>
</div><div class="detail-body mt-4">
<table class="table table-sm">
  <thead><tr><th class="status-col">Status</th><th class="timestamp-col">Timestamp</th><th class="details-col">Details</th></tr></thead>
  <tbody>
      <tr class="event-row">
        <td><span class="badge log skip-bg">Skip</span></td>
        <td>2:55:31 pm</td>
        <td>
          DataNexusMonitoring was skipped.
        </td>
      </tr>
  </tbody>
</table>
</div>
          </div>
        </li>
        <li class="test-item"  status="skip" test-id="12"
          author=""
          tag="testCases.Regression_Testing_Script"
          device="">
          <div class="test-detail">
            <p class="name">DataNexusTenants</p>
            <p class="text-sm">
              <span>2:55:31 pm</span> / <span>00:00:00:000</span>
              <span class="badge skip-bg log float-right">Skip</span>
            </p>
          </div>
          <div class="test-contents d-none">
<div class="detail-head">
<div class="p-v-10">
<div class="info">
<h5 class="test-status text-skip">DataNexusTenants</h5>
<span class='badge badge-success'>11.05.2025 2:55:31 pm</span>
<span class='badge badge-danger'>11.05.2025 2:55:31 pm</span>
<span class='badge badge-default'>00:00:00:000</span>
&middot; <span class='uri-anchor badge badge-default'>#test-id=12</span>
<span title='Skip to the next failed step' class='badge badge-danger pointer float-right ne ml-1'><i class="fa fa-fast-forward"></i></span>
<span title='Collapse all nodes' class='badge badge-default pointer float-right ct ml-1'><i class="fa fa-compress"></i></span>
<span title='Expand all nodes' class='badge badge-default pointer float-right et'><i class="fa fa-expand"></i></span>
</div>
<div class="m-t-15"><span class="badge badge-pill badge-default">testCases.Regression_Testing_Script</span></div>
</div>
</div><div class="detail-body mt-4">
<table class="table table-sm">
  <thead><tr><th class="status-col">Status</th><th class="timestamp-col">Timestamp</th><th class="details-col">Details</th></tr></thead>
  <tbody>
      <tr class="event-row">
        <td><span class="badge log skip-bg">Skip</span></td>
        <td>2:55:31 pm</td>
        <td>
          DataNexusTenants was skipped.
        </td>
      </tr>
  </tbody>
</table>
</div>
          </div>
        </li>
      </ul>
    </div>
  </div>
<div class="test-content scrollable">
<div class="test-content-tools">
<ul><li><a class="back-to-test" href="#"><i class="fa fa-arrow-left"></i></a></li></ul>
</div>
<div class="test-content-detail"><div class="detail-body"></div></div>
</div></div>
<div class="test-wrapper row view category-view attributes-view">
<div class="test-list">
<div class="test-list-tools">
<ul class="tools pull-left"><li><a href=""><span class="font-size-14">Category</span></a></li></ul>
<ul class="tools text-right"><li><a href="#"><span class="badge badge-primary">1</span></a></li></ul>
</div>
<div class="test-list-wrapper scrollable">
<ul class="test-list-item">
<li class="test-item">
<div class="test-detail">
<span class="meta">
<span class='badge log pass-bg'>2</span>
<span class='badge log badge-danger'>2</span>
<span class='badge log badge-skip'>8</span>
</span>
<p class="name">testCases.Regression_Testing_Script</p>
<p class="duration text-sm">12 tests</p>
</div>
<div class="test-contents d-none">
<div class="info">
<h4>testCases.Regression_Testing_Script</h4>
<span status="pass" class='badge log pass-bg'>2 passed</span>
<span status="fail" class='badge log badge-danger'>2 failed</span>
<span status="skip" class='badge log badge-skip'>8 skipped</span>
</div>
<table class='table table-sm mt-4'>
<thead>
<tr>
<th class="status-col">Status</th>
<th class="timestamp-col">Timestamp</th>
<th>TestName</th>
</tr>
</thead>
<tbody>
<tr class="tag-test-status" status="fail">
<td><span class="badge log fail-bg">Fail</span></td>
<td>14:44:07 pm</td>
<td>
<a href="#" class="linked" test-id='1' id='1'>loginSetup</a>
</td>
</tr>
<tr class="tag-test-status" status="pass">
<td><span class="badge log pass-bg">Pass</span></td>
<td>14:46:04 pm</td>
<td>
<a href="#" class="linked" test-id='2' id='2'>dataNexusHomePageNavigation</a>
</td>
</tr>
<tr class="tag-test-status" status="pass">
<td><span class="badge log pass-bg">Pass</span></td>
<td>14:46:04 pm</td>
<td>
<a href="#" class="linked" test-id='3' id='3'>dataNexus</a>
</td>
</tr>
<tr class="tag-test-status" status="skip">
<td><span class="badge log skip-bg">Skip</span></td>
<td>14:46:07 pm</td>
<td>
<a href="#" class="linked" test-id='4' id='4'>dataNexusHome</a>
</td>
</tr>
<tr class="tag-test-status" status="skip">
<td><span class="badge log skip-bg">Skip</span></td>
<td>14:46:07 pm</td>
<td>
<a href="#" class="linked" test-id='5' id='5'>dataNexusConnection</a>
</td>
</tr>
<tr class="tag-test-status" status="skip">
<td><span class="badge log skip-bg">Skip</span></td>
<td>14:46:07 pm</td>
<td>
<a href="#" class="linked" test-id='6' id='6'>dataNexusIngestionPipeline</a>
</td>
</tr>
<tr class="tag-test-status" status="skip">
<td><span class="badge log skip-bg">Skip</span></td>
<td>14:46:07 pm</td>
<td>
<a href="#" class="linked" test-id='7' id='7'>DataNexusOrchestrator</a>
</td>
</tr>
<tr class="tag-test-status" status="fail">
<td><span class="badge log fail-bg">Fail</span></td>
<td>14:46:07 pm</td>
<td>
<a href="#" class="linked" test-id='8' id='8'>dataNeuxsTransformationPipeline</a>
</td>
</tr>
<tr class="tag-test-status" status="skip">
<td><span class="badge log skip-bg">Skip</span></td>
<td>14:55:31 pm</td>
<td>
<a href="#" class="linked" test-id='9' id='9'>dataNexusdataModel</a>
</td>
</tr>
<tr class="tag-test-status" status="skip">
<td><span class="badge log skip-bg">Skip</span></td>
<td>14:55:31 pm</td>
<td>
<a href="#" class="linked" test-id='10' id='10'>DataNexusDataProfiler</a>
</td>
</tr>
<tr class="tag-test-status" status="skip">
<td><span class="badge log skip-bg">Skip</span></td>
<td>14:55:31 pm</td>
<td>
<a href="#" class="linked" test-id='11' id='11'>DataNexusMonitoring</a>
</td>
</tr>
<tr class="tag-test-status" status="skip">
<td><span class="badge log skip-bg">Skip</span></td>
<td>14:55:31 pm</td>
<td>
<a href="#" class="linked" test-id='12' id='12'>DataNexusTenants</a>
</td>
</tr>
</tbody>
</table>
</div>
</li>
</ul>
</div>
</div>
<div class="test-content scrollable">
<div class="test-content-detail">
<div class="detail-body"></div>
</div>
</div>
</div><div class="container-fluid p-4 view dashboard-view">
<div class="row">
<div class="col-md-3">
<div class="card"><div class="card-body">
<p class="m-b-0">Started</p>
<h3>Nov 5, 2025 02:44:02 pm</h3>
</div></div>
</div>
<div class="col-md-3">
<div class="card"><div class="card-body">
<p class="m-b-0">Ended</p>
<h3>Nov 5, 2025 02:55:31 pm</h3>
</div></div>
</div>
<div class="col-md-3">
<div class="card"><div class="card-body">
<p class="m-b-0 text-pass">Tests Passed</p>
<h3>2</h3>
</div></div>
</div>
<div class="col-md-3">
<div class="card"><div class="card-body">
<p class="m-b-0 text-fail">Tests Failed</p>
<h3>2</h3>
</div></div>
</div>
</div>
<div class="row">
<div class="col-md-6">
<div class="card">
<div class="card-header">
<h6 class="card-title">Tests</h6>
</div>
<div class="card-body">
<div class="">
<canvas id='parent-analysis' width='115' height='90'></canvas>
</div>
</div>
<div class="card-footer">
<div><small data-tooltip='16%'>
<b>2</b> tests passed
</small>
</div>
<div>
<small data-tooltip='16%'><b>2</b> tests failed,
<b>8</b> skipped, <b data-tooltip='0%'>0</b> others
</small>
</div>
</div>
</div>
</div>
<div class="col-md-6">
<div class="card">
<div class="card-header">
<h6 class="card-title">Log events</h6>
</div>
<div class="card-body">
<div class="">
<canvas id='events-analysis' width='115' height='90'></canvas>
</div>
</div>
<div class="card-footer">
<div><small data-tooltip='82%'><b>129</b> events passed</small></div>
<div>
<small data-tooltip='12%'><b>19</b> events failed,
<b data-tooltip='%'>9</b> others
</small>
</div>
</div>
</div>
</div>
</div>
<div class="row"><div class="col-md-12">
<div class="card"><div class="card-header"><p>Timeline</p></div>
<div class="card-body pt-0"><div>
<canvas id="timeline" height="120"></canvas>
</div></div>
</div>
</div></div>
<script>
var timeline = {
"loginSetup":117.238,"dataNexusHomePageNavigation":0.048,"dataNexus":2.679,"dataNexusHome":0.012,"dataNexusConnection":0.001,"dataNexusIngestionPipeline":0.004,"DataNexusOrchestrator":0.002,"dataNeuxsTransformationPipeline":564.191,"dataNexusdataModel":0.004,"DataNexusDataProfiler":0.001,"DataNexusMonitoring":0,"DataNexusTenants":0
};
</script>
<div class="row">
<div class="col-lg-6 col-md-12 category-container">
<div class="card">
<div class="card-header"><p>Tags</p></div>
<div class="card-body pb-0 pt-0"><table class="table table-sm table-bordered">
<thead><tr class="bg-gray"><th>Name</th><th>Passed</th><th>Failed</th><th>Skipped</th><th>Others</th><th>Passed %</th></tr></thead><tbody>
<tr>
<td>testCases.Regression_Testing_Script</td>
<td>2</td>
<td>2</td>
<td>8</td>
<td>0</td>
<td>16.667%</td>
</tr>
</tbody>
</table></div>
</div>
</div>
<div class="col-lg-6 col-md-12 sysenv-container">
<div class="card">
<div class="card-header"><p>System/Environment</p></div>
<div class="card-body pb-0 pt-0"><table class="table table-sm table-bordered">
<thead><tr class="bg-gray"><th>Name</th><th>Value</th></tr></thead>
<tbody>
<tr>
<td>Application</td>
<td>OnePlatform</td>
</tr>
<tr>
<td>Environment</td>
<td>UAT</td>
</tr>
<tr>
<td>User Name</td>
<td>abhinav.dagar</td>
</tr>
<tr>
<td>Browser</td>
<td>chrome</td>
</tr>
</tbody>
</table></div>
</div>
</div>
</div>
</div>
<script>
var statusGroup = {
parentCount: 5,
passParent: 2,
failParent: 2,
warningParent: 0,
skipParent: 8,
childCount: 5,
passChild: 0,
failChild: 0,
warningChild: 0,
skipChild: 0,
infoChild: 0,
grandChildCount: 5,
passGrandChild: 0,
failGrandChild: 0,
warningGrandChild: 0,
skipGrandChild: 0,
infoGrandChild: 0,
eventsCount: 5,
passEvents: 129,
failEvents: 19,
warningEvents: 0,
skipEvents: 8,
infoEvents: 1
};
</script>        </div>
      </div>
    </div>
  </div>
<script src="https://cdn.jsdelivr.net/gh/extent-framework/extent-github-cdn@c05cd28cde1617b9d0c05a831daff6cb97fd9fd5/spark/js/spark-script.js"></script>
<script type="text/javascript"></script></body>
</html>