

<!DOCTYPE html>
<html>
<head>
<meta charset="UTF-8">
<meta name="viewport" content="width=device-width, initial-scale=1, shrink-to-fit=no">
<title>Automation Test Report</title>
<link rel="apple-touch-icon" href="https://cdn.jsdelivr.net/gh/extent-framework/extent-github-cdn@b00a2d0486596e73dd7326beacf352c639623a0e/commons/img/logo.png">
<link rel="shortcut icon" href="https://cdn.jsdelivr.net/gh/extent-framework/extent-github-cdn@b00a2d0486596e73dd7326beacf352c639623a0e/commons/img/logo.png">
<link href="https://cdn.jsdelivr.net/gh/extent-framework/extent-github-cdn@ce8b10435bcbae260c334c0d0c6b61d2c19b6168/spark/css/spark-style.css" rel="stylesheet" />
<link href="https://stackpath.bootstrapcdn.com/font-awesome/4.7.0/css/font-awesome.min.css" rel="stylesheet">
<script src="https://cdn.jsdelivr.net/gh/extent-framework/extent-github-cdn@7cc78ce/spark/js/jsontree.js"></script>
<style type="text/css"></style></head><body class="spa -report dark">
  <div class="app">
    <div class="layout">
<div class="header navbar">
<div class="vheader">
<div class="nav-logo">
<a href="#">
<div class="logo" style="background-image: url('https://cdn.jsdelivr.net/gh/extent-framework/extent-github-cdn@b00a2d0486596e73dd7326beacf352c639623a0e/commons/img/logo.png')"></div>
</a>
</div>
<ul class="nav-left">
<li class="search-box">
<a class="search-toggle" href="#">
<i class="search-icon fa fa-search"></i>
<i class="search-icon-close fa fa-close"></i>
</a>
</li>
<li class="search-input"><input id="search-tests" class="form-control" type="text" placeholder="Search..."></li>
</ul>
<ul class="nav-right">
<li class="m-r-10">
<a href="#"><span class="badge badge-primary">Functional Test Execution</span></a>
</li>
<li class="m-r-10">
<a href="#"><span class="badge badge-primary">Nov 5, 2025 04:23:56 pm</span></a>
</li>
</ul>
</div>
</div><div class="side-nav">
<div class="side-nav-inner">
<ul class="side-nav-menu">
<li class="nav-item dropdown" onclick="toggleView('test-view')">
<a id="nav-test" class="dropdown-toggle" href="#">
<span class="ico"><i class="fa fa-list"></i></span>
</a>
</li>
<li class="nav-item dropdown" onclick="toggleView('category-view')">
<a id="nav-category" class="dropdown-toggle" href="#">
<span class="ico"><i class="fa fa-tag"></i></span>
</a>
</li>
<li class="nav-item dropdown" onclick="toggleView('dashboard-view')">
<a id="nav-dashboard" class="dropdown-toggle" href="#">
<span class="ico"><i class="fa fa-bar-chart"></i></span>
</a>
</li>
</ul>
</div>
</div>      <div class="vcontainer">
        <div class="main-content">
<div class="test-wrapper row view test-view">
  <div class="test-list">
    <div class="test-list-tools">
<ul class="tools pull-left">
<li><a href="#"><span class="font-size-14">Tests</span></a></li>
</ul>
<ul class="tools text-right">
<li class="dropdown">
<a href="#" class="dropdown-toggle" data-toggle="dropdown"><i class="fa fa-exclamation-circle"></i></a>
<ul id="status-toggle" class="dropdown-menu dropdown-md p-v-0">
<a class="dropdown-item" status="pass" href="#"><span>Pass</span><span class="status success"></span></a>
<a class="dropdown-item" status="fail" href="#"><span>Fail</span><span class="status danger"></span></a>
<a class="dropdown-item" status="skip" href="#"><span>Skip</span><span class="status warning"></span></a>
<div class="dropdown-divider"></div>
<a status="clear" class="dropdown-item" href="#"><span>Clear</span><span class="pull-right"><i class="fa fa-close"></i></span></a>
</ul>
</li>
<li class="dropdown">
<a href="#" class="dropdown-toggle" data-toggle="dropdown"><i class="fa fa-tag"></i></a>
<ul id="tag-toggle" class="dropdown-menu dropdown-md p-v-0">
<a class="dropdown-item" href="#">testCases.Regression_Testing_Script</a>
</ul>
</li>
</ul>
</div>    <div class="test-list-wrapper scrollable">
      <ul class="test-list-item">
        <li class="test-item"  status="pass" test-id="1"
          author=""
          tag="testCases.Regression_Testing_Script"
          device="">
          <div class="test-detail">
            <p class="name">loginSetup</p>
            <p class="text-sm">
              <span>4:24:01 pm</span> / <span>00:00:04:748</span>
              <span class="badge pass-bg log float-right">Pass</span>
            </p>
          </div>
          <div class="test-contents d-none">
<div class="detail-head">
<div class="p-v-10">
<div class="info">
<h5 class="test-status text-pass">loginSetup</h5>
<span class='badge badge-success'>11.05.2025 4:24:01 pm</span>
<span class='badge badge-danger'>11.05.2025 4:24:06 pm</span>
<span class='badge badge-default'>00:00:04:748</span>
&middot; <span class='uri-anchor badge badge-default'>#test-id=1</span>
<span title='Skip to the next failed step' class='badge badge-danger pointer float-right ne ml-1'><i class="fa fa-fast-forward"></i></span>
<span title='Collapse all nodes' class='badge badge-default pointer float-right ct ml-1'><i class="fa fa-compress"></i></span>
<span title='Expand all nodes' class='badge badge-default pointer float-right et'><i class="fa fa-expand"></i></span>
</div>
<div class="m-t-15"><span class="badge badge-pill badge-default">testCases.Regression_Testing_Script</span></div>
</div>
</div><div class="detail-body mt-4">
<table class="table table-sm">
  <thead><tr><th class="status-col">Status</th><th class="timestamp-col">Timestamp</th><th class="details-col">Details</th></tr></thead>
  <tbody>
      <tr class="event-row">
        <td><span class="badge log pass-bg">Pass</span></td>
        <td>4:24:01 pm</td>
        <td>
          Clicked on **Login** button successfully.
        </td>
      </tr>
      <tr class="event-row">
        <td><span class="badge log pass-bg">Pass</span></td>
        <td>4:24:01 pm</td>
        <td>
          'Please Check the Fields!' is present on the page.
        </td>
      </tr>
      <tr class="event-row">
        <td><span class="badge log pass-bg">Pass</span></td>
        <td>4:24:02 pm</td>
        <td>
          Clicked on **Message Close** button successfully.
        </td>
      </tr>
      <tr class="event-row">
        <td><span class="badge log pass-bg">Pass</span></td>
        <td>4:24:02 pm</td>
        <td>
          'This is required' is present on the page.
        </td>
      </tr>
      <tr class="event-row">
        <td><span class="badge log pass-bg">Pass</span></td>
        <td>4:24:02 pm</td>
        <td>
          Entered **aaaaaaaaaaaaaaaaaaaaaaaaaaaaaaaaaaaaaaaaaaaaaaaaaaaaaaaaaaaaaaaaaaaaaaaaaaaaaaaaaaaaaaaaaaaaaaaaaaaaa** into **Username** textbox successfully.
        </td>
      </tr>
      <tr class="event-row">
        <td><span class="badge log pass-bg">Pass</span></td>
        <td>4:24:02 pm</td>
        <td>
          Entered **aaaaaaaaaaaaaaaaaaaaaaaaaaaaaaaaaaaaaaaaaaaaaaaaaaaaaaaaaaaaaaaaaaaaaaaaaaaaaaaaaaaaaaaaaaaaaaaaaaaaa** into **Password** textbox successfully.
        </td>
      </tr>
      <tr class="event-row">
        <td><span class="badge log pass-bg">Pass</span></td>
        <td>4:24:02 pm</td>
        <td>
          'Maxlength is 100' is present on the page.
        </td>
      </tr>
      <tr class="event-row">
        <td><span class="badge log pass-bg">Pass</span></td>
        <td>4:24:03 pm</td>
        <td>
          Entered **123@polestarllp.com** into **Username** textbox successfully.
        </td>
      </tr>
      <tr class="event-row">
        <td><span class="badge log pass-bg">Pass</span></td>
        <td>4:24:03 pm</td>
        <td>
          Entered **123** into **Password** textbox successfully.
        </td>
      </tr>
      <tr class="event-row">
        <td><span class="badge log pass-bg">Pass</span></td>
        <td>4:24:03 pm</td>
        <td>
          Clicked on **Login** button successfully.
        </td>
      </tr>
      <tr class="event-row">
        <td><span class="badge log pass-bg">Pass</span></td>
        <td>4:24:03 pm</td>
        <td>
          Entered **ankit@polestarllp.com** into **Username** textbox successfully.
        </td>
      </tr>
      <tr class="event-row">
        <td><span class="badge log pass-bg">Pass</span></td>
        <td>4:24:03 pm</td>
        <td>
          Entered **123** into **Password** textbox successfully.
        </td>
      </tr>
      <tr class="event-row">
        <td><span class="badge log pass-bg">Pass</span></td>
        <td>4:24:03 pm</td>
        <td>
          Clicked on **Login** button successfully.
        </td>
      </tr>
      <tr class="event-row">
        <td><span class="badge log pass-bg">Pass</span></td>
        <td>4:24:03 pm</td>
        <td>
          Entered **ankit@polestarllp.com** into **Username** textbox successfully.
        </td>
      </tr>
      <tr class="event-row">
        <td><span class="badge log pass-bg">Pass</span></td>
        <td>4:24:04 pm</td>
        <td>
          Entered **ankit@123** into **Password** textbox successfully.
        </td>
      </tr>
      <tr class="event-row">
        <td><span class="badge log pass-bg">Pass</span></td>
        <td>4:24:04 pm</td>
        <td>
          Clicked on **Login** button successfully.
        </td>
      </tr>
      <tr class="event-row">
        <td><span class="badge log pass-bg">Pass</span></td>
        <td>4:24:06 pm</td>
        <td>
          Successful Login messageLogged In Successfully. is present
        </td>
      </tr>
      <tr class="event-row">
        <td><span class="badge log pass-bg">Pass</span></td>
        <td>4:24:06 pm</td>
        <td>
          loginSetup passed successfully.
        </td>
      </tr>
  </tbody>
</table>
</div>
          </div>
        </li>
        <li class="test-item"  status="pass" test-id="2"
          author=""
          tag="testCases.Regression_Testing_Script"
          device="">
          <div class="test-detail">
            <p class="name">dataNexusHomePageNavigation</p>
            <p class="text-sm">
              <span>4:24:06 pm</span> / <span>00:00:00:087</span>
              <span class="badge pass-bg log float-right">Pass</span>
            </p>
          </div>
          <div class="test-contents d-none">
<div class="detail-head">
<div class="p-v-10">
<div class="info">
<h5 class="test-status text-pass">dataNexusHomePageNavigation</h5>
<span class='badge badge-success'>11.05.2025 4:24:06 pm</span>
<span class='badge badge-danger'>11.05.2025 4:24:06 pm</span>
<span class='badge badge-default'>00:00:00:087</span>
&middot; <span class='uri-anchor badge badge-default'>#test-id=2</span>
<span title='Skip to the next failed step' class='badge badge-danger pointer float-right ne ml-1'><i class="fa fa-fast-forward"></i></span>
<span title='Collapse all nodes' class='badge badge-default pointer float-right ct ml-1'><i class="fa fa-compress"></i></span>
<span title='Expand all nodes' class='badge badge-default pointer float-right et'><i class="fa fa-expand"></i></span>
</div>
<div class="m-t-15"><span class="badge badge-pill badge-default">testCases.Regression_Testing_Script</span></div>
</div>
</div><div class="detail-body mt-4">
<table class="table table-sm">
  <thead><tr><th class="status-col">Status</th><th class="timestamp-col">Timestamp</th><th class="details-col">Details</th></tr></thead>
  <tbody>
      <tr class="event-row">
        <td><span class="badge log pass-bg">Pass</span></td>
        <td>4:24:06 pm</td>
        <td>
          dataNexusHomePageNavigation passed successfully.
        </td>
      </tr>
  </tbody>
</table>
</div>
          </div>
        </li>
        <li class="test-item"  status="pass" test-id="3"
          author=""
          tag="testCases.Regression_Testing_Script"
          device="">
          <div class="test-detail">
            <p class="name">dataNexus</p>
            <p class="text-sm">
              <span>4:24:06 pm</span> / <span>00:00:02:703</span>
              <span class="badge pass-bg log float-right">Pass</span>
            </p>
          </div>
          <div class="test-contents d-none">
<div class="detail-head">
<div class="p-v-10">
<div class="info">
<h5 class="test-status text-pass">dataNexus</h5>
<span class='badge badge-success'>11.05.2025 4:24:06 pm</span>
<span class='badge badge-danger'>11.05.2025 4:24:09 pm</span>
<span class='badge badge-default'>00:00:02:703</span>
&middot; <span class='uri-anchor badge badge-default'>#test-id=3</span>
<span title='Skip to the next failed step' class='badge badge-danger pointer float-right ne ml-1'><i class="fa fa-fast-forward"></i></span>
<span title='Collapse all nodes' class='badge badge-default pointer float-right ct ml-1'><i class="fa fa-compress"></i></span>
<span title='Expand all nodes' class='badge badge-default pointer float-right et'><i class="fa fa-expand"></i></span>
</div>
<div class="m-t-15"><span class="badge badge-pill badge-default">testCases.Regression_Testing_Script</span></div>
</div>
</div>    <div class="row mb-3"><div class="col-md-3">
    

<img data-featherlight='../Screenshot/Home_HeaderIsPresent_20251105162408.png' src="../Screenshot/Home_HeaderIsPresent_20251105162408.png">
  
    

    </div></div>
<div class="detail-body mt-4">
<table class="table table-sm">
  <thead><tr><th class="status-col">Status</th><th class="timestamp-col">Timestamp</th><th class="details-col">Details</th></tr></thead>
  <tbody>
      <tr class="event-row">
        <td><span class="badge log pass-bg">Pass</span></td>
        <td>4:24:06 pm</td>
        <td>
          Clicked on **CICD UpdatedWorspace** button successfully.
        </td>
      </tr>
      <tr class="event-row">
        <td><span class="badge log pass-bg">Pass</span></td>
        <td>4:24:09 pm</td>
        <td>
          **Home** header is present.
        </td>
      </tr>
      <tr class="event-row">
        <td><span class="badge log pass-bg">Pass</span></td>
        <td>4:24:09 pm</td>
        <td>
          dataNexus passed successfully.
        </td>
      </tr>
  </tbody>
</table>
</div>
          </div>
        </li>
        <li class="test-item"  status="skip" test-id="4"
          author=""
          tag="testCases.Regression_Testing_Script"
          device="">
          <div class="test-detail">
            <p class="name">dataNexusHome</p>
            <p class="text-sm">
              <span>4:24:09 pm</span> / <span>00:00:00:004</span>
              <span class="badge skip-bg log float-right">Skip</span>
            </p>
          </div>
          <div class="test-contents d-none">
<div class="detail-head">
<div class="p-v-10">
<div class="info">
<h5 class="test-status text-skip">dataNexusHome</h5>
<span class='badge badge-success'>11.05.2025 4:24:09 pm</span>
<span class='badge badge-danger'>11.05.2025 4:24:09 pm</span>
<span class='badge badge-default'>00:00:00:004</span>
&middot; <span class='uri-anchor badge badge-default'>#test-id=4</span>
<span title='Skip to the next failed step' class='badge badge-danger pointer float-right ne ml-1'><i class="fa fa-fast-forward"></i></span>
<span title='Collapse all nodes' class='badge badge-default pointer float-right ct ml-1'><i class="fa fa-compress"></i></span>
<span title='Expand all nodes' class='badge badge-default pointer float-right et'><i class="fa fa-expand"></i></span>
</div>
<div class="m-t-15"><span class="badge badge-pill badge-default">testCases.Regression_Testing_Script</span></div>
</div>
</div><div class="detail-body mt-4">
<table class="table table-sm">
  <thead><tr><th class="status-col">Status</th><th class="timestamp-col">Timestamp</th><th class="details-col">Details</th></tr></thead>
  <tbody>
      <tr class="event-row">
        <td><span class="badge log skip-bg">Skip</span></td>
        <td>4:24:09 pm</td>
        <td>
          dataNexusHome was skipped.
        </td>
      </tr>
  </tbody>
</table>
</div>
          </div>
        </li>
        <li class="test-item"  status="skip" test-id="5"
          author=""
          tag="testCases.Regression_Testing_Script"
          device="">
          <div class="test-detail">
            <p class="name">dataNexusConnection</p>
            <p class="text-sm">
              <span>4:24:09 pm</span> / <span>00:00:00:000</span>
              <span class="badge skip-bg log float-right">Skip</span>
            </p>
          </div>
          <div class="test-contents d-none">
<div class="detail-head">
<div class="p-v-10">
<div class="info">
<h5 class="test-status text-skip">dataNexusConnection</h5>
<span class='badge badge-success'>11.05.2025 4:24:09 pm</span>
<span class='badge badge-danger'>11.05.2025 4:24:09 pm</span>
<span class='badge badge-default'>00:00:00:000</span>
&middot; <span class='uri-anchor badge badge-default'>#test-id=5</span>
<span title='Skip to the next failed step' class='badge badge-danger pointer float-right ne ml-1'><i class="fa fa-fast-forward"></i></span>
<span title='Collapse all nodes' class='badge badge-default pointer float-right ct ml-1'><i class="fa fa-compress"></i></span>
<span title='Expand all nodes' class='badge badge-default pointer float-right et'><i class="fa fa-expand"></i></span>
</div>
<div class="m-t-15"><span class="badge badge-pill badge-default">testCases.Regression_Testing_Script</span></div>
</div>
</div><div class="detail-body mt-4">
<table class="table table-sm">
  <thead><tr><th class="status-col">Status</th><th class="timestamp-col">Timestamp</th><th class="details-col">Details</th></tr></thead>
  <tbody>
      <tr class="event-row">
        <td><span class="badge log skip-bg">Skip</span></td>
        <td>4:24:09 pm</td>
        <td>
          dataNexusConnection was skipped.
        </td>
      </tr>
  </tbody>
</table>
</div>
          </div>
        </li>
        <li class="test-item"  status="skip" test-id="6"
          author=""
          tag="testCases.Regression_Testing_Script"
          device="">
          <div class="test-detail">
            <p class="name">dataNexusIngestionPipeline</p>
            <p class="text-sm">
              <span>4:24:09 pm</span> / <span>00:00:00:003</span>
              <span class="badge skip-bg log float-right">Skip</span>
            </p>
          </div>
          <div class="test-contents d-none">
<div class="detail-head">
<div class="p-v-10">
<div class="info">
<h5 class="test-status text-skip">dataNexusIngestionPipeline</h5>
<span class='badge badge-success'>11.05.2025 4:24:09 pm</span>
<span class='badge badge-danger'>11.05.2025 4:24:09 pm</span>
<span class='badge badge-default'>00:00:00:003</span>
&middot; <span class='uri-anchor badge badge-default'>#test-id=6</span>
<span title='Skip to the next failed step' class='badge badge-danger pointer float-right ne ml-1'><i class="fa fa-fast-forward"></i></span>
<span title='Collapse all nodes' class='badge badge-default pointer float-right ct ml-1'><i class="fa fa-compress"></i></span>
<span title='Expand all nodes' class='badge badge-default pointer float-right et'><i class="fa fa-expand"></i></span>
</div>
<div class="m-t-15"><span class="badge badge-pill badge-default">testCases.Regression_Testing_Script</span></div>
</div>
</div><div class="detail-body mt-4">
<table class="table table-sm">
  <thead><tr><th class="status-col">Status</th><th class="timestamp-col">Timestamp</th><th class="details-col">Details</th></tr></thead>
  <tbody>
      <tr class="event-row">
        <td><span class="badge log skip-bg">Skip</span></td>
        <td>4:24:09 pm</td>
        <td>
          dataNexusIngestionPipeline was skipped.
        </td>
      </tr>
  </tbody>
</table>
</div>
          </div>
        </li>
        <li class="test-item"  status="skip" test-id="7"
          author=""
          tag="testCases.Regression_Testing_Script"
          device="">
          <div class="test-detail">
            <p class="name">DataNexusOrchestrator</p>
            <p class="text-sm">
              <span>4:24:09 pm</span> / <span>00:00:00:002</span>
              <span class="badge skip-bg log float-right">Skip</span>
            </p>
          </div>
          <div class="test-contents d-none">
<div class="detail-head">
<div class="p-v-10">
<div class="info">
<h5 class="test-status text-skip">DataNexusOrchestrator</h5>
<span class='badge badge-success'>11.05.2025 4:24:09 pm</span>
<span class='badge badge-danger'>11.05.2025 4:24:09 pm</span>
<span class='badge badge-default'>00:00:00:002</span>
&middot; <span class='uri-anchor badge badge-default'>#test-id=7</span>
<span title='Skip to the next failed step' class='badge badge-danger pointer float-right ne ml-1'><i class="fa fa-fast-forward"></i></span>
<span title='Collapse all nodes' class='badge badge-default pointer float-right ct ml-1'><i class="fa fa-compress"></i></span>
<span title='Expand all nodes' class='badge badge-default pointer float-right et'><i class="fa fa-expand"></i></span>
</div>
<div class="m-t-15"><span class="badge badge-pill badge-default">testCases.Regression_Testing_Script</span></div>
</div>
</div><div class="detail-body mt-4">
<table class="table table-sm">
  <thead><tr><th class="status-col">Status</th><th class="timestamp-col">Timestamp</th><th class="details-col">Details</th></tr></thead>
  <tbody>
      <tr class="event-row">
        <td><span class="badge log skip-bg">Skip</span></td>
        <td>4:24:09 pm</td>
        <td>
          DataNexusOrchestrator was skipped.
        </td>
      </tr>
  </tbody>
</table>
</div>
          </div>
        </li>
        <li class="test-item"  status="fail" test-id="8"
          author=""
          tag="testCases.Regression_Testing_Script"
          device="">
          <div class="test-detail">
            <p class="name">dataNeuxsTransformationPipeline</p>
            <p class="text-sm">
              <span>4:24:09 pm</span> / <span>00:08:31:626</span>
              <span class="badge fail-bg log float-right">Fail</span>
            </p>
          </div>
          <div class="test-contents d-none">
<div class="detail-head">
<div class="p-v-10">
<div class="info">
<h5 class="test-status text-fail">dataNeuxsTransformationPipeline</h5>
<span class='badge badge-success'>11.05.2025 4:24:09 pm</span>
<span class='badge badge-danger'>11.05.2025 4:32:40 pm</span>
<span class='badge badge-default'>00:08:31:626</span>
&middot; <span class='uri-anchor badge badge-default'>#test-id=8</span>
<span title='Skip to the next failed step' class='badge badge-danger pointer float-right ne ml-1'><i class="fa fa-fast-forward"></i></span>
<span title='Collapse all nodes' class='badge badge-default pointer float-right ct ml-1'><i class="fa fa-compress"></i></span>
<span title='Expand all nodes' class='badge badge-default pointer float-right et'><i class="fa fa-expand"></i></span>
</div>
<div class="m-t-15"><span class="badge badge-pill badge-default">testCases.Regression_Testing_Script</span></div>
</div>
</div>    <div class="row mb-3"><div class="col-md-3">
    

<img data-featherlight='../Screenshot/Transformation Pipeline_HeaderIsPresent_20251105162413.png' src="../Screenshot/Transformation Pipeline_HeaderIsPresent_20251105162413.png">
  
    

    </div></div>
    <div class="row mb-3"><div class="col-md-3">
    

<img data-featherlight='../Screenshot/2025.11.05.16.24.09_20251105162415.png' src="../Screenshot/2025.11.05.16.24.09_20251105162415.png">
  
    

    </div></div>
    <div class="row mb-3"><div class="col-md-3">
    

<img data-featherlight='../Screenshot/2025.11.05.16.24.09_20251105162419.png' src="../Screenshot/2025.11.05.16.24.09_20251105162419.png">
  
    

    </div></div>
    <div class="row mb-3"><div class="col-md-3">
    

<img data-featherlight='../Screenshot/2025.11.05.16.24.09_20251105162520.png' src="../Screenshot/2025.11.05.16.24.09_20251105162520.png">
  
    

    </div></div>
    <div class="row mb-3"><div class="col-md-3">
    

<img data-featherlight='../Screenshot/2025.11.05.16.24.09_20251105162522.png' src="../Screenshot/2025.11.05.16.24.09_20251105162522.png">
  
    

    </div></div>
    <div class="row mb-3"><div class="col-md-3">
    

<img data-featherlight='../Screenshot/2025.11.05.16.24.09_20251105162541.png' src="../Screenshot/2025.11.05.16.24.09_20251105162541.png">
  
    

    </div></div>
    <div class="row mb-3"><div class="col-md-3">
    

<img data-featherlight='../Screenshot/2025.11.05.16.24.09_20251105162553.png' src="../Screenshot/2025.11.05.16.24.09_20251105162553.png">
  
    

    </div></div>
    <div class="row mb-3"><div class="col-md-3">
    

<img data-featherlight='../Screenshot/2025.11.05.16.24.09_20251105162629.png' src="../Screenshot/2025.11.05.16.24.09_20251105162629.png">
  
    

    </div></div>
    <div class="row mb-3"><div class="col-md-3">
    

<img data-featherlight='../Screenshot/2025.11.05.16.24.09_20251105162722.png' src="../Screenshot/2025.11.05.16.24.09_20251105162722.png">
  
    

    </div></div>
    <div class="row mb-3"><div class="col-md-3">
    

<img data-featherlight='../Screenshot/2025.11.05.16.24.09_20251105162804.png' src="../Screenshot/2025.11.05.16.24.09_20251105162804.png">
  
    

    </div></div>
    <div class="row mb-3"><div class="col-md-3">
    

<img data-featherlight='../Screenshot/2025.11.05.16.24.09_20251105162808.png' src="../Screenshot/2025.11.05.16.24.09_20251105162808.png">
  
    

    </div></div>
    <div class="row mb-3"><div class="col-md-3">
    

<img data-featherlight='../Screenshot/2025.11.05.16.24.09_20251105162812.png' src="../Screenshot/2025.11.05.16.24.09_20251105162812.png">
  
    

    </div></div>
    <div class="row mb-3"><div class="col-md-3">
    

<img data-featherlight='../Screenshot/2025.11.05.16.24.09_20251105162818.png' src="../Screenshot/2025.11.05.16.24.09_20251105162818.png">
  
    

    </div></div>
    <div class="row mb-3"><div class="col-md-3">
    

<img data-featherlight='../Screenshot/2025.11.05.16.24.09_20251105162823.png' src="../Screenshot/2025.11.05.16.24.09_20251105162823.png">
  
    

    </div></div>
    <div class="row mb-3"><div class="col-md-3">
    

<img data-featherlight='../Screenshot/2025.11.05.16.24.09_20251105162833.png' src="../Screenshot/2025.11.05.16.24.09_20251105162833.png">
  
    

    </div></div>
    <div class="row mb-3"><div class="col-md-3">
    

<img data-featherlight='../Screenshot/2025.11.05.16.24.09_20251105162834.png' src="../Screenshot/2025.11.05.16.24.09_20251105162834.png">
  
    

    </div></div>
    <div class="row mb-3"><div class="col-md-3">
    

<img data-featherlight='../Screenshot/2025.11.05.16.24.09_20251105162839.png' src="../Screenshot/2025.11.05.16.24.09_20251105162839.png">
  
    

    </div></div>
    <div class="row mb-3"><div class="col-md-3">
    

<img data-featherlight='../Screenshot/2025.11.05.16.24.09_20251105162859.png' src="../Screenshot/2025.11.05.16.24.09_20251105162859.png">
  
    

    </div></div>
    <div class="row mb-3"><div class="col-md-3">
    

<img data-featherlight='../Screenshot/2025.11.05.16.24.09_20251105162903.png' src="../Screenshot/2025.11.05.16.24.09_20251105162903.png">
  
    

    </div></div>
    <div class="row mb-3"><div class="col-md-3">
    

<img data-featherlight='../Screenshot/2025.11.05.16.24.09_20251105162908.png' src="../Screenshot/2025.11.05.16.24.09_20251105162908.png">
  
    

    </div></div>
    <div class="row mb-3"><div class="col-md-3">
    

<img data-featherlight='../Screenshot/2025.11.05.16.24.09_20251105162929.png' src="../Screenshot/2025.11.05.16.24.09_20251105162929.png">
  
    

    </div></div>
    <div class="row mb-3"><div class="col-md-3">
    

<img data-featherlight='../Screenshot/2025.11.05.16.24.09_20251105162940.png' src="../Screenshot/2025.11.05.16.24.09_20251105162940.png">
  
    

    </div></div>
    <div class="row mb-3"><div class="col-md-3">
    

<img data-featherlight='../Screenshot/2025.11.05.16.24.09_20251105163041.png' src="../Screenshot/2025.11.05.16.24.09_20251105163041.png">
  
    

    </div></div>
    <div class="row mb-3"><div class="col-md-3">
    

<img data-featherlight='../Screenshot/2025.11.05.16.24.09_20251105163044.png' src="../Screenshot/2025.11.05.16.24.09_20251105163044.png">
  
    

    </div></div>
    <div class="row mb-3"><div class="col-md-3">
    

<img data-featherlight='../Screenshot/2025.11.05.16.24.09_20251105163046.png' src="../Screenshot/2025.11.05.16.24.09_20251105163046.png">
  
    

    </div></div>
    <div class="row mb-3"><div class="col-md-3">
    

<img data-featherlight='../Screenshot/2025.11.05.16.24.09_20251105163228.png' src="../Screenshot/2025.11.05.16.24.09_20251105163228.png">
  
    

    </div></div>
    <div class="row mb-3"><div class="col-md-3">
    

<img data-featherlight='../Screenshot/2025.11.05.16.24.09_20251105163240.png' src="../Screenshot/2025.11.05.16.24.09_20251105163240.png">
  
    

    </div></div>
    <div class="row mb-3"><div class="col-md-3">
    

<img data-featherlight='../Screenshot/Failed_dataNeuxsTransformationPipeline_20251105163240.png' src="../Screenshot/Failed_dataNeuxsTransformationPipeline_20251105163240.png">
  
    

    </div></div>
<div class="detail-body mt-4">
<table class="table table-sm">
  <thead><tr><th class="status-col">Status</th><th class="timestamp-col">Timestamp</th><th class="details-col">Details</th></tr></thead>
  <tbody>
      <tr class="event-row">
        <td><span class="badge log pass-bg">Pass</span></td>
        <td>4:24:11 pm</td>
        <td>
          Transformation Pipeline v2 is clicked from side Navigation Module
        </td>
      </tr>
      <tr class="event-row">
        <td><span class="badge log pass-bg">Pass</span></td>
        <td>4:24:13 pm</td>
        <td>
          **Transformation Pipeline** header is present.
        </td>
      </tr>
      <tr class="event-row">
        <td><span class="badge log pass-bg">Pass</span></td>
        <td>4:24:13 pm</td>
        <td>
          Clicked on **Create New** button successfully.
        </td>
      </tr>
      <tr class="event-row">
        <td><span class="badge log pass-bg">Pass</span></td>
        <td>4:24:16 pm</td>
        <td>
          Entered **TestingTransformPipeline2025.11.05.16.24.09** into **Pipeline Name** textbox successfully.
        </td>
      </tr>
      <tr class="event-row">
        <td><span class="badge log pass-bg">Pass</span></td>
        <td>4:24:16 pm</td>
        <td>
          Entered **Automation Testing** into **Pipeline Description** textbox successfully.
        </td>
      </tr>
      <tr class="event-row">
        <td><span class="badge log pass-bg">Pass</span></td>
        <td>4:24:16 pm</td>
        <td>
          Clicked on **Create & Proceed** button successfully.
        </td>
      </tr>
      <tr class="event-row">
        <td><span class="badge log pass-bg">Pass</span></td>
        <td>4:24:17 pm</td>
        <td>
          Clicked on **Select Source -> Data Lake** button successfully.
        </td>
      </tr>
      <tr class="event-row">
        <td><span class="badge log pass-bg">Pass</span></td>
        <td>4:24:20 pm</td>
        <td>
          'lak1' is selected from 'Select Lakehouse' dropdown element
        </td>
      </tr>
      <tr class="event-row">
        <td><span class="badge log pass-bg">Pass</span></td>
        <td>4:24:21 pm</td>
        <td>
          'Tables' is selected from 'Select Lakehouse Type' dropdown element
        </td>
      </tr>
      <tr class="event-row">
        <td><span class="badge log pass-bg">Pass</span></td>
        <td>4:24:39 pm</td>
        <td>
          Clicked on **Proceed** button successfully.
        </td>
      </tr>
      <tr class="event-row">
        <td><span class="badge log pass-bg">Pass</span></td>
        <td>4:25:17 pm</td>
        <td>
          Clicked on **Zoom Out** button successfully.
        </td>
      </tr>
      <tr class="event-row">
        <td><span class="badge log pass-bg">Pass</span></td>
        <td>4:25:18 pm</td>
        <td>
          Clicked on **Add Target -> Data Lake** button successfully.
        </td>
      </tr>
      <tr class="event-row">
        <td><span class="badge log pass-bg">Pass</span></td>
        <td>4:25:20 pm</td>
        <td>
          Clicked on **Source Selection Model -> Delta Lake / Lakehouse** button successfully.
        </td>
      </tr>
      <tr class="event-row">
        <td><span class="badge log pass-bg">Pass</span></td>
        <td>4:25:23 pm</td>
        <td>
          'lak1' is selected from 'Select Lakehouse' dropdown element
        </td>
      </tr>
      <tr class="event-row">
        <td><span class="badge log pass-bg">Pass</span></td>
        <td>4:25:25 pm</td>
        <td>
          'Tables' is selected from 'Select Lakehouse Type' dropdown element
        </td>
      </tr>
      <tr class="event-row">
        <td><span class="badge log pass-bg">Pass</span></td>
        <td>4:25:27 pm</td>
        <td>
          Clicked on **Proceed** button successfully.
        </td>
      </tr>
      <tr class="event-row">
        <td><span class="badge log pass-bg">Pass</span></td>
        <td>4:25:38 pm</td>
        <td>
           is drag and dropped at the target location
        </td>
      </tr>
      <tr class="event-row">
        <td><span class="badge log pass-bg">Pass</span></td>
        <td>4:25:38 pm</td>
        <td>
          Clicked on **Save** button successfully.
        </td>
      </tr>
      <tr class="event-row">
        <td><span class="badge log pass-bg">Pass</span></td>
        <td>4:25:39 pm</td>
        <td>
          'Pipeline saved to draft successfully' is present on the page.
        </td>
      </tr>
      <tr class="event-row">
        <td><span class="badge log pass-bg">Pass</span></td>
        <td>4:25:39 pm</td>
        <td>
          Double clicked on **customertargetdim** successfully.
        </td>
      </tr>
      <tr class="event-row">
        <td><span class="badge log pass-bg">Pass</span></td>
        <td>4:25:42 pm</td>
        <td>
          'Column Mapping' is clicked
        </td>
      </tr>
      <tr class="event-row">
        <td><span class="badge log pass-bg">Pass</span></td>
        <td>4:25:46 pm</td>
        <td>
          Clicked on **Auto Map** button successfully.
        </td>
      </tr>
      <tr class="event-row">
        <td><span class="badge log pass-bg">Pass</span></td>
        <td>4:25:46 pm</td>
        <td>
          incremental_id was selected from tranformation output column
        </td>
      </tr>
      <tr class="event-row">
        <td><span class="badge log pass-bg">Pass</span></td>
        <td>4:25:46 pm</td>
        <td>
          Clicked on **Close** button successfully.
        </td>
      </tr>
      <tr class="event-row">
        <td><span class="badge log pass-bg">Pass</span></td>
        <td>4:25:47 pm</td>
        <td>
          Clicked on **Save** button successfully.
        </td>
      </tr>
      <tr class="event-row">
        <td><span class="badge log pass-bg">Pass</span></td>
        <td>4:25:47 pm</td>
        <td>
          Clicked on **Deploy** button successfully.
        </td>
      </tr>
      <tr class="event-row">
        <td><span class="badge log pass-bg">Pass</span></td>
        <td>4:25:51 pm</td>
        <td>
          'Notebook created successfully' is present on the page.
        </td>
      </tr>
      <tr class="event-row">
        <td><span class="badge log pass-bg">Pass</span></td>
        <td>4:25:52 pm</td>
        <td>
          Entered **TestingTransformPipeline2025.11.05.16.24.09** into **Searchbox** textbox successfully.
        </td>
      </tr>
      <tr class="event-row">
        <td><span class="badge log fail-bg">Fail</span></td>
        <td>4:25:52 pm</td>
        <td>
          ❌ Exception while verifying value in table: invalid selector: Unable to locate an element with the xpath expression loc+//thead/tr/th because of the following error:
TypeError: Failed to execute 'evaluate' on 'Document': The result is not a node set, and therefore cannot be converted to the desired type.
  (Session info: chrome=141.0.7390.123)
For documentation on this error, please visit: https://www.selenium.dev/documentation/webdriver/troubleshooting/errors#invalid-selector-exception
Build info: version: '4.33.0', revision: '2c6aaad03a'
System info: os.name: 'Windows 11', os.arch: 'amd64', os.version: '10.0', java.version: '21.0.7'
Driver info: org.openqa.selenium.chrome.ChromeDriver
Command: [d183706ecef799382511a2906b8da4fa, findChildElements {using=xpath, value=loc+//thead/tr/th, id=f.1EF8D2282E3AC2C7A830C38DC50D6986.d.A9101DAE11558B860D537C46376027DB.e.319}]
Capabilities {acceptInsecureCerts: false, browserName: chrome, browserVersion: 141.0.7390.123, chrome: {chromedriverVersion: 141.0.7390.122 (b477534e7e1..., userDataDir: C:\Users\ABHINA~1.DAG\AppDa...}, fedcm:accounts: true, goog:chromeOptions: {debuggerAddress: localhost:59482}, networkConnectionEnabled: false, pageLoadStrategy: normal, platformName: windows, proxy: Proxy(), se:cdp: ws://localhost:59482/devtoo..., se:cdpVersion: 141.0.7390.123, setWindowRect: true, strictFileInteractability: false, timeouts: {implicit: 0, pageLoad: 300000, script: 30000}, unhandledPromptBehavior: dismiss and notify, webauthn:extension:credBlob: true, webauthn:extension:largeBlob: true, webauthn:extension:minPinLength: true, webauthn:extension:prf: true, webauthn:virtualAuthenticators: true}
Session ID: d183706ecef799382511a2906b8da4fa
        </td>
      </tr>
      <tr class="event-row">
        <td><span class="badge log fail-bg">Fail</span></td>
        <td>4:25:52 pm</td>
        <td>
          ❌ Exception while verifying value in table: invalid selector: Unable to locate an element with the xpath expression loc+//thead/tr/th because of the following error:
TypeError: Failed to execute 'evaluate' on 'Document': The result is not a node set, and therefore cannot be converted to the desired type.
  (Session info: chrome=141.0.7390.123)
For documentation on this error, please visit: https://www.selenium.dev/documentation/webdriver/troubleshooting/errors#invalid-selector-exception
Build info: version: '4.33.0', revision: '2c6aaad03a'
System info: os.name: 'Windows 11', os.arch: 'amd64', os.version: '10.0', java.version: '21.0.7'
Driver info: org.openqa.selenium.chrome.ChromeDriver
Command: [d183706ecef799382511a2906b8da4fa, findChildElements {using=xpath, value=loc+//thead/tr/th, id=f.1EF8D2282E3AC2C7A830C38DC50D6986.d.A9101DAE11558B860D537C46376027DB.e.319}]
Capabilities {acceptInsecureCerts: false, browserName: chrome, browserVersion: 141.0.7390.123, chrome: {chromedriverVersion: 141.0.7390.122 (b477534e7e1..., userDataDir: C:\Users\ABHINA~1.DAG\AppDa...}, fedcm:accounts: true, goog:chromeOptions: {debuggerAddress: localhost:59482}, networkConnectionEnabled: false, pageLoadStrategy: normal, platformName: windows, proxy: Proxy(), se:cdp: ws://localhost:59482/devtoo..., se:cdpVersion: 141.0.7390.123, setWindowRect: true, strictFileInteractability: false, timeouts: {implicit: 0, pageLoad: 300000, script: 30000}, unhandledPromptBehavior: dismiss and notify, webauthn:extension:credBlob: true, webauthn:extension:largeBlob: true, webauthn:extension:minPinLength: true, webauthn:extension:prf: true, webauthn:virtualAuthenticators: true}
Session ID: d183706ecef799382511a2906b8da4fa
        </td>
      </tr>
      <tr class="event-row">
        <td><span class="badge log fail-bg">Fail</span></td>
        <td>4:25:52 pm</td>
        <td>
          ❌ Exception while verifying value in table: invalid selector: Unable to locate an element with the xpath expression loc+//thead/tr/th because of the following error:
TypeError: Failed to execute 'evaluate' on 'Document': The result is not a node set, and therefore cannot be converted to the desired type.
  (Session info: chrome=141.0.7390.123)
For documentation on this error, please visit: https://www.selenium.dev/documentation/webdriver/troubleshooting/errors#invalid-selector-exception
Build info: version: '4.33.0', revision: '2c6aaad03a'
System info: os.name: 'Windows 11', os.arch: 'amd64', os.version: '10.0', java.version: '21.0.7'
Driver info: org.openqa.selenium.chrome.ChromeDriver
Command: [d183706ecef799382511a2906b8da4fa, findChildElements {using=xpath, value=loc+//thead/tr/th, id=f.1EF8D2282E3AC2C7A830C38DC50D6986.d.A9101DAE11558B860D537C46376027DB.e.319}]
Capabilities {acceptInsecureCerts: false, browserName: chrome, browserVersion: 141.0.7390.123, chrome: {chromedriverVersion: 141.0.7390.122 (b477534e7e1..., userDataDir: C:\Users\ABHINA~1.DAG\AppDa...}, fedcm:accounts: true, goog:chromeOptions: {debuggerAddress: localhost:59482}, networkConnectionEnabled: false, pageLoadStrategy: normal, platformName: windows, proxy: Proxy(), se:cdp: ws://localhost:59482/devtoo..., se:cdpVersion: 141.0.7390.123, setWindowRect: true, strictFileInteractability: false, timeouts: {implicit: 0, pageLoad: 300000, script: 30000}, unhandledPromptBehavior: dismiss and notify, webauthn:extension:credBlob: true, webauthn:extension:largeBlob: true, webauthn:extension:minPinLength: true, webauthn:extension:prf: true, webauthn:virtualAuthenticators: true}
Session ID: d183706ecef799382511a2906b8da4fa
        </td>
      </tr>
      <tr class="event-row">
        <td><span class="badge log fail-bg">Fail</span></td>
        <td>4:25:52 pm</td>
        <td>
          ❌ Exception while verifying value in table: invalid selector: Unable to locate an element with the xpath expression loc+//thead/tr/th because of the following error:
TypeError: Failed to execute 'evaluate' on 'Document': The result is not a node set, and therefore cannot be converted to the desired type.
  (Session info: chrome=141.0.7390.123)
For documentation on this error, please visit: https://www.selenium.dev/documentation/webdriver/troubleshooting/errors#invalid-selector-exception
Build info: version: '4.33.0', revision: '2c6aaad03a'
System info: os.name: 'Windows 11', os.arch: 'amd64', os.version: '10.0', java.version: '21.0.7'
Driver info: org.openqa.selenium.chrome.ChromeDriver
Command: [d183706ecef799382511a2906b8da4fa, findChildElements {using=xpath, value=loc+//thead/tr/th, id=f.1EF8D2282E3AC2C7A830C38DC50D6986.d.A9101DAE11558B860D537C46376027DB.e.319}]
Capabilities {acceptInsecureCerts: false, browserName: chrome, browserVersion: 141.0.7390.123, chrome: {chromedriverVersion: 141.0.7390.122 (b477534e7e1..., userDataDir: C:\Users\ABHINA~1.DAG\AppDa...}, fedcm:accounts: true, goog:chromeOptions: {debuggerAddress: localhost:59482}, networkConnectionEnabled: false, pageLoadStrategy: normal, platformName: windows, proxy: Proxy(), se:cdp: ws://localhost:59482/devtoo..., se:cdpVersion: 141.0.7390.123, setWindowRect: true, strictFileInteractability: false, timeouts: {implicit: 0, pageLoad: 300000, script: 30000}, unhandledPromptBehavior: dismiss and notify, webauthn:extension:credBlob: true, webauthn:extension:largeBlob: true, webauthn:extension:minPinLength: true, webauthn:extension:prf: true, webauthn:virtualAuthenticators: true}
Session ID: d183706ecef799382511a2906b8da4fa
        </td>
      </tr>
      <tr class="event-row">
        <td><span class="badge log pass-bg">Pass</span></td>
        <td>4:25:52 pm</td>
        <td>
          Clicked on **Edit** button successfully.
        </td>
      </tr>
      <tr class="event-row">
        <td><span class="badge log pass-bg">Pass</span></td>
        <td>4:25:53 pm</td>
        <td>
          'Pipeline loaded successfully for editing' is present on the page.
        </td>
      </tr>
      <tr class="event-row">
        <td><span class="badge log pass-bg">Pass</span></td>
        <td>4:25:53 pm</td>
        <td>
          Clicked on **Make a copy** button successfully.
        </td>
      </tr>
      <tr class="event-row">
        <td><span class="badge log pass-bg">Pass</span></td>
        <td>4:25:53 pm</td>
        <td>
          'Pipeline copy created successfully' success message is present on the page.
        </td>
      </tr>
      <tr class="event-row">
        <td><span class="badge log pass-bg">Pass</span></td>
        <td>4:25:54 pm</td>
        <td>
          Mouse Over done on Target_Operation
Target_Operation - customertargetdim
        </td>
      </tr>
      <tr class="event-row">
        <td><span class="badge log pass-bg">Pass</span></td>
        <td>4:25:54 pm</td>
        <td>
          Clicked on **Target_Operation - customertargetdim delete** button successfully.
        </td>
      </tr>
      <tr class="event-row">
        <td><span class="badge log pass-bg">Pass</span></td>
        <td>4:25:54 pm</td>
        <td>
          Clicked on **Delete** button successfully.
        </td>
      </tr>
      <tr class="event-row">
        <td><span class="badge log pass-bg">Pass</span></td>
        <td>4:25:55 pm</td>
        <td>
          Mouse Over done on Source_1
6 / 6
customertestscd2
        </td>
      </tr>
      <tr class="event-row">
        <td><span class="badge log pass-bg">Pass</span></td>
        <td>4:25:55 pm</td>
        <td>
          Clicked on **customertestscd2 delete** button successfully.
        </td>
      </tr>
      <tr class="event-row">
        <td><span class="badge log pass-bg">Pass</span></td>
        <td>4:25:56 pm</td>
        <td>
          Clicked on **Delete** button successfully.
        </td>
      </tr>
      <tr class="event-row">
        <td><span class="badge log fail-bg">Fail</span></td>
        <td>4:26:27 pm</td>
        <td>
          Failed to click on **Open Tranformation Pannel** button. Exception: Expected condition failed: waiting for element to be clickable: Proxy element for: DefaultElementLocator 'By.xpath: //div[@title='Open transformations panel']' (tried for 20 second(s) with 500 milliseconds interval)
        </td>
      </tr>
      <tr class="event-row">
        <td><span class="badge log pass-bg">Pass</span></td>
        <td>4:26:27 pm</td>
        <td>
          Clicked on **Select Source -> Data Lake** button successfully.
        </td>
      </tr>
      <tr class="event-row">
        <td><span class="badge log pass-bg">Pass</span></td>
        <td>4:26:30 pm</td>
        <td>
          'lak1' is selected from 'Select Lakehouse' dropdown element
        </td>
      </tr>
      <tr class="event-row">
        <td><span class="badge log pass-bg">Pass</span></td>
        <td>4:26:31 pm</td>
        <td>
          'Tables' is selected from 'Select Lakehouse Type' dropdown element
        </td>
      </tr>
      <tr class="event-row">
        <td><span class="badge log pass-bg">Pass</span></td>
        <td>4:26:49 pm</td>
        <td>
          Clicked on **Proceed** button successfully.
        </td>
      </tr>
      <tr class="event-row">
        <td><span class="badge log pass-bg">Pass</span></td>
        <td>4:27:19 pm</td>
        <td>
          Clicked on **Zoom Out** button successfully.
        </td>
      </tr>
      <tr class="event-row">
        <td><span class="badge log pass-bg">Pass</span></td>
        <td>4:27:20 pm</td>
        <td>
          Clicked on **Select Source -> Data Lake** button successfully.
        </td>
      </tr>
      <tr class="event-row">
        <td><span class="badge log pass-bg">Pass</span></td>
        <td>4:27:23 pm</td>
        <td>
          'lak1' is selected from 'Select Lakehouse' dropdown element
        </td>
      </tr>
      <tr class="event-row">
        <td><span class="badge log pass-bg">Pass</span></td>
        <td>4:27:24 pm</td>
        <td>
          'Tables' is selected from 'Select Lakehouse Type' dropdown element
        </td>
      </tr>
      <tr class="event-row">
        <td><span class="badge log pass-bg">Pass</span></td>
        <td>4:27:27 pm</td>
        <td>
          Clicked on **Proceed** button successfully.
        </td>
      </tr>
      <tr class="event-row">
        <td><span class="badge log pass-bg">Pass</span></td>
        <td>4:27:57 pm</td>
        <td>
          Clicked on **Zoom Out** button successfully.
        </td>
      </tr>
      <tr class="event-row">
        <td><span class="badge log pass-bg">Pass</span></td>
        <td>4:27:58 pm</td>
        <td>
          Entered **Join** into **Searchbox** textbox successfully.
        </td>
      </tr>
      <tr class="event-row">
        <td><span class="badge log pass-bg">Pass</span></td>
        <td>4:27:58 pm</td>
        <td>
          Join
Combine two datasets based on matching columns is drag and dropped at the target location
        </td>
      </tr>
      <tr class="event-row">
        <td><span class="badge log pass-bg">Pass</span></td>
        <td>4:27:58 pm</td>
        <td>
          Clicked on **Zoom Out** button successfully.
        </td>
      </tr>
      <tr class="event-row">
        <td><span class="badge log pass-bg">Pass</span></td>
        <td>4:27:58 pm</td>
        <td>
           is drag and dropped at the target location
        </td>
      </tr>
      <tr class="event-row">
        <td><span class="badge log pass-bg">Pass</span></td>
        <td>4:28:02 pm</td>
        <td>
           is drag and dropped at the target location
        </td>
      </tr>
      <tr class="event-row">
        <td><span class="badge log pass-bg">Pass</span></td>
        <td>4:28:02 pm</td>
        <td>
          Double clicked on **Join** successfully.
        </td>
      </tr>
      <tr class="event-row">
        <td><span class="badge log pass-bg">Pass</span></td>
        <td>4:28:05 pm</td>
        <td>
          Clicked on **Add Join Condition** button successfully.
        </td>
      </tr>
      <tr class="event-row">
        <td><span class="badge log pass-bg">Pass</span></td>
        <td>4:28:05 pm</td>
        <td>
          'id' is selected from 'From' dropdown element
        </td>
      </tr>
      <tr class="event-row">
        <td><span class="badge log fail-bg">Fail</span></td>
        <td>4:28:06 pm</td>
        <td>
          'id' is not selected from 'To' dropdown element due to element click intercepted: Element <span class="sequentialJoinBuilder_columnName__9rATE ">...</span> is not clickable at point (1730, 958). Other element would receive the click: <div aria-selected="false" class="ant-select-item ant-select-item-option">...</div>
  (Session info: chrome=141.0.7390.123)
Build info: version: '4.33.0', revision: '2c6aaad03a'
System info: os.name: 'Windows 11', os.arch: 'amd64', os.version: '10.0', java.version: '21.0.7'
Driver info: org.openqa.selenium.chrome.ChromeDriver
Command: [d183706ecef799382511a2906b8da4fa, clickElement {id=f.1EF8D2282E3AC2C7A830C38DC50D6986.d.A9101DAE11558B860D537C46376027DB.e.502}]
Capabilities {acceptInsecureCerts: false, browserName: chrome, browserVersion: 141.0.7390.123, chrome: {chromedriverVersion: 141.0.7390.122 (b477534e7e1..., userDataDir: C:\Users\ABHINA~1.DAG\AppDa...}, fedcm:accounts: true, goog:chromeOptions: {debuggerAddress: localhost:59482}, networkConnectionEnabled: false, pageLoadStrategy: normal, platformName: windows, proxy: Proxy(), se:cdp: ws://localhost:59482/devtoo..., se:cdpVersion: 141.0.7390.123, setWindowRect: true, strictFileInteractability: false, timeouts: {implicit: 0, pageLoad: 300000, script: 30000}, unhandledPromptBehavior: dismiss and notify, webauthn:extension:credBlob: true, webauthn:extension:largeBlob: true, webauthn:extension:minPinLength: true, webauthn:extension:prf: true, webauthn:virtualAuthenticators: true}
Element: [[ChromeDriver: chrome on windows (d183706ecef799382511a2906b8da4fa)] -> xpath: //span[contains(@class,'sequentialJoinBuilder_columnName') and text()='id']]
Session ID: d183706ecef799382511a2906b8da4fa
        </td>
      </tr>
      <tr class="event-row">
        <td><span class="badge log pass-bg">Pass</span></td>
        <td>4:28:06 pm</td>
        <td>
          'Output Columns' is clicked
        </td>
      </tr>
      <tr class="event-row">
        <td><span class="badge log pass-bg">Pass</span></td>
        <td>4:28:07 pm</td>
        <td>
          Clicked on **Show Duplicates Only (6)** button successfully.
        </td>
      </tr>
      <tr class="event-row">
        <td><span class="badge log pass-bg">Pass</span></td>
        <td>4:28:07 pm</td>
        <td>
          Clicked on **Select All** button successfully.
        </td>
      </tr>
      <tr class="event-row">
        <td><span class="badge log pass-bg">Pass</span></td>
        <td>4:28:07 pm</td>
        <td>
          Clicked on **Apply Configuration** button successfully.
        </td>
      </tr>
      <tr class="event-row">
        <td><span class="badge log pass-bg">Pass</span></td>
        <td>4:28:08 pm</td>
        <td>
          'Join configuration saved successfully!' success message is present on the page.
        </td>
      </tr>
      <tr class="event-row">
        <td><span class="badge log pass-bg">Pass</span></td>
        <td>4:28:08 pm</td>
        <td>
          Clicked on **Join Configuration Dialog Box Close Button** button successfully.
        </td>
      </tr>
      <tr class="event-row">
        <td><span class="badge log pass-bg">Pass</span></td>
        <td>4:28:08 pm</td>
        <td>
          Entered **Trim** into **Searchbox** textbox successfully.
        </td>
      </tr>
      <tr class="event-row">
        <td><span class="badge log pass-bg">Pass</span></td>
        <td>4:28:09 pm</td>
        <td>
          Trim
Trim leading/trailing whitespace in string columns is drag and dropped at the target location
        </td>
      </tr>
      <tr class="event-row">
        <td><span class="badge log pass-bg">Pass</span></td>
        <td>4:28:09 pm</td>
        <td>
          Clicked on **Zoom Out** button successfully.
        </td>
      </tr>
      <tr class="event-row">
        <td><span class="badge log pass-bg">Pass</span></td>
        <td>4:28:09 pm</td>
        <td>
           is drag and dropped at the target location
        </td>
      </tr>
      <tr class="event-row">
        <td><span class="badge log pass-bg">Pass</span></td>
        <td>4:28:10 pm</td>
        <td>
          Double clicked on **Trim** successfully.
        </td>
      </tr>
      <tr class="event-row">
        <td><span class="badge log pass-bg">Pass</span></td>
        <td>4:28:17 pm</td>
        <td>
          **RTrim** checkbox is clicked
        </td>
      </tr>
      <tr class="event-row">
        <td><span class="badge log pass-bg">Pass</span></td>
        <td>4:28:17 pm</td>
        <td>
          Clicked on **Apply Configuration** button successfully.
        </td>
      </tr>
      <tr class="event-row">
        <td><span class="badge log pass-bg">Pass</span></td>
        <td>4:28:18 pm</td>
        <td>
          'Trim configuration saved successfully!' success message is present on the page.
        </td>
      </tr>
      <tr class="event-row">
        <td><span class="badge log pass-bg">Pass</span></td>
        <td>4:28:18 pm</td>
        <td>
          Clicked on **Trim Configuration Dialog Box Close Button** button successfully.
        </td>
      </tr>
      <tr class="event-row">
        <td><span class="badge log pass-bg">Pass</span></td>
        <td>4:28:19 pm</td>
        <td>
          Entered **Data Quality Rules** into **Searchbox** textbox successfully.
        </td>
      </tr>
      <tr class="event-row">
        <td><span class="badge log pass-bg">Pass</span></td>
        <td>4:28:20 pm</td>
        <td>
          Data Quality Rules
Apply configurable data quality validation rules is drag and dropped at the target location
        </td>
      </tr>
      <tr class="event-row">
        <td><span class="badge log pass-bg">Pass</span></td>
        <td>4:28:20 pm</td>
        <td>
          Clicked on **Zoom Out** button successfully.
        </td>
      </tr>
      <tr class="event-row">
        <td><span class="badge log pass-bg">Pass</span></td>
        <td>4:28:20 pm</td>
        <td>
           is drag and dropped at the target location
        </td>
      </tr>
      <tr class="event-row">
        <td><span class="badge log pass-bg">Pass</span></td>
        <td>4:28:21 pm</td>
        <td>
          Double clicked on **Data Quality Rules** successfully.
        </td>
      </tr>
      <tr class="event-row">
        <td><span class="badge log pass-bg">Pass</span></td>
        <td>4:28:24 pm</td>
        <td>
          'Check Not Null' is clicked
        </td>
      </tr>
      <tr class="event-row">
        <td><span class="badge log pass-bg">Pass</span></td>
        <td>4:28:24 pm</td>
        <td>
          Clicked on **Add Rule** button successfully.
        </td>
      </tr>
      <tr class="event-row">
        <td><span class="badge log pass-bg">Pass</span></td>
        <td>4:28:32 pm</td>
        <td>
          Succesfully selected id value from Data Quality Rules Columns dropdwon
        </td>
      </tr>
      <tr class="event-row">
        <td><span class="badge log fail-bg">Fail</span></td>
        <td>4:28:33 pm</td>
        <td>
          Failed to clear textbox: element click intercepted: Element <textarea placeholder="Enter rejection message for failed records (required)" rows="2" class="ant-input ant-input-sm css-18afz5u ant-input-outlined"></textarea> is not clickable at point (1712, 610). Other element would receive the click: <div class="ant-select-item-option-content">...</div>
  (Session info: chrome=141.0.7390.123)
Build info: version: '4.33.0', revision: '2c6aaad03a'
System info: os.name: 'Windows 11', os.arch: 'amd64', os.version: '10.0', java.version: '21.0.7'
Driver info: org.openqa.selenium.chrome.ChromeDriver
Command: [d183706ecef799382511a2906b8da4fa, clickElement {id=f.1EF8D2282E3AC2C7A830C38DC50D6986.d.A9101DAE11558B860D537C46376027DB.e.701}]
Capabilities {acceptInsecureCerts: false, browserName: chrome, browserVersion: 141.0.7390.123, chrome: {chromedriverVersion: 141.0.7390.122 (b477534e7e1..., userDataDir: C:\Users\ABHINA~1.DAG\AppDa...}, fedcm:accounts: true, goog:chromeOptions: {debuggerAddress: localhost:59482}, networkConnectionEnabled: false, pageLoadStrategy: normal, platformName: windows, proxy: Proxy(), se:cdp: ws://localhost:59482/devtoo..., se:cdpVersion: 141.0.7390.123, setWindowRect: true, strictFileInteractability: false, timeouts: {implicit: 0, pageLoad: 300000, script: 30000}, unhandledPromptBehavior: dismiss and notify, webauthn:extension:credBlob: true, webauthn:extension:largeBlob: true, webauthn:extension:minPinLength: true, webauthn:extension:prf: true, webauthn:virtualAuthenticators: true}
Element: [[ChromeDriver: chrome on windows (d183706ecef799382511a2906b8da4fa)] -> xpath: //textarea[contains(@placeholder,'Enter rejection message')]]
Session ID: d183706ecef799382511a2906b8da4fa
        </td>
      </tr>
      <tr class="event-row">
        <td><span class="badge log pass-bg">Pass</span></td>
        <td>4:28:33 pm</td>
        <td>
          Entered **Null not allowed** into **Rejection Remark** textbox successfully.
        </td>
      </tr>
      <tr class="event-row">
        <td><span class="badge log pass-bg">Pass</span></td>
        <td>4:28:34 pm</td>
        <td>
          Clicked on **Apply Configuration** button successfully.
        </td>
      </tr>
      <tr class="event-row">
        <td><span class="badge log pass-bg">Pass</span></td>
        <td>4:28:34 pm</td>
        <td>
          'Data Quality Rules configuration saved successfully!' success message is present on the page.
        </td>
      </tr>
      <tr class="event-row">
        <td><span class="badge log pass-bg">Pass</span></td>
        <td>4:28:35 pm</td>
        <td>
          Clicked on **Data Quality Rules Configuration Dialog Box Close Button** button successfully.
        </td>
      </tr>
      <tr class="event-row">
        <td><span class="badge log pass-bg">Pass</span></td>
        <td>4:28:36 pm</td>
        <td>
          Entered **Cast Data Type** into **Searchbox** textbox successfully.
        </td>
      </tr>
      <tr class="event-row">
        <td><span class="badge log pass-bg">Pass</span></td>
        <td>4:28:36 pm</td>
        <td>
          Cast Data Type
Convert columns to different data types is drag and dropped at the target location
        </td>
      </tr>
      <tr class="event-row">
        <td><span class="badge log pass-bg">Pass</span></td>
        <td>4:28:36 pm</td>
        <td>
          Clicked on **Zoom Out** button successfully.
        </td>
      </tr>
      <tr class="event-row">
        <td><span class="badge log pass-bg">Pass</span></td>
        <td>4:28:37 pm</td>
        <td>
           is drag and dropped at the target location
        </td>
      </tr>
      <tr class="event-row">
        <td><span class="badge log pass-bg">Pass</span></td>
        <td>4:28:37 pm</td>
        <td>
          Double clicked on **Cast Data type** successfully.
        </td>
      </tr>
      <tr class="event-row">
        <td><span class="badge log fail-bg">Fail</span></td>
        <td>4:28:59 pm</td>
        <td>
          Failed to enter **quantity** into **Search Column** textbox. Exception: Expected condition failed: waiting for visibility of [[ChromeDriver: chrome on windows (d183706ecef799382511a2906b8da4fa)] -> xpath: (//input[@placeholder='Search columns...'])[1]] (tried for 20 second(s) with 500 milliseconds interval)
Build info: version: '4.33.0', revision: '2c6aaad03a'
System info: os.name: 'Windows 11', os.arch: 'amd64', os.version: '10.0', java.version: '21.0.7'
Driver info: org.openqa.selenium.chrome.ChromeDriver
Capabilities {acceptInsecureCerts: false, browserName: chrome, browserVersion: 141.0.7390.123, chrome: {chromedriverVersion: 141.0.7390.122 (b477534e7e1..., userDataDir: C:\Users\ABHINA~1.DAG\AppDa...}, fedcm:accounts: true, goog:chromeOptions: {debuggerAddress: localhost:59482}, networkConnectionEnabled: false, pageLoadStrategy: normal, platformName: windows, proxy: Proxy(), se:cdp: ws://localhost:59482/devtoo..., se:cdpVersion: 141.0.7390.123, setWindowRect: true, strictFileInteractability: false, timeouts: {implicit: 0, pageLoad: 300000, script: 30000}, unhandledPromptBehavior: dismiss and notify, webauthn:extension:credBlob: true, webauthn:extension:largeBlob: true, webauthn:extension:minPinLength: true, webauthn:extension:prf: true, webauthn:virtualAuthenticators: true}
Session ID: d183706ecef799382511a2906b8da4fa
        </td>
      </tr>
      <tr class="event-row">
        <td><span class="badge log pass-bg">Pass</span></td>
        <td>4:29:02 pm</td>
        <td>
          'Double' is selected from 'quantity New Data Type' dropdown element
        </td>
      </tr>
      <tr class="event-row">
        <td><span class="badge log pass-bg">Pass</span></td>
        <td>4:29:03 pm</td>
        <td>
          Clicked on **Apply Configuration** button successfully.
        </td>
      </tr>
      <tr class="event-row">
        <td><span class="badge log pass-bg">Pass</span></td>
        <td>4:29:03 pm</td>
        <td>
          'Cast Data Type configuration saved successfully!' success message is present on the page.
        </td>
      </tr>
      <tr class="event-row">
        <td><span class="badge log pass-bg">Pass</span></td>
        <td>4:29:04 pm</td>
        <td>
          Clicked on **Cast Data Type Configuration Dialog Box Close Button** button successfully.
        </td>
      </tr>
      <tr class="event-row">
        <td><span class="badge log pass-bg">Pass</span></td>
        <td>4:29:05 pm</td>
        <td>
          Entered **Drop Columns** into **Searchbox** textbox successfully.
        </td>
      </tr>
      <tr class="event-row">
        <td><span class="badge log pass-bg">Pass</span></td>
        <td>4:29:05 pm</td>
        <td>
          Drop Columns
Remove or keep specific columns from the dataset is drag and dropped at the target location
        </td>
      </tr>
      <tr class="event-row">
        <td><span class="badge log pass-bg">Pass</span></td>
        <td>4:29:06 pm</td>
        <td>
          Clicked on **Zoom Out** button successfully.
        </td>
      </tr>
      <tr class="event-row">
        <td><span class="badge log pass-bg">Pass</span></td>
        <td>4:29:06 pm</td>
        <td>
           is drag and dropped at the target location
        </td>
      </tr>
      <tr class="event-row">
        <td><span class="badge log pass-bg">Pass</span></td>
        <td>4:29:06 pm</td>
        <td>
          Double clicked on **Drop Columns** successfully.
        </td>
      </tr>
      <tr class="event-row">
        <td><span class="badge log fail-bg">Fail</span></td>
        <td>4:29:29 pm</td>
        <td>
          Failed to enter **priority** into **Search Column** textbox. Exception: Expected condition failed: waiting for visibility of [[ChromeDriver: chrome on windows (d183706ecef799382511a2906b8da4fa)] -> xpath: (//input[@placeholder='Search columns...'])[1]] (tried for 20 second(s) with 500 milliseconds interval)
Build info: version: '4.33.0', revision: '2c6aaad03a'
System info: os.name: 'Windows 11', os.arch: 'amd64', os.version: '10.0', java.version: '21.0.7'
Driver info: org.openqa.selenium.chrome.ChromeDriver
Capabilities {acceptInsecureCerts: false, browserName: chrome, browserVersion: 141.0.7390.123, chrome: {chromedriverVersion: 141.0.7390.122 (b477534e7e1..., userDataDir: C:\Users\ABHINA~1.DAG\AppDa...}, fedcm:accounts: true, goog:chromeOptions: {debuggerAddress: localhost:59482}, networkConnectionEnabled: false, pageLoadStrategy: normal, platformName: windows, proxy: Proxy(), se:cdp: ws://localhost:59482/devtoo..., se:cdpVersion: 141.0.7390.123, setWindowRect: true, strictFileInteractability: false, timeouts: {implicit: 0, pageLoad: 300000, script: 30000}, unhandledPromptBehavior: dismiss and notify, webauthn:extension:credBlob: true, webauthn:extension:largeBlob: true, webauthn:extension:minPinLength: true, webauthn:extension:prf: true, webauthn:virtualAuthenticators: true}
Session ID: d183706ecef799382511a2906b8da4fa
        </td>
      </tr>
      <tr class="event-row">
        <td><span class="badge log pass-bg">Pass</span></td>
        <td>4:29:34 pm</td>
        <td>
          **priority** checkbox is clicked
        </td>
      </tr>
      <tr class="event-row">
        <td><span class="badge log pass-bg">Pass</span></td>
        <td>4:29:34 pm</td>
        <td>
          Clicked on **Apply Configuration** button successfully.
        </td>
      </tr>
      <tr class="event-row">
        <td><span class="badge log pass-bg">Pass</span></td>
        <td>4:29:35 pm</td>
        <td>
          'Drop columns configuration saved successfully!' is present on the page.
        </td>
      </tr>
      <tr class="event-row">
        <td><span class="badge log pass-bg">Pass</span></td>
        <td>4:29:35 pm</td>
        <td>
          Clicked on **Drop Columns Configuration Dialog Box Close Button** button successfully.
        </td>
      </tr>
      <tr class="event-row">
        <td><span class="badge log pass-bg">Pass</span></td>
        <td>4:29:36 pm</td>
        <td>
          Entered **Drop duplicates** into **Searchbox** textbox successfully.
        </td>
      </tr>
      <tr class="event-row">
        <td><span class="badge log pass-bg">Pass</span></td>
        <td>4:29:37 pm</td>
        <td>
          Drop Duplicates
Remove duplicate rows based on all or selected columns is drag and dropped at the target location
        </td>
      </tr>
      <tr class="event-row">
        <td><span class="badge log pass-bg">Pass</span></td>
        <td>4:29:37 pm</td>
        <td>
          Clicked on **Zoom Out** button successfully.
        </td>
      </tr>
      <tr class="event-row">
        <td><span class="badge log pass-bg">Pass</span></td>
        <td>4:29:37 pm</td>
        <td>
           is drag and dropped at the target location
        </td>
      </tr>
      <tr class="event-row">
        <td><span class="badge log pass-bg">Pass</span></td>
        <td>4:29:38 pm</td>
        <td>
          Double clicked on **Drop Duplicates** successfully.
        </td>
      </tr>
      <tr class="event-row">
        <td><span class="badge log fail-bg">Fail</span></td>
        <td>4:30:00 pm</td>
        <td>
          Failed to click on **Select All Checkbox** button. Exception: Expected condition failed: waiting for element to be clickable: [[ChromeDriver: chrome on windows (d183706ecef799382511a2906b8da4fa)] -> xpath: //input[@aria-label='Select all' and @type='checkbox']] (tried for 20 second(s) with 500 milliseconds interval)
Build info: version: '4.33.0', revision: '2c6aaad03a'
System info: os.name: 'Windows 11', os.arch: 'amd64', os.version: '10.0', java.version: '21.0.7'
Driver info: org.openqa.selenium.chrome.ChromeDriver
Capabilities {acceptInsecureCerts: false, browserName: chrome, browserVersion: 141.0.7390.123, chrome: {chromedriverVersion: 141.0.7390.122 (b477534e7e1..., userDataDir: C:\Users\ABHINA~1.DAG\AppDa...}, fedcm:accounts: true, goog:chromeOptions: {debuggerAddress: localhost:59482}, networkConnectionEnabled: false, pageLoadStrategy: normal, platformName: windows, proxy: Proxy(), se:cdp: ws://localhost:59482/devtoo..., se:cdpVersion: 141.0.7390.123, setWindowRect: true, strictFileInteractability: false, timeouts: {implicit: 0, pageLoad: 300000, script: 30000}, unhandledPromptBehavior: dismiss and notify, webauthn:extension:credBlob: true, webauthn:extension:largeBlob: true, webauthn:extension:minPinLength: true, webauthn:extension:prf: true, webauthn:virtualAuthenticators: true}
Session ID: d183706ecef799382511a2906b8da4fa
        </td>
      </tr>
      <tr class="event-row">
        <td><span class="badge log pass-bg">Pass</span></td>
        <td>4:30:00 pm</td>
        <td>
          Clicked on **Apply Configuration** button successfully.
        </td>
      </tr>
      <tr class="event-row">
        <td><span class="badge log fail-bg">Fail</span></td>
        <td>4:30:41 pm</td>
        <td>
          'Element' is not present. Exception: Expected condition failed: waiting for visibility of Proxy element for: DefaultElementLocator 'By.xpath: //span[text()='Remove duplicate rows based on all or selected columns']' (tried for 20 second(s) with 500 milliseconds interval)
        </td>
      </tr>
      <tr class="event-row">
        <td><span class="badge log pass-bg">Pass</span></td>
        <td>4:30:41 pm</td>
        <td>
          Clicked on **Drop Duplicates Configuration Dialog Box Close Button** button successfully.
        </td>
      </tr>
      <tr class="event-row">
        <td><span class="badge log pass-bg">Pass</span></td>
        <td>4:30:42 pm</td>
        <td>
          Clicked on **Add Target -> Data Lake** button successfully.
        </td>
      </tr>
      <tr class="event-row">
        <td><span class="badge log pass-bg">Pass</span></td>
        <td>4:30:44 pm</td>
        <td>
          Clicked on **Source Selection Model -> Delta Lake / Lakehouse** button successfully.
        </td>
      </tr>
      <tr class="event-row">
        <td><span class="badge log fail-bg">Fail</span></td>
        <td>4:31:29 pm</td>
        <td>
          'silver' is NOT selected from 'Select Lakehouse' dropdown element due to: Expected condition failed: waiting for visibility of element located by By.xpath: //div[contains(@class,'option') and normalize-space(text())='silver'] (tried for 20 second(s) with 500 milliseconds interval)
Build info: version: '4.33.0', revision: '2c6aaad03a'
System info: os.name: 'Windows 11', os.arch: 'amd64', os.version: '10.0', java.version: '21.0.7'
Driver info: org.openqa.selenium.chrome.ChromeDriver
Capabilities {acceptInsecureCerts: false, browserName: chrome, browserVersion: 141.0.7390.123, chrome: {chromedriverVersion: 141.0.7390.122 (b477534e7e1..., userDataDir: C:\Users\ABHINA~1.DAG\AppDa...}, fedcm:accounts: true, goog:chromeOptions: {debuggerAddress: localhost:59482}, networkConnectionEnabled: false, pageLoadStrategy: normal, platformName: windows, proxy: Proxy(), se:cdp: ws://localhost:59482/devtoo..., se:cdpVersion: 141.0.7390.123, setWindowRect: true, strictFileInteractability: false, timeouts: {implicit: 0, pageLoad: 300000, script: 30000}, unhandledPromptBehavior: dismiss and notify, webauthn:extension:credBlob: true, webauthn:extension:largeBlob: true, webauthn:extension:minPinLength: true, webauthn:extension:prf: true, webauthn:virtualAuthenticators: true}
Session ID: d183706ecef799382511a2906b8da4fa
        </td>
      </tr>
      <tr class="event-row">
        <td><span class="badge log pass-bg">Pass</span></td>
        <td>4:31:31 pm</td>
        <td>
          'Tables' is selected from 'Select Lakehouse Type' dropdown element
        </td>
      </tr>
      <tr class="event-row">
        <td><span class="badge log pass-bg">Pass</span></td>
        <td>4:31:36 pm</td>
        <td>
          Clicked on **Proceed** button successfully.
        </td>
      </tr>
      <tr class="event-row">
        <td><span class="badge log pass-bg">Pass</span></td>
        <td>4:31:47 pm</td>
        <td>
           is drag and dropped at the target location
        </td>
      </tr>
      <tr class="event-row">
        <td><span class="badge log pass-bg">Pass</span></td>
        <td>4:31:47 pm</td>
        <td>
          Clicked on **Save** button successfully.
        </td>
      </tr>
      <tr class="event-row">
        <td><span class="badge log fail-bg">Fail</span></td>
        <td>4:32:28 pm</td>
        <td>
          'Element' is not present. Exception: Expected condition failed: waiting for visibility of Proxy element for: DefaultElementLocator 'By.xpath: //span[text()='Pipeline saved to draft successfully']' (tried for 20 second(s) with 500 milliseconds interval)
        </td>
      </tr>
      <tr class="event-row">
        <td><span class="badge log pass-bg">Pass</span></td>
        <td>4:32:28 pm</td>
        <td>
          Double clicked on **Target_Operation - automation_transform_dev** successfully.
        </td>
      </tr>
      <tr class="event-row">
        <td><span class="badge log fail-bg">Fail</span></td>
        <td>4:32:40 pm</td>
        <td>
          dataNeuxsTransformationPipeline failed.
        </td>
      </tr>
      <tr class="event-row">
        <td><span class="badge log info-bg">Info</span></td>
        <td>4:32:40 pm</td>
        <td>
          java.lang.AssertionError: null
        </td>
      </tr>
  </tbody>
</table>
</div>
          </div>
        </li>
        <li class="test-item"  status="skip" test-id="9"
          author=""
          tag="testCases.Regression_Testing_Script"
          device="">
          <div class="test-detail">
            <p class="name">dataNexusdataModel</p>
            <p class="text-sm">
              <span>4:32:40 pm</span> / <span>00:00:00:004</span>
              <span class="badge skip-bg log float-right">Skip</span>
            </p>
          </div>
          <div class="test-contents d-none">
<div class="detail-head">
<div class="p-v-10">
<div class="info">
<h5 class="test-status text-skip">dataNexusdataModel</h5>
<span class='badge badge-success'>11.05.2025 4:32:40 pm</span>
<span class='badge badge-danger'>11.05.2025 4:32:40 pm</span>
<span class='badge badge-default'>00:00:00:004</span>
&middot; <span class='uri-anchor badge badge-default'>#test-id=9</span>
<span title='Skip to the next failed step' class='badge badge-danger pointer float-right ne ml-1'><i class="fa fa-fast-forward"></i></span>
<span title='Collapse all nodes' class='badge badge-default pointer float-right ct ml-1'><i class="fa fa-compress"></i></span>
<span title='Expand all nodes' class='badge badge-default pointer float-right et'><i class="fa fa-expand"></i></span>
</div>
<div class="m-t-15"><span class="badge badge-pill badge-default">testCases.Regression_Testing_Script</span></div>
</div>
</div><div class="detail-body mt-4">
<table class="table table-sm">
  <thead><tr><th class="status-col">Status</th><th class="timestamp-col">Timestamp</th><th class="details-col">Details</th></tr></thead>
  <tbody>
      <tr class="event-row">
        <td><span class="badge log skip-bg">Skip</span></td>
        <td>4:32:40 pm</td>
        <td>
          dataNexusdataModel was skipped.
        </td>
      </tr>
  </tbody>
</table>
</div>
          </div>
        </li>
        <li class="test-item"  status="skip" test-id="10"
          author=""
          tag="testCases.Regression_Testing_Script"
          device="">
          <div class="test-detail">
            <p class="name">DataNexusDataProfiler</p>
            <p class="text-sm">
              <span>4:32:40 pm</span> / <span>00:00:00:001</span>
              <span class="badge skip-bg log float-right">Skip</span>
            </p>
          </div>
          <div class="test-contents d-none">
<div class="detail-head">
<div class="p-v-10">
<div class="info">
<h5 class="test-status text-skip">DataNexusDataProfiler</h5>
<span class='badge badge-success'>11.05.2025 4:32:40 pm</span>
<span class='badge badge-danger'>11.05.2025 4:32:40 pm</span>
<span class='badge badge-default'>00:00:00:001</span>
&middot; <span class='uri-anchor badge badge-default'>#test-id=10</span>
<span title='Skip to the next failed step' class='badge badge-danger pointer float-right ne ml-1'><i class="fa fa-fast-forward"></i></span>
<span title='Collapse all nodes' class='badge badge-default pointer float-right ct ml-1'><i class="fa fa-compress"></i></span>
<span title='Expand all nodes' class='badge badge-default pointer float-right et'><i class="fa fa-expand"></i></span>
</div>
<div class="m-t-15"><span class="badge badge-pill badge-default">testCases.Regression_Testing_Script</span></div>
</div>
</div><div class="detail-body mt-4">
<table class="table table-sm">
  <thead><tr><th class="status-col">Status</th><th class="timestamp-col">Timestamp</th><th class="details-col">Details</th></tr></thead>
  <tbody>
      <tr class="event-row">
        <td><span class="badge log skip-bg">Skip</span></td>
        <td>4:32:40 pm</td>
        <td>
          DataNexusDataProfiler was skipped.
        </td>
      </tr>
  </tbody>
</table>
</div>
          </div>
        </li>
        <li class="test-item"  status="skip" test-id="11"
          author=""
          tag="testCases.Regression_Testing_Script"
          device="">
          <div class="test-detail">
            <p class="name">DataNexusMonitoring</p>
            <p class="text-sm">
              <span>4:32:40 pm</span> / <span>00:00:00:001</span>
              <span class="badge skip-bg log float-right">Skip</span>
            </p>
          </div>
          <div class="test-contents d-none">
<div class="detail-head">
<div class="p-v-10">
<div class="info">
<h5 class="test-status text-skip">DataNexusMonitoring</h5>
<span class='badge badge-success'>11.05.2025 4:32:40 pm</span>
<span class='badge badge-danger'>11.05.2025 4:32:40 pm</span>
<span class='badge badge-default'>00:00:00:001</span>
&middot; <span class='uri-anchor badge badge-default'>#test-id=11</span>
<span title='Skip to the next failed step' class='badge badge-danger pointer float-right ne ml-1'><i class="fa fa-fast-forward"></i></span>
<span title='Collapse all nodes' class='badge badge-default pointer float-right ct ml-1'><i class="fa fa-compress"></i></span>
<span title='Expand all nodes' class='badge badge-default pointer float-right et'><i class="fa fa-expand"></i></span>
</div>
<div class="m-t-15"><span class="badge badge-pill badge-default">testCases.Regression_Testing_Script</span></div>
</div>
</div><div class="detail-body mt-4">
<table class="table table-sm">
  <thead><tr><th class="status-col">Status</th><th class="timestamp-col">Timestamp</th><th class="details-col">Details</th></tr></thead>
  <tbody>
      <tr class="event-row">
        <td><span class="badge log skip-bg">Skip</span></td>
        <td>4:32:40 pm</td>
        <td>
          DataNexusMonitoring was skipped.
        </td>
      </tr>
  </tbody>
</table>
</div>
          </div>
        </li>
        <li class="test-item"  status="skip" test-id="12"
          author=""
          tag="testCases.Regression_Testing_Script"
          device="">
          <div class="test-detail">
            <p class="name">DataNexusTenants</p>
            <p class="text-sm">
              <span>4:32:40 pm</span> / <span>00:00:00:000</span>
              <span class="badge skip-bg log float-right">Skip</span>
            </p>
          </div>
          <div class="test-contents d-none">
<div class="detail-head">
<div class="p-v-10">
<div class="info">
<h5 class="test-status text-skip">DataNexusTenants</h5>
<span class='badge badge-success'>11.05.2025 4:32:40 pm</span>
<span class='badge badge-danger'>11.05.2025 4:32:40 pm</span>
<span class='badge badge-default'>00:00:00:000</span>
&middot; <span class='uri-anchor badge badge-default'>#test-id=12</span>
<span title='Skip to the next failed step' class='badge badge-danger pointer float-right ne ml-1'><i class="fa fa-fast-forward"></i></span>
<span title='Collapse all nodes' class='badge badge-default pointer float-right ct ml-1'><i class="fa fa-compress"></i></span>
<span title='Expand all nodes' class='badge badge-default pointer float-right et'><i class="fa fa-expand"></i></span>
</div>
<div class="m-t-15"><span class="badge badge-pill badge-default">testCases.Regression_Testing_Script</span></div>
</div>
</div><div class="detail-body mt-4">
<table class="table table-sm">
  <thead><tr><th class="status-col">Status</th><th class="timestamp-col">Timestamp</th><th class="details-col">Details</th></tr></thead>
  <tbody>
      <tr class="event-row">
        <td><span class="badge log skip-bg">Skip</span></td>
        <td>4:32:40 pm</td>
        <td>
          DataNexusTenants was skipped.
        </td>
      </tr>
  </tbody>
</table>
</div>
          </div>
        </li>
      </ul>
    </div>
  </div>
<div class="test-content scrollable">
<div class="test-content-tools">
<ul><li><a class="back-to-test" href="#"><i class="fa fa-arrow-left"></i></a></li></ul>
</div>
<div class="test-content-detail"><div class="detail-body"></div></div>
</div></div>
<div class="test-wrapper row view category-view attributes-view">
<div class="test-list">
<div class="test-list-tools">
<ul class="tools pull-left"><li><a href=""><span class="font-size-14">Category</span></a></li></ul>
<ul class="tools text-right"><li><a href="#"><span class="badge badge-primary">1</span></a></li></ul>
</div>
<div class="test-list-wrapper scrollable">
<ul class="test-list-item">
<li class="test-item">
<div class="test-detail">
<span class="meta">
<span class='badge log pass-bg'>3</span>
<span class='badge log badge-danger'>1</span>
<span class='badge log badge-skip'>8</span>
</span>
<p class="name">testCases.Regression_Testing_Script</p>
<p class="duration text-sm">12 tests</p>
</div>
<div class="test-contents d-none">
<div class="info">
<h4>testCases.Regression_Testing_Script</h4>
<span status="pass" class='badge log pass-bg'>3 passed</span>
<span status="fail" class='badge log badge-danger'>1 failed</span>
<span status="skip" class='badge log badge-skip'>8 skipped</span>
</div>
<table class='table table-sm mt-4'>
<thead>
<tr>
<th class="status-col">Status</th>
<th class="timestamp-col">Timestamp</th>
<th>TestName</th>
</tr>
</thead>
<tbody>
<tr class="tag-test-status" status="pass">
<td><span class="badge log pass-bg">Pass</span></td>
<td>16:24:01 pm</td>
<td>
<a href="#" class="linked" test-id='1' id='1'>loginSetup</a>
</td>
</tr>
<tr class="tag-test-status" status="pass">
<td><span class="badge log pass-bg">Pass</span></td>
<td>16:24:06 pm</td>
<td>
<a href="#" class="linked" test-id='2' id='2'>dataNexusHomePageNavigation</a>
</td>
</tr>
<tr class="tag-test-status" status="pass">
<td><span class="badge log pass-bg">Pass</span></td>
<td>16:24:06 pm</td>
<td>
<a href="#" class="linked" test-id='3' id='3'>dataNexus</a>
</td>
</tr>
<tr class="tag-test-status" status="skip">
<td><span class="badge log skip-bg">Skip</span></td>
<td>16:24:09 pm</td>
<td>
<a href="#" class="linked" test-id='4' id='4'>dataNexusHome</a>
</td>
</tr>
<tr class="tag-test-status" status="skip">
<td><span class="badge log skip-bg">Skip</span></td>
<td>16:24:09 pm</td>
<td>
<a href="#" class="linked" test-id='5' id='5'>dataNexusConnection</a>
</td>
</tr>
<tr class="tag-test-status" status="skip">
<td><span class="badge log skip-bg">Skip</span></td>
<td>16:24:09 pm</td>
<td>
<a href="#" class="linked" test-id='6' id='6'>dataNexusIngestionPipeline</a>
</td>
</tr>
<tr class="tag-test-status" status="skip">
<td><span class="badge log skip-bg">Skip</span></td>
<td>16:24:09 pm</td>
<td>
<a href="#" class="linked" test-id='7' id='7'>DataNexusOrchestrator</a>
</td>
</tr>
<tr class="tag-test-status" status="fail">
<td><span class="badge log fail-bg">Fail</span></td>
<td>16:24:09 pm</td>
<td>
<a href="#" class="linked" test-id='8' id='8'>dataNeuxsTransformationPipeline</a>
</td>
</tr>
<tr class="tag-test-status" status="skip">
<td><span class="badge log skip-bg">Skip</span></td>
<td>16:32:40 pm</td>
<td>
<a href="#" class="linked" test-id='9' id='9'>dataNexusdataModel</a>
</td>
</tr>
<tr class="tag-test-status" status="skip">
<td><span class="badge log skip-bg">Skip</span></td>
<td>16:32:40 pm</td>
<td>
<a href="#" class="linked" test-id='10' id='10'>DataNexusDataProfiler</a>
</td>
</tr>
<tr class="tag-test-status" status="skip">
<td><span class="badge log skip-bg">Skip</span></td>
<td>16:32:40 pm</td>
<td>
<a href="#" class="linked" test-id='11' id='11'>DataNexusMonitoring</a>
</td>
</tr>
<tr class="tag-test-status" status="skip">
<td><span class="badge log skip-bg">Skip</span></td>
<td>16:32:40 pm</td>
<td>
<a href="#" class="linked" test-id='12' id='12'>DataNexusTenants</a>
</td>
</tr>
</tbody>
</table>
</div>
</li>
</ul>
</div>
</div>
<div class="test-content scrollable">
<div class="test-content-detail">
<div class="detail-body"></div>
</div>
</div>
</div><div class="container-fluid p-4 view dashboard-view">
<div class="row">
<div class="col-md-3">
<div class="card"><div class="card-body">
<p class="m-b-0">Started</p>
<h3>Nov 5, 2025 04:23:56 pm</h3>
</div></div>
</div>
<div class="col-md-3">
<div class="card"><div class="card-body">
<p class="m-b-0">Ended</p>
<h3>Nov 5, 2025 04:32:41 pm</h3>
</div></div>
</div>
<div class="col-md-3">
<div class="card"><div class="card-body">
<p class="m-b-0 text-pass">Tests Passed</p>
<h3>3</h3>
</div></div>
</div>
<div class="col-md-3">
<div class="card"><div class="card-body">
<p class="m-b-0 text-fail">Tests Failed</p>
<h3>1</h3>
</div></div>
</div>
</div>
<div class="row">
<div class="col-md-6">
<div class="card">
<div class="card-header">
<h6 class="card-title">Tests</h6>
</div>
<div class="card-body">
<div class="">
<canvas id='parent-analysis' width='115' height='90'></canvas>
</div>
</div>
<div class="card-footer">
<div><small data-tooltip='25%'>
<b>3</b> tests passed
</small>
</div>
<div>
<small data-tooltip='8%'><b>1</b> tests failed,
<b>8</b> skipped, <b data-tooltip='0%'>0</b> others
</small>
</div>
</div>
</div>
</div>
<div class="col-md-6">
<div class="card">
<div class="card-header">
<h6 class="card-title">Log events</h6>
</div>
<div class="card-body">
<div class="">
<canvas id='events-analysis' width='115' height='90'></canvas>
</div>
</div>
<div class="card-footer">
<div><small data-tooltip='85%'><b>137</b> events passed</small></div>
<div>
<small data-tooltip='8%'><b>14</b> events failed,
<b data-tooltip='%'>9</b> others
</small>
</div>
</div>
</div>
</div>
</div>
<div class="row"><div class="col-md-12">
<div class="card"><div class="card-header"><p>Timeline</p></div>
<div class="card-body pt-0"><div>
<canvas id="timeline" height="120"></canvas>
</div></div>
</div>
</div></div>
<script>
var timeline = {
"loginSetup":4.748,"dataNexusHomePageNavigation":0.087,"dataNexus":2.703,"dataNexusHome":0.004,"dataNexusConnection":0,"dataNexusIngestionPipeline":0.003,"DataNexusOrchestrator":0.002,"dataNeuxsTransformationPipeline":511.626,"dataNexusdataModel":0.004,"DataNexusDataProfiler":0.001,"DataNexusMonitoring":0.001,"DataNexusTenants":0
};
</script>
<div class="row">
<div class="col-lg-6 col-md-12 category-container">
<div class="card">
<div class="card-header"><p>Tags</p></div>
<div class="card-body pb-0 pt-0"><table class="table table-sm table-bordered">
<thead><tr class="bg-gray"><th>Name</th><th>Passed</th><th>Failed</th><th>Skipped</th><th>Others</th><th>Passed %</th></tr></thead><tbody>
<tr>
<td>testCases.Regression_Testing_Script</td>
<td>3</td>
<td>1</td>
<td>8</td>
<td>0</td>
<td>25%</td>
</tr>
</tbody>
</table></div>
</div>
</div>
<div class="col-lg-6 col-md-12 sysenv-container">
<div class="card">
<div class="card-header"><p>System/Environment</p></div>
<div class="card-body pb-0 pt-0"><table class="table table-sm table-bordered">
<thead><tr class="bg-gray"><th>Name</th><th>Value</th></tr></thead>
<tbody>
<tr>
<td>Application</td>
<td>OnePlatform</td>
</tr>
<tr>
<td>Environment</td>
<td>UAT</td>
</tr>
<tr>
<td>User Name</td>
<td>abhinav.dagar</td>
</tr>
<tr>
<td>Browser</td>
<td>chrome</td>
</tr>
</tbody>
</table></div>
</div>
</div>
</div>
</div>
<script>
var statusGroup = {
parentCount: 5,
passParent: 3,
failParent: 1,
warningParent: 0,
skipParent: 8,
childCount: 5,
passChild: 0,
failChild: 0,
warningChild: 0,
skipChild: 0,
infoChild: 0,
grandChildCount: 5,
passGrandChild: 0,
failGrandChild: 0,
warningGrandChild: 0,
skipGrandChild: 0,
infoGrandChild: 0,
eventsCount: 5,
passEvents: 137,
failEvents: 14,
warningEvents: 0,
skipEvents: 8,
infoEvents: 1
};
</script>        </div>
      </div>
    </div>
  </div>
<script src="https://cdn.jsdelivr.net/gh/extent-framework/extent-github-cdn@c05cd28cde1617b9d0c05a831daff6cb97fd9fd5/spark/js/spark-script.js"></script>
<script type="text/javascript"></script></body>
</html>