<?xml version="1.0" encoding="UTF-8"?>
<!-- Generated by org.testng.reporters.JUnitXMLReporter -->
<testsuite ignored="0" hostname="PSSLHPLP2698" failures="3" tests="26" name="Default test" time="14.94" errors="0" timestamp="2025-09-24T17:32:12 IST">
  <testcase classname="testCases.sanityTesting" name="LoginPage" time="0.392">
    <failure type="java.lang.NullPointerException" message="Cannot invoke &amp;quot;com.aventstack.extentreports.ExtentTest.fail(String)&amp;quot; because the return value of &amp;quot;Utilities.ExtentReportManager.getTest()&amp;quot; is null">
      <![CDATA[java.lang.NullPointerException: Cannot invoke "com.aventstack.extentreports.ExtentTest.fail(String)" because the return value of "Utilities.ExtentReportManager.getTest()" is null
at pageObjects.basePage.standardEnterTextbox(basePage.java:102)
at pageObjects.loginPage.enterUsername(loginPage.java:166)
at testCases.sanityTesting.LoginPage(sanityTesting.java:48)
at java.base/jdk.internal.reflect.DirectMethodHandleAccessor.invoke(DirectMethodHandleAccessor.java:103)
at java.base/java.lang.reflect.Method.invoke(Method.java:580)
at org.testng.internal.invokers.MethodInvocationHelper.invokeMethod(MethodInvocationHelper.java:141)
at org.testng.internal.invokers.TestInvoker.invokeMethod(TestInvoker.java:687)
at org.testng.internal.invokers.TestInvoker.invokeTestMethod(TestInvoker.java:230)
at org.testng.internal.invokers.MethodRunner.runInSequence(MethodRunner.java:63)
at org.testng.internal.invokers.TestInvoker$MethodInvocationAgent.invoke(TestInvoker.java:995)
at org.testng.internal.invokers.TestInvoker.invokeTestMethods(TestInvoker.java:203)
at org.testng.internal.invokers.TestMethodWorker.invokeTestMethods(TestMethodWorker.java:154)
at org.testng.internal.invokers.TestMethodWorker.run(TestMethodWorker.java:134)
at java.base/java.util.ArrayList.forEach(ArrayList.java:1596)
at org.testng.TestRunner.privateRun(TestRunner.java:741)
at org.testng.TestRunner.run(TestRunner.java:616)
at org.testng.SuiteRunner.runTest(SuiteRunner.java:421)
at org.testng.SuiteRunner.runSequentially(SuiteRunner.java:413)
at org.testng.SuiteRunner.privateRun(SuiteRunner.java:373)
at org.testng.SuiteRunner.run(SuiteRunner.java:312)
at org.testng.SuiteRunnerWorker.runSuite(SuiteRunnerWorker.java:52)
at org.testng.SuiteRunnerWorker.run(SuiteRunnerWorker.java:95)
at org.testng.TestNG.runSuitesSequentially(TestNG.java:1274)
at org.testng.TestNG.runSuitesLocally(TestNG.java:1208)
at org.testng.TestNG.runSuites(TestNG.java:1112)
at org.testng.TestNG.run(TestNG.java:1079)
at org.testng.remote.AbstractRemoteTestNG.run(AbstractRemoteTestNG.java:115)
at org.testng.remote.RemoteTestNG.initAndRun(RemoteTestNG.java:293)
at org.testng.remote.RemoteTestNG.main(RemoteTestNG.java:91)
]]>
    </failure>
  </testcase> <!-- LoginPage -->
  <testcase classname="testCases.sanityTesting" name="landingPage" time="11.781">
    <failure type="java.lang.NullPointerException" message="Cannot invoke &amp;quot;com.aventstack.extentreports.ExtentTest.fail(String)&amp;quot; because the return value of &amp;quot;Utilities.ExtentReportManager.getTest()&amp;quot; is null">
      <![CDATA[java.lang.NullPointerException: Cannot invoke "com.aventstack.extentreports.ExtentTest.fail(String)" because the return value of "Utilities.ExtentReportManager.getTest()" is null
at pageObjects.basePage.isObjectExist(basePage.java:163)
at testCases.sanityTesting.landingPage(sanityTesting.java:58)
at java.base/jdk.internal.reflect.DirectMethodHandleAccessor.invoke(DirectMethodHandleAccessor.java:103)
at java.base/java.lang.reflect.Method.invoke(Method.java:580)
at org.testng.internal.invokers.MethodInvocationHelper.invokeMethod(MethodInvocationHelper.java:141)
at org.testng.internal.invokers.TestInvoker.invokeMethod(TestInvoker.java:687)
at org.testng.internal.invokers.TestInvoker.invokeTestMethod(TestInvoker.java:230)
at org.testng.internal.invokers.MethodRunner.runInSequence(MethodRunner.java:63)
at org.testng.internal.invokers.TestInvoker$MethodInvocationAgent.invoke(TestInvoker.java:995)
at org.testng.internal.invokers.TestInvoker.invokeTestMethods(TestInvoker.java:203)
at org.testng.internal.invokers.TestMethodWorker.invokeTestMethods(TestMethodWorker.java:154)
at org.testng.internal.invokers.TestMethodWorker.run(TestMethodWorker.java:134)
at java.base/java.util.ArrayList.forEach(ArrayList.java:1596)
at org.testng.TestRunner.privateRun(TestRunner.java:741)
at org.testng.TestRunner.run(TestRunner.java:616)
at org.testng.SuiteRunner.runTest(SuiteRunner.java:421)
at org.testng.SuiteRunner.runSequentially(SuiteRunner.java:413)
at org.testng.SuiteRunner.privateRun(SuiteRunner.java:373)
at org.testng.SuiteRunner.run(SuiteRunner.java:312)
at org.testng.SuiteRunnerWorker.runSuite(SuiteRunnerWorker.java:52)
at org.testng.SuiteRunnerWorker.run(SuiteRunnerWorker.java:95)
at org.testng.TestNG.runSuitesSequentially(TestNG.java:1274)
at org.testng.TestNG.runSuitesLocally(TestNG.java:1208)
at org.testng.TestNG.runSuites(TestNG.java:1112)
at org.testng.TestNG.run(TestNG.java:1079)
at org.testng.remote.AbstractRemoteTestNG.run(AbstractRemoteTestNG.java:115)
at org.testng.remote.RemoteTestNG.initAndRun(RemoteTestNG.java:293)
at org.testng.remote.RemoteTestNG.main(RemoteTestNG.java:91)
]]>
    </failure>
  </testcase> <!-- landingPage -->
  <testcase classname="testCases.sanityTesting" name="workspaceListDataNexus" time="0.016">
    <failure type="java.lang.NullPointerException" message="Cannot invoke &amp;quot;com.aventstack.extentreports.ExtentTest.fail(String)&amp;quot; because the return value of &amp;quot;Utilities.ExtentReportManager.getTest()&amp;quot; is null">
      <![CDATA[java.lang.NullPointerException: Cannot invoke "com.aventstack.extentreports.ExtentTest.fail(String)" because the return value of "Utilities.ExtentReportManager.getTest()" is null
at pageObjects.basePage.isObjectExist(basePage.java:163)
at testCases.sanityTesting.workspaceListDataNexus(sanityTesting.java:65)
at java.base/jdk.internal.reflect.DirectMethodHandleAccessor.invoke(DirectMethodHandleAccessor.java:103)
at java.base/java.lang.reflect.Method.invoke(Method.java:580)
at org.testng.internal.invokers.MethodInvocationHelper.invokeMethod(MethodInvocationHelper.java:141)
at org.testng.internal.invokers.TestInvoker.invokeMethod(TestInvoker.java:687)
at org.testng.internal.invokers.TestInvoker.invokeTestMethod(TestInvoker.java:230)
at org.testng.internal.invokers.MethodRunner.runInSequence(MethodRunner.java:63)
at org.testng.internal.invokers.TestInvoker$MethodInvocationAgent.invoke(TestInvoker.java:995)
at org.testng.internal.invokers.TestInvoker.invokeTestMethods(TestInvoker.java:203)
at org.testng.internal.invokers.TestMethodWorker.invokeTestMethods(TestMethodWorker.java:154)
at org.testng.internal.invokers.TestMethodWorker.run(TestMethodWorker.java:134)
at java.base/java.util.ArrayList.forEach(ArrayList.java:1596)
at org.testng.TestRunner.privateRun(TestRunner.java:741)
at org.testng.TestRunner.run(TestRunner.java:616)
at org.testng.SuiteRunner.runTest(SuiteRunner.java:421)
at org.testng.SuiteRunner.runSequentially(SuiteRunner.java:413)
at org.testng.SuiteRunner.privateRun(SuiteRunner.java:373)
at org.testng.SuiteRunner.run(SuiteRunner.java:312)
at org.testng.SuiteRunnerWorker.runSuite(SuiteRunnerWorker.java:52)
at org.testng.SuiteRunnerWorker.run(SuiteRunnerWorker.java:95)
at org.testng.TestNG.runSuitesSequentially(TestNG.java:1274)
at org.testng.TestNG.runSuitesLocally(TestNG.java:1208)
at org.testng.TestNG.runSuites(TestNG.java:1112)
at org.testng.TestNG.run(TestNG.java:1079)
at org.testng.remote.AbstractRemoteTestNG.run(AbstractRemoteTestNG.java:115)
at org.testng.remote.RemoteTestNG.initAndRun(RemoteTestNG.java:293)
at org.testng.remote.RemoteTestNG.main(RemoteTestNG.java:91)
]]>
    </failure>
  </testcase> <!-- workspaceListDataNexus -->
  <testcase classname="testCases.sanityTesting" name="dataNexusHome" time="0.0">
    <skipped/>
  </testcase> <!-- dataNexusHome -->
  <testcase classname="testCases.sanityTesting" name="dataNexusDataLake" time="0.006">
    <skipped/>
  </testcase> <!-- dataNexusDataLake -->
  <testcase classname="testCases.sanityTesting" name="dataNexusConnections" time="0.002">
    <skipped/>
  </testcase> <!-- dataNexusConnections -->
  <testcase classname="testCases.sanityTesting" name="dataNexusIngestionPipeline" time="0.0">
    <skipped/>
  </testcase> <!-- dataNexusIngestionPipeline -->
  <testcase classname="testCases.sanityTesting" name="dataNexusTransformationPipeline" time="0.011">
    <skipped/>
  </testcase> <!-- dataNexusTransformationPipeline -->
  <testcase classname="testCases.sanityTesting" name="dataNexusDataModel" time="0.002">
    <skipped/>
  </testcase> <!-- dataNexusDataModel -->
  <testcase classname="testCases.sanityTesting" name="dataNexusTransformationPipelineV2" time="0.002">
    <skipped/>
  </testcase> <!-- dataNexusTransformationPipelineV2 -->
  <testcase classname="testCases.sanityTesting" name="dataNexusOrchestrator" time="0.008">
    <skipped/>
  </testcase> <!-- dataNexusOrchestrator -->
  <testcase classname="testCases.sanityTesting" name="dataNexusDataProfiler" time="0.0">
    <skipped/>
  </testcase> <!-- dataNexusDataProfiler -->
  <testcase classname="testCases.sanityTesting" name="dataNexusDocumentParser" time="0.016">
    <skipped/>
  </testcase> <!-- dataNexusDocumentParser -->
  <testcase classname="testCases.sanityTesting" name="dataNexusMonitoring" time="0.008">
    <skipped/>
  </testcase> <!-- dataNexusMonitoring -->
  <testcase classname="testCases.sanityTesting" name="tenants" time="0.0">
    <skipped/>
  </testcase> <!-- tenants -->
  <testcase classname="testCases.sanityTesting" name="userManagement" time="0.0">
    <skipped/>
  </testcase> <!-- userManagement -->
  <testcase classname="testCases.sanityTesting" name="workspaceListMDM" time="0.0">
    <skipped/>
  </testcase> <!-- workspaceListMDM -->
  <testcase classname="testCases.sanityTesting" name="MDMOverview" time="0.0">
    <skipped/>
  </testcase> <!-- MDMOverview -->
  <testcase classname="testCases.sanityTesting" name="MDMEntity" time="0.0">
    <skipped/>
  </testcase> <!-- MDMEntity -->
  <testcase classname="testCases.sanityTesting" name="MDMTaxonomy" time="0.016">
    <skipped/>
  </testcase> <!-- MDMTaxonomy -->
  <testcase classname="testCases.sanityTesting" name="MDMMasters" time="0.0">
    <skipped/>
  </testcase> <!-- MDMMasters -->
  <testcase classname="testCases.sanityTesting" name="MDMIntegration" time="0.0">
    <skipped/>
  </testcase> <!-- MDMIntegration -->
  <testcase classname="testCases.sanityTesting" name="MDMDataQuality" time="0.0">
    <skipped/>
  </testcase> <!-- MDMDataQuality -->
  <testcase classname="testCases.sanityTesting" name="AuditLogs" time="0.0">
    <skipped/>
  </testcase> <!-- AuditLogs -->
  <testcase classname="testCases.sanityTesting" name="UserManagement" time="0.002">
    <skipped/>
  </testcase> <!-- UserManagement -->
  <testcase classname="testCases.sanityTesting" name="logout" time="0.0">
    <skipped/>
  </testcase> <!-- logout -->
</testsuite> <!-- Default test -->
