<?xml version="1.0" encoding="UTF-8"?>
<!-- Generated by org.testng.reporters.JUnitXMLReporter -->
<testsuite ignored="0" hostname="PSSLHPLP2698" failures="1" tests="27" name="Test" time="2124.487" errors="0" timestamp="2025-11-07T12:21:44 IST">
  <testcase classname="testCases.sanityTesting" name="LoginPage" time="3.968"/>
  <testcase classname="testCases.sanityTesting" name="landingPage" time="1.292"/>
  <testcase classname="testCases.sanityTesting" name="workspaceListDataNexus" time="5.143"/>
  <testcase classname="testCases.sanityTesting" name="dataNexusHome" time="8.454"/>
  <testcase classname="testCases.sanityTesting" name="dataNexusDataLake" time="12.791"/>
  <testcase classname="testCases.sanityTesting" name="dataNexusConnections" time="15.121"/>
  <testcase classname="testCases.sanityTesting" name="dataNexusIngestionPipeline" time="83.58"/>
  <testcase classname="testCases.sanityTesting" name="dataNexusTransformationPipeline" time="16.499"/>
  <testcase classname="testCases.sanityTesting" name="dataNexusDataModel" time="24.308"/>
  <testcase classname="testCases.sanityTesting" name="dataNexusTransformationPipelineV2" time="80.481"/>
  <testcase classname="testCases.sanityTesting" name="dataNexusOrchestrator" time="404.451"/>
  <testcase classname="testCases.sanityTesting" name="dataNexusDataProfiler" time="0.005">
    <skipped/>
  </testcase> <!-- dataNexusDataProfiler -->
  <testcase classname="testCases.sanityTesting" name="dataNexusDocumentParser" time="64.634"/>
  <testcase classname="testCases.sanityTesting" name="dataNexusMonitoring" time="990.768"/>
  <testcase classname="testCases.sanityTesting" name="migrationCICD" time="209.047"/>
  <testcase classname="testCases.sanityTesting" name="tenants" time="8.645"/>
  <testcase classname="testCases.sanityTesting" name="userManagement" time="11.656"/>
  <testcase classname="testCases.sanityTesting" name="workspaceListMDM" time="13.606"/>
  <testcase classname="testCases.sanityTesting" name="MDMOverview" time="7.122"/>
  <testcase classname="testCases.sanityTesting" name="MDMEntity" time="47.996"/>
  <testcase classname="testCases.sanityTesting" name="MDMTaxonomy" time="6.656"/>
  <testcase classname="testCases.sanityTesting" name="MDMMasters" time="33.753"/>
  <testcase classname="testCases.sanityTesting" name="MDMIntegration" time="34.148"/>
  <testcase classname="testCases.sanityTesting" name="MDMDataQuality" time="9.281"/>
  <testcase classname="testCases.sanityTesting" name="AuditLogs" time="6.314"/>
  <testcase classname="testCases.sanityTesting" name="UserManagement" time="16.906">
    <failure type="org.openqa.selenium.NoSuchElementException" message="no such element: Unable to locate element: {&amp;quot;method&amp;quot;:&amp;quot;xpath&amp;quot;,&amp;quot;selector&amp;quot;:&amp;quot;//span[text()=&amp;apos;Role Name&amp;apos;]//following::p[1]&amp;quot;}
  (Session info: chrome=141.0.7390.123)
For documentation on this error, please visit: https://www.selenium.dev/documentation/webdriver/troubleshooting/errors#no-such-element-exception
Build info: version: &amp;apos;4.33.0&amp;apos;, revision: &amp;apos;2c6aaad03a&amp;apos;
System info: os.name: &amp;apos;Windows 11&amp;apos;, os.arch: &amp;apos;amd64&amp;apos;, os.version: &amp;apos;10.0&amp;apos;, java.version: &amp;apos;21.0.7&amp;apos;
Driver info: org.openqa.selenium.chrome.ChromeDriver
Command: [8fe76f626df0ef9f3c2cddd9f46d23a9, findElement {using=xpath, value=//span[text()=&amp;apos;Role Name&amp;apos;]//following::p[1]}]
Capabilities {acceptInsecureCerts: false, browserName: chrome, browserVersion: 141.0.7390.123, chrome: {chromedriverVersion: 141.0.7390.122 (b477534e7e1..., userDataDir: C:\Users\ABHINA~1.DAG\AppDa...}, fedcm:accounts: true, goog:chromeOptions: {debuggerAddress: localhost:59218}, networkConnectionEnabled: false, pageLoadStrategy: normal, platformName: windows, proxy: Proxy(), se:cdp: ws://localhost:59218/devtoo..., se:cdpVersion: 141.0.7390.123, setWindowRect: true, strictFileInteractability: false, timeouts: {implicit: 0, pageLoad: 300000, script: 30000}, unhandledPromptBehavior: dismiss and notify, webauthn:extension:credBlob: true, webauthn:extension:largeBlob: true, webauthn:extension:minPinLength: true, webauthn:extension:prf: true, webauthn:virtualAuthenticators: true}
Session ID: 8fe76f626df0ef9f3c2cddd9f46d23a9">
      <![CDATA[org.openqa.selenium.NoSuchElementException: no such element: Unable to locate element: {"method":"xpath","selector":"//span[text()='Role Name']//following::p[1]"}
  (Session info: chrome=141.0.7390.123)
For documentation on this error, please visit: https://www.selenium.dev/documentation/webdriver/troubleshooting/errors#no-such-element-exception
Build info: version: '4.33.0', revision: '2c6aaad03a'
System info: os.name: 'Windows 11', os.arch: 'amd64', os.version: '10.0', java.version: '21.0.7'
Driver info: org.openqa.selenium.chrome.ChromeDriver
Command: [8fe76f626df0ef9f3c2cddd9f46d23a9, findElement {using=xpath, value=//span[text()='Role Name']//following::p[1]}]
Capabilities {acceptInsecureCerts: false, browserName: chrome, browserVersion: 141.0.7390.123, chrome: {chromedriverVersion: 141.0.7390.122 (b477534e7e1..., userDataDir: C:\Users\ABHINA~1.DAG\AppDa...}, fedcm:accounts: true, goog:chromeOptions: {debuggerAddress: localhost:59218}, networkConnectionEnabled: false, pageLoadStrategy: normal, platformName: windows, proxy: Proxy(), se:cdp: ws://localhost:59218/devtoo..., se:cdpVersion: 141.0.7390.123, setWindowRect: true, strictFileInteractability: false, timeouts: {implicit: 0, pageLoad: 300000, script: 30000}, unhandledPromptBehavior: dismiss and notify, webauthn:extension:credBlob: true, webauthn:extension:largeBlob: true, webauthn:extension:minPinLength: true, webauthn:extension:prf: true, webauthn:virtualAuthenticators: true}
Session ID: 8fe76f626df0ef9f3c2cddd9f46d23a9
at org.openqa.selenium.remote.ErrorCodec.decode(ErrorCodec.java:167)
at org.openqa.selenium.remote.codec.w3c.W3CHttpResponseCodec.decode(W3CHttpResponseCodec.java:138)
at org.openqa.selenium.remote.codec.w3c.W3CHttpResponseCodec.decode(W3CHttpResponseCodec.java:50)
at org.openqa.selenium.remote.HttpCommandExecutor.execute(HttpCommandExecutor.java:215)
at org.openqa.selenium.remote.service.DriverCommandExecutor.invokeExecute(DriverCommandExecutor.java:216)
at org.openqa.selenium.remote.service.DriverCommandExecutor.execute(DriverCommandExecutor.java:174)
at org.openqa.selenium.remote.RemoteWebDriver.execute(RemoteWebDriver.java:544)
at org.openqa.selenium.remote.ElementLocation$ElementFinder$2.findElement(ElementLocation.java:165)
at org.openqa.selenium.remote.ElementLocation.findElement(ElementLocation.java:59)
at org.openqa.selenium.remote.RemoteWebDriver.findElement(RemoteWebDriver.java:367)
at org.openqa.selenium.remote.RemoteWebDriver.findElement(RemoteWebDriver.java:361)
at org.openqa.selenium.support.pagefactory.DefaultElementLocator.findElement(DefaultElementLocator.java:68)
at org.openqa.selenium.support.pagefactory.internal.LocatingElementHandler.invoke(LocatingElementHandler.java:38)
at jdk.proxy2/jdk.proxy2.$Proxy32.getText(Unknown Source)
at testCases.sanityTesting.UserManagement(sanityTesting.java:674)
at java.base/java.util.ArrayList.forEach(ArrayList.java:1596)
... Removed 28 stack frames]]>
    </failure>
  </testcase> <!-- UserManagement -->
  <testcase classname="testCases.sanityTesting" name="logout" time="1.341"/>
</testsuite> <!-- Test -->
