<?xml version="1.0" encoding="UTF-8"?>
<!-- Generated by org.testng.reporters.JUnitXMLReporter -->
<testsuite ignored="0" hostname="PSSLHPLP2698" failures="0" tests="10" name="Test" time="29.86" errors="0" timestamp="2025-08-08T12:18:20 IST">
  <testcase classname="testCases.Regression_Testing_Script" name="loginSetup" time="10.562"/>
  <testcase classname="testCases.Regression_Testing_Script" name="dataNexusHomePageNavigation" time="2.315"/>
  <testcase classname="testCases.Regression_Testing_Script" name="dataNexus" time="3.378"/>
  <testcase classname="testCases.Regression_Testing_Script" name="dataNexusHome" time="0.005">
    <skipped/>
  </testcase> <!-- dataNexusHome -->
  <testcase classname="testCases.Regression_Testing_Script" name="dataNexusConnection" time="0.007">
    <skipped/>
  </testcase> <!-- dataNexusConnection -->
  <testcase classname="testCases.Regression_Testing_Script" name="dataNexusIngestionPipeline" time="0.009">
    <skipped/>
  </testcase> <!-- dataNexusIngestionPipeline -->
  <testcase classname="testCases.Regression_Testing_Script" name="DataNexusOrchestrator" time="0.008">
    <skipped/>
  </testcase> <!-- DataNexusOrchestrator -->
  <testcase classname="testCases.Regression_Testing_Script" name="dataNexusdataModel" time="0.012">
    <skipped/>
  </testcase> <!-- dataNexusdataModel -->
  <testcase classname="testCases.Regression_Testing_Script" name="DataNexusDataProfiler" time="0.004">
    <skipped/>
  </testcase> <!-- DataNexusDataProfiler -->
  <testcase classname="testCases.Regression_Testing_Script" name="DataNexusMonitoring" time="6.311"/>
</testsuite> <!-- Test -->
