<?xml version="1.0" encoding="UTF-8"?>
<!-- Generated by org.testng.reporters.JUnitXMLReporter -->
<testsuite ignored="0" hostname="PSSLHPLP2698" failures="0" tests="24" name="Run1" time="1636.715" errors="0" timestamp="2025-07-07T15:11:03 IST">
  <testcase classname="testCases.ChatBot" name="calidateChatBot" time="6.509"/>
  <testcase classname="testCases.ChatBot" name="questionsValidation" time="57.709"/>
  <testcase classname="testCases.ChatBot" name="questionsValidation" time="60.246"/>
  <testcase classname="testCases.ChatBot" name="questionsValidation" time="57.592"/>
  <testcase classname="testCases.ChatBot" name="questionsValidation" time="60.658"/>
  <testcase classname="testCases.ChatBot" name="questionsValidation" time="59.87"/>
  <testcase classname="testCases.ChatBot" name="questionsValidation" time="59.677"/>
  <testcase classname="testCases.ChatBot" name="questionsValidation" time="58.558"/>
  <testcase classname="testCases.ChatBot" name="questionsValidation" time="62.432"/>
  <testcase classname="testCases.ChatBot" name="questionsValidation" time="71.568"/>
  <testcase classname="testCases.ChatBot" name="questionsValidation" time="66.861"/>
  <testcase classname="testCases.ChatBot" name="questionsValidation" time="61.725"/>
  <testcase classname="testCases.ChatBot" name="questionsValidation" time="57.077"/>
  <testcase classname="testCases.ChatBot" name="questionsValidation" time="60.227"/>
  <testcase classname="testCases.ChatBot" name="questionsValidation" time="70.617"/>
  <testcase classname="testCases.ChatBot" name="questionsValidation" time="70.34"/>
  <testcase classname="testCases.ChatBot" name="questionsValidation" time="86.67"/>
  <testcase classname="testCases.ChatBot" name="questionsValidation" time="69.555"/>
  <testcase classname="testCases.ChatBot" name="questionsValidation" time="75.214"/>
  <testcase classname="testCases.ChatBot" name="questionsValidation" time="87.36"/>
  <testcase classname="testCases.ChatBot" name="questionsValidation" time="84.405"/>
  <testcase classname="testCases.ChatBot" name="questionsValidation" time="83.187"/>
  <testcase classname="testCases.ChatBot" name="questionsValidation" time="94.513"/>
  <testcase classname="testCases.ChatBot" name="questionsValidation" time="88.81"/>
</testsuite> <!-- Run1 -->
