<?xml version="1.0" encoding="UTF-8"?>
<!-- Generated by org.testng.reporters.JUnitXMLReporter -->
<testsuite ignored="0" hostname="PSSLHPLP2698" failures="0" tests="23" name="Run2" time="1605.584" errors="0" timestamp="2025-07-07T15:10:32 IST">
  <testcase classname="testCases.ChatBot" name="calidateChatBot" time="6.044"/>
  <testcase classname="testCases.ChatBot" name="questionsValidation" time="62.831"/>
  <testcase classname="testCases.ChatBot" name="questionsValidation" time="54.763"/>
  <testcase classname="testCases.ChatBot" name="questionsValidation" time="50.575"/>
  <testcase classname="testCases.ChatBot" name="questionsValidation" time="54.845"/>
  <testcase classname="testCases.ChatBot" name="questionsValidation" time="55.594"/>
  <testcase classname="testCases.ChatBot" name="questionsValidation" time="67.946"/>
  <testcase classname="testCases.ChatBot" name="questionsValidation" time="62.044"/>
  <testcase classname="testCases.ChatBot" name="questionsValidation" time="69.744"/>
  <testcase classname="testCases.ChatBot" name="questionsValidation" time="76.302"/>
  <testcase classname="testCases.ChatBot" name="questionsValidation" time="74.181"/>
  <testcase classname="testCases.ChatBot" name="questionsValidation" time="74.366"/>
  <testcase classname="testCases.ChatBot" name="questionsValidation" time="78.867"/>
  <testcase classname="testCases.ChatBot" name="questionsValidation" time="84.523"/>
  <testcase classname="testCases.ChatBot" name="questionsValidation" time="80.812"/>
  <testcase classname="testCases.ChatBot" name="questionsValidation" time="76.52"/>
  <testcase classname="testCases.ChatBot" name="questionsValidation" time="56.677"/>
  <testcase classname="testCases.ChatBot" name="questionsValidation" time="69.824"/>
  <testcase classname="testCases.ChatBot" name="questionsValidation" time="79.195"/>
  <testcase classname="testCases.ChatBot" name="questionsValidation" time="73.448"/>
  <testcase classname="testCases.ChatBot" name="questionsValidation" time="92.949"/>
  <testcase classname="testCases.ChatBot" name="questionsValidation" time="73.31"/>
  <testcase classname="testCases.ChatBot" name="questionsValidation" time="105.296"/>
</testsuite> <!-- Run2 -->
