<!DOCTYPE html PUBLIC "-//W3C//DTD XHTML 1.1//EN" "https://www.w3.org/TR/xhtml11/DTD/xhtml11.dtd">
<html xmlns="https://www.w3.org/1999/xhtml">
<head>
<meta http-equiv="content-type" content="text/html; charset=UTF-8"/>
<title>TestNG Report</title>
<style type="text/css">table {margin-bottom:10px;border-collapse:collapse;empty-cells:show}th,td {border:1px solid #009;padding:.25em .5em}th {vertical-align:bottom}td {vertical-align:top}table a {font-weight:bold}.stripe td {background-color: #E6EBF9}.num {text-align:right}.passedodd td {background-color: #3F3}.passedeven td {background-color: #0A0}.skippedodd td {background-color: #DDD}.skippedeven td {background-color: #CCC}.failedodd td,.attn {background-color: #F33}.failedeven td,.stripe .attn {background-color: #D00}.stacktrace {white-space:pre;font-family:monospace}.totop {font-size:85%;text-align:center;border-bottom:2px solid #000}.invisible {display:none}</style>
</head>
<body>
<table>
<tr><th>Test</th><th># Passed</th><th># Skipped</th><th># Retried</th><th># Failed</th><th>Time (ms)</th><th>Included Groups</th><th>Excluded Groups</th></tr>
<tr><th colspan="8">Suite</th></tr>
<tr><td><a href="#t0">Test</a></td><td class="num">25</td><td class="num attn">1</td><td class="num">0</td><td class="num attn">1</td><td class="num">2,124,487</td><td></td><td></td></tr>
</table>
<table id='summary'><thead><tr><th>Class</th><th>Method</th><th>Start</th><th>Time (ms)</th></tr></thead><tbody><tr><th colspan="4">Suite</th></tr></tbody><tbody id="t0"><tr><th colspan="4">Test &#8212; failed</th></tr><tr class="failedeven"><td rowspan="1">testCases.sanityTesting</td><td><a href="#m0">UserManagement</a></td><td rowspan="1">1762498283931</td><td rowspan="1">16906</td></tr><tr><th colspan="4">Test &#8212; skipped</th></tr><tr class="skippedeven"><td rowspan="1">testCases.sanityTesting</td><td><a href="#m1">dataNexusDataProfiler</a></td><td rowspan="1">1762496840212</td><td rowspan="1">5</td></tr><tr><th colspan="4">Test &#8212; passed</th></tr><tr class="passedeven"><td rowspan="25">testCases.sanityTesting</td><td><a href="#m2">AuditLogs</a></td><td rowspan="1">1762498277612</td><td rowspan="1">6314</td></tr><tr class="passedeven"><td><a href="#m3">LoginPage</a></td><td rowspan="1">1762496183956</td><td rowspan="1">3968</td></tr><tr class="passedeven"><td><a href="#m4">MDMDataQuality</a></td><td rowspan="1">1762498268326</td><td rowspan="1">9281</td></tr><tr class="passedeven"><td><a href="#m5">MDMEntity</a></td><td rowspan="1">1762498145753</td><td rowspan="1">47996</td></tr><tr class="passedeven"><td><a href="#m6">MDMIntegration</a></td><td rowspan="1">1762498234173</td><td rowspan="1">34148</td></tr><tr class="passedeven"><td><a href="#m7">MDMMasters</a></td><td rowspan="1">1762498200414</td><td rowspan="1">33753</td></tr><tr class="passedeven"><td><a href="#m8">MDMOverview</a></td><td rowspan="1">1762498138625</td><td rowspan="1">7122</td></tr><tr class="passedeven"><td><a href="#m9">MDMTaxonomy</a></td><td rowspan="1">1762498193753</td><td rowspan="1">6656</td></tr><tr class="passedeven"><td><a href="#m10">dataNexusConnections</a></td><td rowspan="1">1762496215735</td><td rowspan="1">15121</td></tr><tr class="passedeven"><td><a href="#m11">dataNexusDataLake</a></td><td rowspan="1">1762496202938</td><td rowspan="1">12791</td></tr><tr class="passedeven"><td><a href="#m12">dataNexusDataModel</a></td><td rowspan="1">1762496330955</td><td rowspan="1">24308</td></tr><tr class="passedeven"><td><a href="#m13">dataNexusDocumentParser</a></td><td rowspan="1">1762496840239</td><td rowspan="1">64634</td></tr><tr class="passedeven"><td><a href="#m14">dataNexusHome</a></td><td rowspan="1">1762496194476</td><td rowspan="1">8454</td></tr><tr class="passedeven"><td><a href="#m15">dataNexusIngestionPipeline</a></td><td rowspan="1">1762496230863</td><td rowspan="1">83580</td></tr><tr class="passedeven"><td><a href="#m16">dataNexusMonitoring</a></td><td rowspan="1">1762496904878</td><td rowspan="1">990768</td></tr><tr class="passedeven"><td><a href="#m17">dataNexusOrchestrator</a></td><td rowspan="1">1762496435755</td><td rowspan="1">404451</td></tr><tr class="passedeven"><td><a href="#m18">dataNexusTransformationPipeline</a></td><td rowspan="1">1762496314451</td><td rowspan="1">16499</td></tr><tr class="passedeven"><td><a href="#m19">dataNexusTransformationPipelineV2</a></td><td rowspan="1">1762496355267</td><td rowspan="1">80481</td></tr><tr class="passedeven"><td><a href="#m20">landingPage</a></td><td rowspan="1">1762496188024</td><td rowspan="1">1292</td></tr><tr class="passedeven"><td><a href="#m21">logout</a></td><td rowspan="1">1762498300959</td><td rowspan="1">1341</td></tr><tr class="passedeven"><td><a href="#m22">migrationCICD</a></td><td rowspan="1">1762497895651</td><td rowspan="1">209047</td></tr><tr class="passedeven"><td><a href="#m23">tenants</a></td><td rowspan="1">1762498104702</td><td rowspan="1">8645</td></tr><tr class="passedeven"><td><a href="#m24">userManagement</a></td><td rowspan="1">1762498113353</td><td rowspan="1">11656</td></tr><tr class="passedeven"><td><a href="#m25">workspaceListDataNexus</a></td><td rowspan="1">1762496189324</td><td rowspan="1">5143</td></tr><tr class="passedeven"><td><a href="#m26">workspaceListMDM</a></td><td rowspan="1">1762498125014</td><td rowspan="1">13606</td></tr></tbody>
</table>
<h2>Test</h2><h3 id="m0">testCases.sanityTesting#UserManagement</h3><table class="result"><tr><th>Exception</th></tr><tr><td><div class="stacktrace">org.openqa.selenium.NoSuchElementException: no such element: Unable to locate element: {&quot;method&quot;:&quot;xpath&quot;,&quot;selector&quot;:&quot;//span[text()=&apos;Role Name&apos;]//following::p[1]&quot;}
  (Session info: chrome=141.0.7390.123)
For documentation on this error, please visit: https://www.selenium.dev/documentation/webdriver/troubleshooting/errors#no-such-element-exception
Build info: version: &apos;4.33.0&apos;, revision: &apos;2c6aaad03a&apos;
System info: os.name: &apos;Windows 11&apos;, os.arch: &apos;amd64&apos;, os.version: &apos;10.0&apos;, java.version: &apos;21.0.7&apos;
Driver info: org.openqa.selenium.chrome.ChromeDriver
Command: [8fe76f626df0ef9f3c2cddd9f46d23a9, findElement {using=xpath, value=//span[text()=&apos;Role Name&apos;]//following::p[1]}]
Capabilities {acceptInsecureCerts: false, browserName: chrome, browserVersion: 141.0.7390.123, chrome: {chromedriverVersion: 141.0.7390.122 (b477534e7e1..., userDataDir: C:\Users\ABHINA~1.DAG\AppDa...}, fedcm:accounts: true, goog:chromeOptions: {debuggerAddress: localhost:59218}, networkConnectionEnabled: false, pageLoadStrategy: normal, platformName: windows, proxy: Proxy(), se:cdp: ws://localhost:59218/devtoo..., se:cdpVersion: 141.0.7390.123, setWindowRect: true, strictFileInteractability: false, timeouts: {implicit: 0, pageLoad: 300000, script: 30000}, unhandledPromptBehavior: dismiss and notify, webauthn:extension:credBlob: true, webauthn:extension:largeBlob: true, webauthn:extension:minPinLength: true, webauthn:extension:prf: true, webauthn:virtualAuthenticators: true}
Session ID: 8fe76f626df0ef9f3c2cddd9f46d23a9
	at org.openqa.selenium.remote.ErrorCodec.decode(ErrorCodec.java:167)
	at org.openqa.selenium.remote.codec.w3c.W3CHttpResponseCodec.decode(W3CHttpResponseCodec.java:138)
	at org.openqa.selenium.remote.codec.w3c.W3CHttpResponseCodec.decode(W3CHttpResponseCodec.java:50)
	at org.openqa.selenium.remote.HttpCommandExecutor.execute(HttpCommandExecutor.java:215)
	at org.openqa.selenium.remote.service.DriverCommandExecutor.invokeExecute(DriverCommandExecutor.java:216)
	at org.openqa.selenium.remote.service.DriverCommandExecutor.execute(DriverCommandExecutor.java:174)
	at org.openqa.selenium.remote.RemoteWebDriver.execute(RemoteWebDriver.java:544)
	at org.openqa.selenium.remote.ElementLocation$ElementFinder$2.findElement(ElementLocation.java:165)
	at org.openqa.selenium.remote.ElementLocation.findElement(ElementLocation.java:59)
	at org.openqa.selenium.remote.RemoteWebDriver.findElement(RemoteWebDriver.java:367)
	at org.openqa.selenium.remote.RemoteWebDriver.findElement(RemoteWebDriver.java:361)
	at org.openqa.selenium.support.pagefactory.DefaultElementLocator.findElement(DefaultElementLocator.java:68)
	at org.openqa.selenium.support.pagefactory.internal.LocatingElementHandler.invoke(LocatingElementHandler.java:38)
	at jdk.proxy2/jdk.proxy2.$Proxy32.getText(Unknown Source)
	at testCases.sanityTesting.UserManagement(sanityTesting.java:674)
	at java.base/java.util.ArrayList.forEach(ArrayList.java:1596)
... Removed 28 stack frames</div></td></tr></table><p class="totop"><a href="#summary">back to summary</a></p>
<h3 id="m1">testCases.sanityTesting#dataNexusDataProfiler</h3><table class="result"><tr><th>Exception</th></tr><tr><td><div class="stacktrace">org.testng.SkipException: Skipping test: DataNexusDataProfiler
	at testBase.baseClass.checkRunFlagSanity(baseClass.java:244)
	at testCases.sanityTesting.dataNexusDataProfiler(sanityTesting.java:390)
	at java.base/java.util.ArrayList.forEach(ArrayList.java:1596)
... Removed 25 stack frames</div></td></tr></table><p class="totop"><a href="#summary">back to summary</a></p>
<h3 id="m2">testCases.sanityTesting#AuditLogs</h3><table class="result"><tr><th class="invisible"/></tr></table><p class="totop"><a href="#summary">back to summary</a></p>
<h3 id="m3">testCases.sanityTesting#LoginPage</h3><table class="result"><tr><th class="invisible"/></tr></table><p class="totop"><a href="#summary">back to summary</a></p>
<h3 id="m4">testCases.sanityTesting#MDMDataQuality</h3><table class="result"><tr><th class="invisible"/></tr></table><p class="totop"><a href="#summary">back to summary</a></p>
<h3 id="m5">testCases.sanityTesting#MDMEntity</h3><table class="result"><tr><th class="invisible"/></tr></table><p class="totop"><a href="#summary">back to summary</a></p>
<h3 id="m6">testCases.sanityTesting#MDMIntegration</h3><table class="result"><tr><th class="invisible"/></tr></table><p class="totop"><a href="#summary">back to summary</a></p>
<h3 id="m7">testCases.sanityTesting#MDMMasters</h3><table class="result"><tr><th class="invisible"/></tr></table><p class="totop"><a href="#summary">back to summary</a></p>
<h3 id="m8">testCases.sanityTesting#MDMOverview</h3><table class="result"><tr><th class="invisible"/></tr></table><p class="totop"><a href="#summary">back to summary</a></p>
<h3 id="m9">testCases.sanityTesting#MDMTaxonomy</h3><table class="result"><tr><th class="invisible"/></tr></table><p class="totop"><a href="#summary">back to summary</a></p>
<h3 id="m10">testCases.sanityTesting#dataNexusConnections</h3><table class="result"><tr><th class="invisible"/></tr></table><p class="totop"><a href="#summary">back to summary</a></p>
<h3 id="m11">testCases.sanityTesting#dataNexusDataLake</h3><table class="result"><tr><th class="invisible"/></tr></table><p class="totop"><a href="#summary">back to summary</a></p>
<h3 id="m12">testCases.sanityTesting#dataNexusDataModel</h3><table class="result"><tr><th class="invisible"/></tr></table><p class="totop"><a href="#summary">back to summary</a></p>
<h3 id="m13">testCases.sanityTesting#dataNexusDocumentParser</h3><table class="result"><tr><th class="invisible"/></tr></table><p class="totop"><a href="#summary">back to summary</a></p>
<h3 id="m14">testCases.sanityTesting#dataNexusHome</h3><table class="result"><tr><th class="invisible"/></tr></table><p class="totop"><a href="#summary">back to summary</a></p>
<h3 id="m15">testCases.sanityTesting#dataNexusIngestionPipeline</h3><table class="result"><tr><th class="invisible"/></tr></table><p class="totop"><a href="#summary">back to summary</a></p>
<h3 id="m16">testCases.sanityTesting#dataNexusMonitoring</h3><table class="result"><tr><th class="invisible"/></tr></table><p class="totop"><a href="#summary">back to summary</a></p>
<h3 id="m17">testCases.sanityTesting#dataNexusOrchestrator</h3><table class="result"><tr><th class="invisible"/></tr></table><p class="totop"><a href="#summary">back to summary</a></p>
<h3 id="m18">testCases.sanityTesting#dataNexusTransformationPipeline</h3><table class="result"><tr><th class="invisible"/></tr></table><p class="totop"><a href="#summary">back to summary</a></p>
<h3 id="m19">testCases.sanityTesting#dataNexusTransformationPipelineV2</h3><table class="result"><tr><th class="invisible"/></tr></table><p class="totop"><a href="#summary">back to summary</a></p>
<h3 id="m20">testCases.sanityTesting#landingPage</h3><table class="result"><tr><th class="invisible"/></tr></table><p class="totop"><a href="#summary">back to summary</a></p>
<h3 id="m21">testCases.sanityTesting#logout</h3><table class="result"><tr><th class="invisible"/></tr></table><p class="totop"><a href="#summary">back to summary</a></p>
<h3 id="m22">testCases.sanityTesting#migrationCICD</h3><table class="result"><tr><th class="invisible"/></tr></table><p class="totop"><a href="#summary">back to summary</a></p>
<h3 id="m23">testCases.sanityTesting#tenants</h3><table class="result"><tr><th class="invisible"/></tr></table><p class="totop"><a href="#summary">back to summary</a></p>
<h3 id="m24">testCases.sanityTesting#userManagement</h3><table class="result"><tr><th class="invisible"/></tr></table><p class="totop"><a href="#summary">back to summary</a></p>
<h3 id="m25">testCases.sanityTesting#workspaceListDataNexus</h3><table class="result"><tr><th class="invisible"/></tr></table><p class="totop"><a href="#summary">back to summary</a></p>
<h3 id="m26">testCases.sanityTesting#workspaceListMDM</h3><table class="result"><tr><th class="invisible"/></tr></table><p class="totop"><a href="#summary">back to summary</a></p>
</body>
</html>
