<?xml version="1.0" encoding="UTF-8"?>
<testng-results ignored="0" total="10" passed="4" failed="0" skipped="6">
  <reporter-output>
  </reporter-output>
  <suite started-at="2025-08-08T12:17:48 IST" name="Suite" finished-at="2025-08-08T12:18:18 IST" duration-ms="29860">
    <groups>
    </groups>
    <test started-at="2025-08-08T12:17:48 IST" name="Test" finished-at="2025-08-08T12:18:18 IST" duration-ms="29860">
      <class name="testCases.Regression_Testing_Script">
        <test-method is-config="true" signature="setup(org.testng.ITestContext)[pri:0, instance:testCases.Regression_Testing_Script@5e4fa1da]" started-at="2025-08-08T12:17:48 IST" name="setup" finished-at="2025-08-08T12:17:53 IST" duration-ms="4928" status="PASS">
          <params>
            <param index="0">
              <value>
                <![CDATA[org.testng.TestRunner@6eda012b]]>
              </value>
            </param>
          </params>
          <reporter-output>
          </reporter-output>
        </test-method> <!-- setup -->
        <test-method is-config="true" signature="setupTestData()[pri:0, instance:testCases.Regression_Testing_Script@5e4fa1da]" started-at="2025-08-08T12:17:53 IST" name="setupTestData" finished-at="2025-08-08T12:17:53 IST" duration-ms="16" status="PASS">
          <reporter-output>
          </reporter-output>
        </test-method> <!-- setupTestData -->
        <test-method signature="loginSetup()[pri:1, instance:testCases.Regression_Testing_Script@5e4fa1da]" started-at="2025-08-08T12:17:53 IST" name="loginSetup" finished-at="2025-08-08T12:18:04 IST" duration-ms="10562" status="PASS">
          <reporter-output>
          </reporter-output>
        </test-method> <!-- loginSetup -->
        <test-method is-config="true" signature="setupTestData()[pri:0, instance:testCases.Regression_Testing_Script@5e4fa1da]" started-at="2025-08-08T12:18:04 IST" name="setupTestData" finished-at="2025-08-08T12:18:04 IST" duration-ms="10" status="PASS">
          <reporter-output>
          </reporter-output>
        </test-method> <!-- setupTestData -->
        <test-method signature="dataNexusHomePageNavigation()[pri:2, instance:testCases.Regression_Testing_Script@5e4fa1da]" started-at="2025-08-08T12:18:04 IST" name="dataNexusHomePageNavigation" finished-at="2025-08-08T12:18:06 IST" depends-on-methods="testCases.Regression_Testing_Script.loginSetup" duration-ms="2315" status="PASS">
          <reporter-output>
          </reporter-output>
        </test-method> <!-- dataNexusHomePageNavigation -->
        <test-method is-config="true" signature="setupTestData()[pri:0, instance:testCases.Regression_Testing_Script@5e4fa1da]" started-at="2025-08-08T12:18:06 IST" name="setupTestData" finished-at="2025-08-08T12:18:06 IST" duration-ms="8" status="PASS">
          <reporter-output>
          </reporter-output>
        </test-method> <!-- setupTestData -->
        <test-method signature="dataNexus()[pri:0, instance:testCases.Regression_Testing_Script@5e4fa1da]" started-at="2025-08-08T12:18:06 IST" name="dataNexus" finished-at="2025-08-08T12:18:09 IST" depends-on-methods="testCases.Regression_Testing_Script.dataNexusHomePageNavigation" duration-ms="3378" status="PASS">
          <reporter-output>
          </reporter-output>
        </test-method> <!-- dataNexus -->
        <test-method is-config="true" signature="setupTestData()[pri:0, instance:testCases.Regression_Testing_Script@5e4fa1da]" started-at="2025-08-08T12:18:09 IST" name="setupTestData" finished-at="2025-08-08T12:18:09 IST" duration-ms="5" status="PASS">
          <reporter-output>
          </reporter-output>
        </test-method> <!-- setupTestData -->
        <test-method signature="dataNexusHome()[pri:3, instance:testCases.Regression_Testing_Script@5e4fa1da]" started-at="2025-08-08T12:18:09 IST" name="dataNexusHome" finished-at="2025-08-08T12:18:09 IST" duration-ms="5" status="SKIP">
          <exception class="org.testng.SkipException">
            <message>
              <![CDATA[Skipping test: DataNexusHome]]>
            </message>
            <full-stacktrace>
              <![CDATA[org.testng.SkipException: Skipping test: DataNexusHome
at testBase.baseClass.checkRunFlag(baseClass.java:128)
at testCases.Regression_Testing_Script.dataNexusHome(Regression_Testing_Script.java:106)
at java.base/jdk.internal.reflect.DirectMethodHandleAccessor.invoke(DirectMethodHandleAccessor.java:103)
at java.base/java.lang.reflect.Method.invoke(Method.java:580)
at org.testng.internal.invokers.MethodInvocationHelper.invokeMethod(MethodInvocationHelper.java:141)
at org.testng.internal.invokers.TestInvoker.invokeMethod(TestInvoker.java:687)
at org.testng.internal.invokers.TestInvoker.invokeTestMethod(TestInvoker.java:230)
at org.testng.internal.invokers.MethodRunner.runInSequence(MethodRunner.java:63)
at org.testng.internal.invokers.TestInvoker$MethodInvocationAgent.invoke(TestInvoker.java:995)
at org.testng.internal.invokers.TestInvoker.invokeTestMethods(TestInvoker.java:203)
at org.testng.internal.invokers.TestMethodWorker.invokeTestMethods(TestMethodWorker.java:154)
at org.testng.internal.invokers.TestMethodWorker.run(TestMethodWorker.java:134)
at java.base/java.util.ArrayList.forEach(ArrayList.java:1596)
at org.testng.TestRunner.privateRun(TestRunner.java:741)
at org.testng.TestRunner.run(TestRunner.java:616)
at org.testng.SuiteRunner.runTest(SuiteRunner.java:421)
at org.testng.SuiteRunner.runSequentially(SuiteRunner.java:413)
at org.testng.SuiteRunner.privateRun(SuiteRunner.java:373)
at org.testng.SuiteRunner.run(SuiteRunner.java:312)
at org.testng.SuiteRunnerWorker.runSuite(SuiteRunnerWorker.java:52)
at org.testng.SuiteRunnerWorker.run(SuiteRunnerWorker.java:95)
at org.testng.TestNG.runSuitesSequentially(TestNG.java:1274)
at org.testng.TestNG.runSuitesLocally(TestNG.java:1208)
at org.testng.TestNG.runSuites(TestNG.java:1112)
at org.testng.TestNG.run(TestNG.java:1079)
at org.testng.remote.AbstractRemoteTestNG.run(AbstractRemoteTestNG.java:115)
at org.testng.remote.RemoteTestNG.initAndRun(RemoteTestNG.java:293)
at org.testng.remote.RemoteTestNG.main(RemoteTestNG.java:91)
]]>
            </full-stacktrace>
          </exception> <!-- org.testng.SkipException -->
          <reporter-output>
          </reporter-output>
        </test-method> <!-- dataNexusHome -->
        <test-method is-config="true" signature="setupTestData()[pri:0, instance:testCases.Regression_Testing_Script@5e4fa1da]" started-at="2025-08-08T12:18:09 IST" name="setupTestData" finished-at="2025-08-08T12:18:09 IST" duration-ms="6" status="PASS">
          <reporter-output>
          </reporter-output>
        </test-method> <!-- setupTestData -->
        <test-method signature="dataNexusConnection()[pri:4, instance:testCases.Regression_Testing_Script@5e4fa1da]" started-at="2025-08-08T12:18:09 IST" name="dataNexusConnection" finished-at="2025-08-08T12:18:09 IST" duration-ms="7" status="SKIP">
          <exception class="org.testng.SkipException">
            <message>
              <![CDATA[Skipping test: DataNexusConnection]]>
            </message>
            <full-stacktrace>
              <![CDATA[org.testng.SkipException: Skipping test: DataNexusConnection
at testBase.baseClass.checkRunFlag(baseClass.java:128)
at testCases.Regression_Testing_Script.dataNexusConnection(Regression_Testing_Script.java:122)
at java.base/jdk.internal.reflect.DirectMethodHandleAccessor.invoke(DirectMethodHandleAccessor.java:103)
at java.base/java.lang.reflect.Method.invoke(Method.java:580)
at org.testng.internal.invokers.MethodInvocationHelper.invokeMethod(MethodInvocationHelper.java:141)
at org.testng.internal.invokers.TestInvoker.invokeMethod(TestInvoker.java:687)
at org.testng.internal.invokers.TestInvoker.invokeTestMethod(TestInvoker.java:230)
at org.testng.internal.invokers.MethodRunner.runInSequence(MethodRunner.java:63)
at org.testng.internal.invokers.TestInvoker$MethodInvocationAgent.invoke(TestInvoker.java:995)
at org.testng.internal.invokers.TestInvoker.invokeTestMethods(TestInvoker.java:203)
at org.testng.internal.invokers.TestMethodWorker.invokeTestMethods(TestMethodWorker.java:154)
at org.testng.internal.invokers.TestMethodWorker.run(TestMethodWorker.java:134)
at java.base/java.util.ArrayList.forEach(ArrayList.java:1596)
at org.testng.TestRunner.privateRun(TestRunner.java:741)
at org.testng.TestRunner.run(TestRunner.java:616)
at org.testng.SuiteRunner.runTest(SuiteRunner.java:421)
at org.testng.SuiteRunner.runSequentially(SuiteRunner.java:413)
at org.testng.SuiteRunner.privateRun(SuiteRunner.java:373)
at org.testng.SuiteRunner.run(SuiteRunner.java:312)
at org.testng.SuiteRunnerWorker.runSuite(SuiteRunnerWorker.java:52)
at org.testng.SuiteRunnerWorker.run(SuiteRunnerWorker.java:95)
at org.testng.TestNG.runSuitesSequentially(TestNG.java:1274)
at org.testng.TestNG.runSuitesLocally(TestNG.java:1208)
at org.testng.TestNG.runSuites(TestNG.java:1112)
at org.testng.TestNG.run(TestNG.java:1079)
at org.testng.remote.AbstractRemoteTestNG.run(AbstractRemoteTestNG.java:115)
at org.testng.remote.RemoteTestNG.initAndRun(RemoteTestNG.java:293)
at org.testng.remote.RemoteTestNG.main(RemoteTestNG.java:91)
]]>
            </full-stacktrace>
          </exception> <!-- org.testng.SkipException -->
          <reporter-output>
          </reporter-output>
        </test-method> <!-- dataNexusConnection -->
        <test-method is-config="true" signature="setupTestData()[pri:0, instance:testCases.Regression_Testing_Script@5e4fa1da]" started-at="2025-08-08T12:18:09 IST" name="setupTestData" finished-at="2025-08-08T12:18:10 IST" duration-ms="6" status="PASS">
          <reporter-output>
          </reporter-output>
        </test-method> <!-- setupTestData -->
        <test-method signature="dataNexusIngestionPipeline()[pri:5, instance:testCases.Regression_Testing_Script@5e4fa1da]" started-at="2025-08-08T12:18:10 IST" name="dataNexusIngestionPipeline" finished-at="2025-08-08T12:18:10 IST" duration-ms="9" status="SKIP">
          <exception class="org.testng.SkipException">
            <message>
              <![CDATA[Skipping test: DataNexusIngestionPipeline]]>
            </message>
            <full-stacktrace>
              <![CDATA[org.testng.SkipException: Skipping test: DataNexusIngestionPipeline
at testBase.baseClass.checkRunFlag(baseClass.java:128)
at testCases.Regression_Testing_Script.dataNexusIngestionPipeline(Regression_Testing_Script.java:180)
at java.base/jdk.internal.reflect.DirectMethodHandleAccessor.invoke(DirectMethodHandleAccessor.java:103)
at java.base/java.lang.reflect.Method.invoke(Method.java:580)
at org.testng.internal.invokers.MethodInvocationHelper.invokeMethod(MethodInvocationHelper.java:141)
at org.testng.internal.invokers.TestInvoker.invokeMethod(TestInvoker.java:687)
at org.testng.internal.invokers.TestInvoker.invokeTestMethod(TestInvoker.java:230)
at org.testng.internal.invokers.MethodRunner.runInSequence(MethodRunner.java:63)
at org.testng.internal.invokers.TestInvoker$MethodInvocationAgent.invoke(TestInvoker.java:995)
at org.testng.internal.invokers.TestInvoker.invokeTestMethods(TestInvoker.java:203)
at org.testng.internal.invokers.TestMethodWorker.invokeTestMethods(TestMethodWorker.java:154)
at org.testng.internal.invokers.TestMethodWorker.run(TestMethodWorker.java:134)
at java.base/java.util.ArrayList.forEach(ArrayList.java:1596)
at org.testng.TestRunner.privateRun(TestRunner.java:741)
at org.testng.TestRunner.run(TestRunner.java:616)
at org.testng.SuiteRunner.runTest(SuiteRunner.java:421)
at org.testng.SuiteRunner.runSequentially(SuiteRunner.java:413)
at org.testng.SuiteRunner.privateRun(SuiteRunner.java:373)
at org.testng.SuiteRunner.run(SuiteRunner.java:312)
at org.testng.SuiteRunnerWorker.runSuite(SuiteRunnerWorker.java:52)
at org.testng.SuiteRunnerWorker.run(SuiteRunnerWorker.java:95)
at org.testng.TestNG.runSuitesSequentially(TestNG.java:1274)
at org.testng.TestNG.runSuitesLocally(TestNG.java:1208)
at org.testng.TestNG.runSuites(TestNG.java:1112)
at org.testng.TestNG.run(TestNG.java:1079)
at org.testng.remote.AbstractRemoteTestNG.run(AbstractRemoteTestNG.java:115)
at org.testng.remote.RemoteTestNG.initAndRun(RemoteTestNG.java:293)
at org.testng.remote.RemoteTestNG.main(RemoteTestNG.java:91)
]]>
            </full-stacktrace>
          </exception> <!-- org.testng.SkipException -->
          <reporter-output>
          </reporter-output>
        </test-method> <!-- dataNexusIngestionPipeline -->
        <test-method is-config="true" signature="setupTestData()[pri:0, instance:testCases.Regression_Testing_Script@5e4fa1da]" started-at="2025-08-08T12:18:10 IST" name="setupTestData" finished-at="2025-08-08T12:18:10 IST" duration-ms="6" status="PASS">
          <reporter-output>
          </reporter-output>
        </test-method> <!-- setupTestData -->
        <test-method signature="DataNexusOrchestrator()[pri:6, instance:testCases.Regression_Testing_Script@5e4fa1da]" started-at="2025-08-08T12:18:10 IST" name="DataNexusOrchestrator" finished-at="2025-08-08T12:18:10 IST" duration-ms="8" status="SKIP">
          <exception class="org.testng.SkipException">
            <message>
              <![CDATA[Skipping test: DataNexusOrchestrator]]>
            </message>
            <full-stacktrace>
              <![CDATA[org.testng.SkipException: Skipping test: DataNexusOrchestrator
at testBase.baseClass.checkRunFlag(baseClass.java:128)
at testCases.Regression_Testing_Script.DataNexusOrchestrator(Regression_Testing_Script.java:329)
at java.base/jdk.internal.reflect.DirectMethodHandleAccessor.invoke(DirectMethodHandleAccessor.java:103)
at java.base/java.lang.reflect.Method.invoke(Method.java:580)
at org.testng.internal.invokers.MethodInvocationHelper.invokeMethod(MethodInvocationHelper.java:141)
at org.testng.internal.invokers.TestInvoker.invokeMethod(TestInvoker.java:687)
at org.testng.internal.invokers.TestInvoker.invokeTestMethod(TestInvoker.java:230)
at org.testng.internal.invokers.MethodRunner.runInSequence(MethodRunner.java:63)
at org.testng.internal.invokers.TestInvoker$MethodInvocationAgent.invoke(TestInvoker.java:995)
at org.testng.internal.invokers.TestInvoker.invokeTestMethods(TestInvoker.java:203)
at org.testng.internal.invokers.TestMethodWorker.invokeTestMethods(TestMethodWorker.java:154)
at org.testng.internal.invokers.TestMethodWorker.run(TestMethodWorker.java:134)
at java.base/java.util.ArrayList.forEach(ArrayList.java:1596)
at org.testng.TestRunner.privateRun(TestRunner.java:741)
at org.testng.TestRunner.run(TestRunner.java:616)
at org.testng.SuiteRunner.runTest(SuiteRunner.java:421)
at org.testng.SuiteRunner.runSequentially(SuiteRunner.java:413)
at org.testng.SuiteRunner.privateRun(SuiteRunner.java:373)
at org.testng.SuiteRunner.run(SuiteRunner.java:312)
at org.testng.SuiteRunnerWorker.runSuite(SuiteRunnerWorker.java:52)
at org.testng.SuiteRunnerWorker.run(SuiteRunnerWorker.java:95)
at org.testng.TestNG.runSuitesSequentially(TestNG.java:1274)
at org.testng.TestNG.runSuitesLocally(TestNG.java:1208)
at org.testng.TestNG.runSuites(TestNG.java:1112)
at org.testng.TestNG.run(TestNG.java:1079)
at org.testng.remote.AbstractRemoteTestNG.run(AbstractRemoteTestNG.java:115)
at org.testng.remote.RemoteTestNG.initAndRun(RemoteTestNG.java:293)
at org.testng.remote.RemoteTestNG.main(RemoteTestNG.java:91)
]]>
            </full-stacktrace>
          </exception> <!-- org.testng.SkipException -->
          <reporter-output>
          </reporter-output>
        </test-method> <!-- DataNexusOrchestrator -->
        <test-method is-config="true" signature="setupTestData()[pri:0, instance:testCases.Regression_Testing_Script@5e4fa1da]" started-at="2025-08-08T12:18:10 IST" name="setupTestData" finished-at="2025-08-08T12:18:10 IST" duration-ms="9" status="PASS">
          <reporter-output>
          </reporter-output>
        </test-method> <!-- setupTestData -->
        <test-method signature="dataNexusdataModel()[pri:7, instance:testCases.Regression_Testing_Script@5e4fa1da]" started-at="2025-08-08T12:18:10 IST" name="dataNexusdataModel" finished-at="2025-08-08T12:18:10 IST" duration-ms="12" status="SKIP">
          <exception class="org.testng.SkipException">
            <message>
              <![CDATA[Skipping test: DataNexusdataModel]]>
            </message>
            <full-stacktrace>
              <![CDATA[org.testng.SkipException: Skipping test: DataNexusdataModel
at testBase.baseClass.checkRunFlag(baseClass.java:128)
at testCases.Regression_Testing_Script.dataNexusdataModel(Regression_Testing_Script.java:258)
at java.base/jdk.internal.reflect.DirectMethodHandleAccessor.invoke(DirectMethodHandleAccessor.java:103)
at java.base/java.lang.reflect.Method.invoke(Method.java:580)
at org.testng.internal.invokers.MethodInvocationHelper.invokeMethod(MethodInvocationHelper.java:141)
at org.testng.internal.invokers.TestInvoker.invokeMethod(TestInvoker.java:687)
at org.testng.internal.invokers.TestInvoker.invokeTestMethod(TestInvoker.java:230)
at org.testng.internal.invokers.MethodRunner.runInSequence(MethodRunner.java:63)
at org.testng.internal.invokers.TestInvoker$MethodInvocationAgent.invoke(TestInvoker.java:995)
at org.testng.internal.invokers.TestInvoker.invokeTestMethods(TestInvoker.java:203)
at org.testng.internal.invokers.TestMethodWorker.invokeTestMethods(TestMethodWorker.java:154)
at org.testng.internal.invokers.TestMethodWorker.run(TestMethodWorker.java:134)
at java.base/java.util.ArrayList.forEach(ArrayList.java:1596)
at org.testng.TestRunner.privateRun(TestRunner.java:741)
at org.testng.TestRunner.run(TestRunner.java:616)
at org.testng.SuiteRunner.runTest(SuiteRunner.java:421)
at org.testng.SuiteRunner.runSequentially(SuiteRunner.java:413)
at org.testng.SuiteRunner.privateRun(SuiteRunner.java:373)
at org.testng.SuiteRunner.run(SuiteRunner.java:312)
at org.testng.SuiteRunnerWorker.runSuite(SuiteRunnerWorker.java:52)
at org.testng.SuiteRunnerWorker.run(SuiteRunnerWorker.java:95)
at org.testng.TestNG.runSuitesSequentially(TestNG.java:1274)
at org.testng.TestNG.runSuitesLocally(TestNG.java:1208)
at org.testng.TestNG.runSuites(TestNG.java:1112)
at org.testng.TestNG.run(TestNG.java:1079)
at org.testng.remote.AbstractRemoteTestNG.run(AbstractRemoteTestNG.java:115)
at org.testng.remote.RemoteTestNG.initAndRun(RemoteTestNG.java:293)
at org.testng.remote.RemoteTestNG.main(RemoteTestNG.java:91)
]]>
            </full-stacktrace>
          </exception> <!-- org.testng.SkipException -->
          <reporter-output>
          </reporter-output>
        </test-method> <!-- dataNexusdataModel -->
        <test-method is-config="true" signature="setupTestData()[pri:0, instance:testCases.Regression_Testing_Script@5e4fa1da]" started-at="2025-08-08T12:18:10 IST" name="setupTestData" finished-at="2025-08-08T12:18:10 IST" duration-ms="2" status="PASS">
          <reporter-output>
          </reporter-output>
        </test-method> <!-- setupTestData -->
        <test-method signature="DataNexusDataProfiler()[pri:8, instance:testCases.Regression_Testing_Script@5e4fa1da]" started-at="2025-08-08T12:18:10 IST" name="DataNexusDataProfiler" finished-at="2025-08-08T12:18:10 IST" duration-ms="4" status="SKIP">
          <exception class="org.testng.SkipException">
            <message>
              <![CDATA[Skipping test: DataNexusDataProfiler]]>
            </message>
            <full-stacktrace>
              <![CDATA[org.testng.SkipException: Skipping test: DataNexusDataProfiler
at testBase.baseClass.checkRunFlag(baseClass.java:128)
at testCases.Regression_Testing_Script.DataNexusDataProfiler(Regression_Testing_Script.java:414)
at java.base/jdk.internal.reflect.DirectMethodHandleAccessor.invoke(DirectMethodHandleAccessor.java:103)
at java.base/java.lang.reflect.Method.invoke(Method.java:580)
at org.testng.internal.invokers.MethodInvocationHelper.invokeMethod(MethodInvocationHelper.java:141)
at org.testng.internal.invokers.TestInvoker.invokeMethod(TestInvoker.java:687)
at org.testng.internal.invokers.TestInvoker.invokeTestMethod(TestInvoker.java:230)
at org.testng.internal.invokers.MethodRunner.runInSequence(MethodRunner.java:63)
at org.testng.internal.invokers.TestInvoker$MethodInvocationAgent.invoke(TestInvoker.java:995)
at org.testng.internal.invokers.TestInvoker.invokeTestMethods(TestInvoker.java:203)
at org.testng.internal.invokers.TestMethodWorker.invokeTestMethods(TestMethodWorker.java:154)
at org.testng.internal.invokers.TestMethodWorker.run(TestMethodWorker.java:134)
at java.base/java.util.ArrayList.forEach(ArrayList.java:1596)
at org.testng.TestRunner.privateRun(TestRunner.java:741)
at org.testng.TestRunner.run(TestRunner.java:616)
at org.testng.SuiteRunner.runTest(SuiteRunner.java:421)
at org.testng.SuiteRunner.runSequentially(SuiteRunner.java:413)
at org.testng.SuiteRunner.privateRun(SuiteRunner.java:373)
at org.testng.SuiteRunner.run(SuiteRunner.java:312)
at org.testng.SuiteRunnerWorker.runSuite(SuiteRunnerWorker.java:52)
at org.testng.SuiteRunnerWorker.run(SuiteRunnerWorker.java:95)
at org.testng.TestNG.runSuitesSequentially(TestNG.java:1274)
at org.testng.TestNG.runSuitesLocally(TestNG.java:1208)
at org.testng.TestNG.runSuites(TestNG.java:1112)
at org.testng.TestNG.run(TestNG.java:1079)
at org.testng.remote.AbstractRemoteTestNG.run(AbstractRemoteTestNG.java:115)
at org.testng.remote.RemoteTestNG.initAndRun(RemoteTestNG.java:293)
at org.testng.remote.RemoteTestNG.main(RemoteTestNG.java:91)
]]>
            </full-stacktrace>
          </exception> <!-- org.testng.SkipException -->
          <reporter-output>
          </reporter-output>
        </test-method> <!-- DataNexusDataProfiler -->
        <test-method is-config="true" signature="setupTestData()[pri:0, instance:testCases.Regression_Testing_Script@5e4fa1da]" started-at="2025-08-08T12:18:10 IST" name="setupTestData" finished-at="2025-08-08T12:18:10 IST" duration-ms="8" status="PASS">
          <reporter-output>
          </reporter-output>
        </test-method> <!-- setupTestData -->
        <test-method signature="DataNexusMonitoring()[pri:9, instance:testCases.Regression_Testing_Script@5e4fa1da]" started-at="2025-08-08T12:18:10 IST" name="DataNexusMonitoring" finished-at="2025-08-08T12:18:16 IST" duration-ms="6311" status="PASS">
          <reporter-output>
          </reporter-output>
        </test-method> <!-- DataNexusMonitoring -->
        <test-method is-config="true" signature="tearDown()[pri:0, instance:testCases.Regression_Testing_Script@5e4fa1da]" started-at="2025-08-08T12:18:16 IST" name="tearDown" finished-at="2025-08-08T12:18:18 IST" duration-ms="1663" status="PASS">
          <reporter-output>
          </reporter-output>
        </test-method> <!-- tearDown -->
      </class> <!-- testCases.Regression_Testing_Script -->
    </test> <!-- Test -->
  </suite> <!-- Suite -->
</testng-results>
