<?xml version="1.0" encoding="UTF-8"?>
<!-- Generated by org.testng.reporters.JUnitReportReporter -->
<testsuite hostname="PSSLHPLP2698" failures="1" tests="12" name="testCases.Regression_Testing_Script" time="519.155" errors="0" timestamp="2025-11-05T16:32:43 IST" skipped="8">
  <testcase classname="testCases.Regression_Testing_Script" name="dataNexus" time="2.717"/>
  <testcase classname="testCases.Regression_Testing_Script" name="loginSetup" time="4.787"/>
  <testcase classname="testCases.Regression_Testing_Script" name="dataNexusHomePageNavigation" time="0.092"/>
  <testcase classname="testCases.Regression_Testing_Script" name="dataNexusHome" time="0.013">
    <skipped/>
  </testcase> <!-- dataNexusHome -->
  <testcase classname="testCases.Regression_Testing_Script" name="dataNexusConnection" time="0.008">
    <skipped/>
  </testcase> <!-- dataNexusConnection -->
  <testcase classname="testCases.Regression_Testing_Script" name="dataNexusIngestionPipeline" time="0.009">
    <skipped/>
  </testcase> <!-- dataNexusIngestionPipeline -->
  <testcase classname="testCases.Regression_Testing_Script" name="DataNexusOrchestrator" time="0.009">
    <skipped/>
  </testcase> <!-- DataNexusOrchestrator -->
  <testcase classname="testCases.Regression_Testing_Script" name="dataNeuxsTransformationPipeline" time="511.488">
    <failure message="null" type="java.lang.AssertionError">
      <![CDATA[java.lang.AssertionError: null
at org.testng.Assert.fail(Assert.java:111)
at org.testng.Assert.fail(Assert.java:116)
at pageObjects.basePage.isDialogHeaderPresent(basePage.java:539)
at testCases.Regression_Testing_Script.dataNeuxsTransformationPipeline(Regression_Testing_Script.java:469)
at java.base/jdk.internal.reflect.DirectMethodHandleAccessor.invoke(DirectMethodHandleAccessor.java:103)
at java.base/java.lang.reflect.Method.invoke(Method.java:580)
at org.testng.internal.invokers.MethodInvocationHelper.invokeMethod(MethodInvocationHelper.java:141)
at org.testng.internal.invokers.TestInvoker.invokeMethod(TestInvoker.java:687)
at org.testng.internal.invokers.TestInvoker.invokeTestMethod(TestInvoker.java:230)
at org.testng.internal.invokers.MethodRunner.runInSequence(MethodRunner.java:63)
at org.testng.internal.invokers.TestInvoker$MethodInvocationAgent.invoke(TestInvoker.java:995)
at org.testng.internal.invokers.TestInvoker.invokeTestMethods(TestInvoker.java:203)
at org.testng.internal.invokers.TestMethodWorker.invokeTestMethods(TestMethodWorker.java:154)
at org.testng.internal.invokers.TestMethodWorker.run(TestMethodWorker.java:134)
at java.base/java.util.ArrayList.forEach(ArrayList.java:1596)
at org.testng.TestRunner.privateRun(TestRunner.java:741)
at org.testng.TestRunner.run(TestRunner.java:616)
at org.testng.SuiteRunner.runTest(SuiteRunner.java:421)
at org.testng.SuiteRunner.runSequentially(SuiteRunner.java:413)
at org.testng.SuiteRunner.privateRun(SuiteRunner.java:373)
at org.testng.SuiteRunner.run(SuiteRunner.java:312)
at org.testng.SuiteRunnerWorker.runSuite(SuiteRunnerWorker.java:52)
at org.testng.SuiteRunnerWorker.run(SuiteRunnerWorker.java:95)
at org.testng.TestNG.runSuitesSequentially(TestNG.java:1274)
at org.testng.TestNG.runSuitesLocally(TestNG.java:1208)
at org.testng.TestNG.runSuites(TestNG.java:1112)
at org.testng.TestNG.run(TestNG.java:1079)
at org.testng.remote.AbstractRemoteTestNG.run(AbstractRemoteTestNG.java:115)
at org.testng.remote.RemoteTestNG.initAndRun(RemoteTestNG.java:293)
at org.testng.remote.RemoteTestNG.main(RemoteTestNG.java:91)
]]>
    </failure>
  </testcase> <!-- dataNeuxsTransformationPipeline -->
  <testcase classname="testCases.Regression_Testing_Script" name="dataNexusdataModel" time="0.014">
    <skipped/>
  </testcase> <!-- dataNexusdataModel -->
  <testcase classname="testCases.Regression_Testing_Script" name="DataNexusDataProfiler" time="0.003">
    <skipped/>
  </testcase> <!-- DataNexusDataProfiler -->
  <testcase classname="testCases.Regression_Testing_Script" name="DataNexusMonitoring" time="0.008">
    <skipped/>
  </testcase> <!-- DataNexusMonitoring -->
  <testcase classname="testCases.Regression_Testing_Script" name="DataNexusTenants" time="0.007">
    <skipped/>
  </testcase> <!-- DataNexusTenants -->
</testsuite> <!-- testCases.Regression_Testing_Script -->
