<?xml version="1.0" encoding="UTF-8"?>
<!-- Generated by org.testng.reporters.JUnitReportReporter -->
<testsuite hostname="PSSLHPLP2698" failures="0" tests="27" name="testCases.sanityTesting" time="4.494" errors="0" timestamp="2025-11-13T18:02:32 IST" skipped="26">
  <testcase classname="testCases.sanityTesting" name="LoginPage" time="4.436"/>
  <testcase classname="testCases.sanityTesting" name="landingPage" time="0.008">
    <skipped/>
  </testcase> <!-- landingPage -->
  <testcase classname="testCases.sanityTesting" name="workspaceListDataNexus" time="0.000">
    <skipped/>
  </testcase> <!-- workspaceListDataNexus -->
  <testcase classname="testCases.sanityTesting" name="dataNexusHome" time="0.005">
    <skipped/>
  </testcase> <!-- dataNexusHome -->
  <testcase classname="testCases.sanityTesting" name="dataNexusDataLake" time="0.000">
    <skipped/>
  </testcase> <!-- dataNexusDataLake -->
  <testcase classname="testCases.sanityTesting" name="dataNexusConnections" time="0.000">
    <skipped/>
  </testcase> <!-- dataNexusConnections -->
  <testcase classname="testCases.sanityTesting" name="dataNexusIngestionPipeline" time="0.000">
    <skipped/>
  </testcase> <!-- dataNexusIngestionPipeline -->
  <testcase classname="testCases.sanityTesting" name="dataNexusTransformationPipeline" time="0.004">
    <skipped/>
  </testcase> <!-- dataNexusTransformationPipeline -->
  <testcase classname="testCases.sanityTesting" name="dataNexusDataModel" time="0.000">
    <skipped/>
  </testcase> <!-- dataNexusDataModel -->
  <testcase classname="testCases.sanityTesting" name="dataNexusTransformationPipelineV2" time="0.000">
    <skipped/>
  </testcase> <!-- dataNexusTransformationPipelineV2 -->
  <testcase classname="testCases.sanityTesting" name="dataNexusOrchestrator" time="0.000">
    <skipped/>
  </testcase> <!-- dataNexusOrchestrator -->
  <testcase classname="testCases.sanityTesting" name="dataNexusDataProfiler" time="0.000">
    <skipped/>
  </testcase> <!-- dataNexusDataProfiler -->
  <testcase classname="testCases.sanityTesting" name="dataNexusDocumentParser" time="0.003">
    <skipped/>
  </testcase> <!-- dataNexusDocumentParser -->
  <testcase classname="testCases.sanityTesting" name="dataNexusMonitoring" time="0.000">
    <skipped/>
  </testcase> <!-- dataNexusMonitoring -->
  <testcase classname="testCases.sanityTesting" name="migrationCICD" time="0.003">
    <skipped/>
  </testcase> <!-- migrationCICD -->
  <testcase classname="testCases.sanityTesting" name="tenants" time="0.005">
    <skipped/>
  </testcase> <!-- tenants -->
  <testcase classname="testCases.sanityTesting" name="userManagement" time="0.000">
    <skipped/>
  </testcase> <!-- userManagement -->
  <testcase classname="testCases.sanityTesting" name="workspaceListMDM" time="0.007">
    <skipped/>
  </testcase> <!-- workspaceListMDM -->
  <testcase classname="testCases.sanityTesting" name="MDMOverview" time="0.000">
    <skipped/>
  </testcase> <!-- MDMOverview -->
  <testcase classname="testCases.sanityTesting" name="MDMEntity" time="0.001">
    <skipped/>
  </testcase> <!-- MDMEntity -->
  <testcase classname="testCases.sanityTesting" name="MDMTaxonomy" time="0.003">
    <skipped/>
  </testcase> <!-- MDMTaxonomy -->
  <testcase classname="testCases.sanityTesting" name="MDMMasters" time="0.000">
    <skipped/>
  </testcase> <!-- MDMMasters -->
  <testcase classname="testCases.sanityTesting" name="MDMIntegration" time="0.000">
    <skipped/>
  </testcase> <!-- MDMIntegration -->
  <testcase classname="testCases.sanityTesting" name="MDMDataQuality" time="0.009">
    <skipped/>
  </testcase> <!-- MDMDataQuality -->
  <testcase classname="testCases.sanityTesting" name="AuditLogs" time="0.000">
    <skipped/>
  </testcase> <!-- AuditLogs -->
  <testcase classname="testCases.sanityTesting" name="logout" time="0.000">
    <skipped/>
  </testcase> <!-- logout -->
  <testcase classname="testCases.sanityTesting" name="UserManagement" time="0.010">
    <skipped/>
  </testcase> <!-- UserManagement -->
</testsuite> <!-- testCases.sanityTesting -->
