<?xml version="1.0" encoding="UTF-8"?>
<!-- Generated by org.testng.reporters.JUnitReportReporter -->
<testsuite hostname="PSSLHPLP2698" failures="0" tests="47" name="testCases.ChatBot" time="3192.167" errors="0" timestamp="2025-07-07T15:11:03 IST" skipped="0">
  <testcase classname="testCases.ChatBot" name="questionsValidation" time="54.763"/>
  <testcase classname="testCases.ChatBot" name="questionsValidation" time="73.325"/>
  <testcase classname="testCases.ChatBot" name="questionsValidation" time="62.434"/>
  <testcase classname="testCases.ChatBot" name="questionsValidation" time="75.214"/>
  <testcase classname="testCases.ChatBot" name="questionsValidation" time="57.709"/>
  <testcase classname="testCases.ChatBot" name="questionsValidation" time="70.617"/>
  <testcase classname="testCases.ChatBot" name="questionsValidation" time="78.868"/>
  <testcase classname="testCases.ChatBot" name="questionsValidation" time="105.330"/>
  <testcase classname="testCases.ChatBot" name="questionsValidation" time="60.229"/>
  <testcase classname="testCases.ChatBot" name="questionsValidation" time="84.405"/>
  <testcase classname="testCases.ChatBot" name="questionsValidation" time="74.181"/>
  <testcase classname="testCases.ChatBot" name="questionsValidation" time="57.077"/>
  <testcase classname="testCases.ChatBot" name="questionsValidation" time="69.828"/>
  <testcase classname="testCases.ChatBot" name="questionsValidation" time="50.575"/>
  <testcase classname="testCases.ChatBot" name="questionsValidation" time="59.886"/>
  <testcase classname="testCases.ChatBot" name="questionsValidation" time="61.725"/>
  <testcase classname="testCases.ChatBot" name="questionsValidation" time="76.520"/>
  <testcase classname="testCases.ChatBot" name="questionsValidation" time="69.744"/>
  <testcase classname="testCases.ChatBot" name="questionsValidation" time="57.592"/>
  <testcase classname="testCases.ChatBot" name="questionsValidation" time="74.366"/>
  <testcase classname="testCases.ChatBot" name="questionsValidation" time="58.558"/>
  <testcase classname="testCases.ChatBot" name="questionsValidation" time="59.679"/>
  <testcase classname="testCases.ChatBot" name="questionsValidation" time="86.672"/>
  <testcase classname="testCases.ChatBot" name="questionsValidation" time="94.547"/>
  <testcase classname="testCases.ChatBot" name="questionsValidation" time="71.568"/>
  <testcase classname="testCases.ChatBot" name="questionsValidation" time="55.594"/>
  <testcase classname="testCases.ChatBot" name="questionsValidation" time="60.658"/>
  <testcase classname="testCases.ChatBot" name="questionsValidation" time="66.861"/>
  <testcase classname="testCases.ChatBot" name="questionsValidation" time="70.347"/>
  <testcase classname="testCases.ChatBot" name="questionsValidation" time="62.044"/>
  <testcase classname="testCases.ChatBot" name="questionsValidation" time="92.949"/>
  <testcase classname="testCases.ChatBot" name="questionsValidation" time="56.677"/>
  <testcase classname="testCases.ChatBot" name="questionsValidation" time="80.813"/>
  <testcase classname="testCases.ChatBot" name="questionsValidation" time="69.555"/>
  <testcase classname="testCases.ChatBot" name="questionsValidation" time="87.360"/>
  <testcase classname="testCases.ChatBot" name="questionsValidation" time="62.831"/>
  <testcase classname="testCases.ChatBot" name="questionsValidation" time="83.189"/>
  <testcase classname="testCases.ChatBot" name="questionsValidation" time="88.810"/>
  <testcase classname="testCases.ChatBot" name="questionsValidation" time="76.304"/>
  <testcase classname="testCases.ChatBot" name="questionsValidation" time="73.451"/>
  <testcase classname="testCases.ChatBot" name="questionsValidation" time="84.523"/>
  <testcase classname="testCases.ChatBot" name="questionsValidation" time="54.845"/>
  <testcase classname="testCases.ChatBot" name="questionsValidation" time="79.196"/>
  <testcase classname="testCases.ChatBot" name="questionsValidation" time="60.246"/>
  <testcase classname="testCases.ChatBot" name="questionsValidation" time="67.946"/>
  <testcase classname="testCases.ChatBot" name="calidateChatBot" time="6.511"/>
  <testcase classname="testCases.ChatBot" name="calidateChatBot" time="6.045"/>
</testsuite> <!-- testCases.ChatBot -->
