<?xml version="1.0" encoding="UTF-8"?>
<!-- Generated by org.testng.reporters.JUnitReportReporter -->
<testsuite hostname="PSSLHPLP2698" failures="0" tests="10" name="testCases.Regression_Testing_Script" time="22.687" errors="0" timestamp="2025-08-08T12:18:20 IST" skipped="6">
  <testcase classname="testCases.Regression_Testing_Script" name="dataNexus" time="3.384"/>
  <testcase classname="testCases.Regression_Testing_Script" name="loginSetup" time="10.578"/>
  <testcase classname="testCases.Regression_Testing_Script" name="dataNexusHomePageNavigation" time="2.325"/>
  <testcase classname="testCases.Regression_Testing_Script" name="dataNexusHome" time="0.010">
    <skipped/>
  </testcase> <!-- dataNexusHome -->
  <testcase classname="testCases.Regression_Testing_Script" name="dataNexusConnection" time="0.013">
    <skipped/>
  </testcase> <!-- dataNexusConnection -->
  <testcase classname="testCases.Regression_Testing_Script" name="dataNexusIngestionPipeline" time="0.015">
    <skipped/>
  </testcase> <!-- dataNexusIngestionPipeline -->
  <testcase classname="testCases.Regression_Testing_Script" name="DataNexusOrchestrator" time="0.016">
    <skipped/>
  </testcase> <!-- DataNexusOrchestrator -->
  <testcase classname="testCases.Regression_Testing_Script" name="dataNexusdataModel" time="0.021">
    <skipped/>
  </testcase> <!-- dataNexusdataModel -->
  <testcase classname="testCases.Regression_Testing_Script" name="DataNexusDataProfiler" time="0.012">
    <skipped/>
  </testcase> <!-- DataNexusDataProfiler -->
  <testcase classname="testCases.Regression_Testing_Script" name="DataNexusMonitoring" time="6.313"/>
</testsuite> <!-- testCases.Regression_Testing_Script -->
