<?xml version="1.0" encoding="UTF-8"?>
<!-- Generated by org.testng.reporters.JUnitReportReporter -->
<testsuite hostname="PSSLHPLP2698" failures="0" tests="6" name="testCases.sanityTesting" time="257.039" errors="0" timestamp="2025-08-04T14:55:30 IST" skipped="0">
  <testcase classname="testCases.sanityTesting" name="loginPage" time="3.096"/>
  <testcase classname="testCases.sanityTesting" name="landingPage" time="1.150"/>
  <testcase classname="testCases.sanityTesting" name="workspaceListDataNexus" time="7.134"/>
  <testcase classname="testCases.sanityTesting" name="dataNexus" time="118.344"/>
  <testcase classname="testCases.sanityTesting" name="workspaceListMDM" time="13.821"/>
  <testcase classname="testCases.sanityTesting" name="MDM_Sanity" time="113.494"/>
</testsuite> <!-- testCases.sanityTesting -->
